have_header: checking for locale.h... -------------------- yes

LD_LIBRARY_PATH=.:/usr/lib "gcc -o conftest -I/usr/include/ruby-3.3.0/x86_64-linux -I/usr/include/ruby-3.3.0/ruby/backward -I/usr/include/ruby-3.3.0 -I.    -march=x86-64 -mtune=generic -O2 -pipe -fno-plt -fexceptions         -Wp,-D_FORTIFY_SOURCE=2 -Wformat -Werror=format-security         -fstack-clash-protection -fcf-protection         -fno-omit-frame-pointer -mno-omit-leaf-frame-pointer -g -ffile-prefix-map=/build/ruby/src=/usr/src/debug/ruby -flto=auto -fPIC conftest.c  -L. -L/usr/lib -L. -Wl,-O1 -Wl,--sort-common -Wl,--as-needed -Wl,-z,relro -Wl,-z,now          -Wl,-z,pack-relative-relocs -flto=auto -fstack-protector-strong -rdynamic -Wl,-export-dynamic -Wl,--no-as-needed     -lruby  -lm -lpthread  -lc"
checked program was:
/* begin */
1: #include "ruby.h"
2: 
3: int main(int argc, char **argv)
4: {
5:   return !!argv[argc];
6: }
/* end */

LD_LIBRARY_PATH=.:/usr/lib "gcc -I/usr/include/ruby-3.3.0/x86_64-linux -I/usr/include/ruby-3.3.0/ruby/backward -I/usr/include/ruby-3.3.0 -I.    -march=x86-64 -mtune=generic -O2 -pipe -fno-plt -fexceptions         -Wp,-D_FORTIFY_SOURCE=2 -Wformat -Werror=format-security         -fstack-clash-protection -fcf-protection         -fno-omit-frame-pointer -mno-omit-leaf-frame-pointer -g -ffile-prefix-map=/build/ruby/src=/usr/src/debug/ruby -flto=auto -fPIC   -c conftest.c"
checked program was:
/* begin */
1: #include "ruby.h"
2: 
3: #include <locale.h>
/* end */

--------------------

have_func: checking for setlocale()... -------------------- yes

LD_LIBRARY_PATH=.:/usr/lib "gcc -o conftest -I/usr/include/ruby-3.3.0/x86_64-linux -I/usr/include/ruby-3.3.0/ruby/backward -I/usr/include/ruby-3.3.0 -I.    -march=x86-64 -mtune=generic -O2 -pipe -fno-plt -fexceptions         -Wp,-D_FORTIFY_SOURCE=2 -Wformat -Werror=format-security         -fstack-clash-protection -fcf-protection         -fno-omit-frame-pointer -mno-omit-leaf-frame-pointer -g -ffile-prefix-map=/build/ruby/src=/usr/src/debug/ruby -flto=auto -fPIC conftest.c  -L. -L/usr/lib -L. -Wl,-O1 -Wl,--sort-common -Wl,--as-needed -Wl,-z,relro -Wl,-z,now          -Wl,-z,pack-relative-relocs -flto=auto -fstack-protector-strong -rdynamic -Wl,-export-dynamic -Wl,--no-as-needed     -lruby  -lm -lpthread  -lc"
conftest.c: In function ‘t’:
conftest.c:14:57: error: ‘setlocale’ undeclared (first use in this function)
   14 | int t(void) { void ((*volatile p)()); p = (void ((*)()))setlocale; return !p; }
      |                                                         ^~~~~~~~~
conftest.c:14:57: note: each undeclared identifier is reported only once for each function it appears in
checked program was:
/* begin */
 1: #include "ruby.h"
 2: 
 3: /*top*/
 4: extern int t(void);
 5: int main(int argc, char **argv)
 6: {
 7:   if (argc > 1000000) {
 8:     int (* volatile tp)(void)=(int (*)(void))&t;
 9:     printf("%d", (*tp)());
10:   }
11: 
12:   return !!argv[argc];
13: }
14: int t(void) { void ((*volatile p)()); p = (void ((*)()))setlocale; return !p; }
/* end */

LD_LIBRARY_PATH=.:/usr/lib "gcc -o conftest -I/usr/include/ruby-3.3.0/x86_64-linux -I/usr/include/ruby-3.3.0/ruby/backward -I/usr/include/ruby-3.3.0 -I.    -march=x86-64 -mtune=generic -O2 -pipe -fno-plt -fexceptions         -Wp,-D_FORTIFY_SOURCE=2 -Wformat -Werror=format-security         -fstack-clash-protection -fcf-protection         -fno-omit-frame-pointer -mno-omit-leaf-frame-pointer -g -ffile-prefix-map=/build/ruby/src=/usr/src/debug/ruby -flto=auto -fPIC conftest.c  -L. -L/usr/lib -L. -Wl,-O1 -Wl,--sort-common -Wl,--as-needed -Wl,-z,relro -Wl,-z,now          -Wl,-z,pack-relative-relocs -flto=auto -fstack-protector-strong -rdynamic -Wl,-export-dynamic -Wl,--no-as-needed     -lruby  -lm -lpthread  -lc"
checked program was:
/* begin */
 1: #include "ruby.h"
 2: 
 3: /*top*/
 4: extern int t(void);
 5: int main(int argc, char **argv)
 6: {
 7:   if (argc > 1000000) {
 8:     int (* volatile tp)(void)=(int (*)(void))&t;
 9:     printf("%d", (*tp)());
10:   }
11: 
12:   return !!argv[argc];
13: }
14: extern void setlocale();
15: int t(void) { setlocale(); return 0; }
/* end */

--------------------

have_func: checking for strcoll()... -------------------- yes

LD_LIBRARY_PATH=.:/usr/lib "gcc -o conftest -I/usr/include/ruby-3.3.0/x86_64-linux -I/usr/include/ruby-3.3.0/ruby/backward -I/usr/include/ruby-3.3.0 -I.    -march=x86-64 -mtune=generic -O2 -pipe -fno-plt -fexceptions         -Wp,-D_FORTIFY_SOURCE=2 -Wformat -Werror=format-security         -fstack-clash-protection -fcf-protection         -fno-omit-frame-pointer -mno-omit-leaf-frame-pointer -g -ffile-prefix-map=/build/ruby/src=/usr/src/debug/ruby -flto=auto -fPIC conftest.c  -L. -L/usr/lib -L. -Wl,-O1 -Wl,--sort-common -Wl,--as-needed -Wl,-z,relro -Wl,-z,now          -Wl,-z,pack-relative-relocs -flto=auto -fstack-protector-strong -rdynamic -Wl,-export-dynamic -Wl,--no-as-needed     -lruby  -lm -lpthread  -lc"
checked program was:
/* begin */
 1: #include "ruby.h"
 2: 
 3: /*top*/
 4: extern int t(void);
 5: int main(int argc, char **argv)
 6: {
 7:   if (argc > 1000000) {
 8:     int (* volatile tp)(void)=(int (*)(void))&t;
 9:     printf("%d", (*tp)());
10:   }
11: 
12:   return !!argv[argc];
13: }
14: int t(void) { void ((*volatile p)()); p = (void ((*)()))strcoll; return !p; }
/* end */

--------------------

have_func: checking for strxfrm()... -------------------- yes

LD_LIBRARY_PATH=.:/usr/lib "gcc -o conftest -I/usr/include/ruby-3.3.0/x86_64-linux -I/usr/include/ruby-3.3.0/ruby/backward -I/usr/include/ruby-3.3.0 -I.    -march=x86-64 -mtune=generic -O2 -pipe -fno-plt -fexceptions         -Wp,-D_FORTIFY_SOURCE=2 -Wformat -Werror=format-security         -fstack-clash-protection -fcf-protection         -fno-omit-frame-pointer -mno-omit-leaf-frame-pointer -g -ffile-prefix-map=/build/ruby/src=/usr/src/debug/ruby -flto=auto -fPIC conftest.c  -L. -L/usr/lib -L. -Wl,-O1 -Wl,--sort-common -Wl,--as-needed -Wl,-z,relro -Wl,-z,now          -Wl,-z,pack-relative-relocs -flto=auto -fstack-protector-strong -rdynamic -Wl,-export-dynamic -Wl,--no-as-needed     -lruby  -lm -lpthread  -lc"
checked program was:
/* begin */
 1: #include "ruby.h"
 2: 
 3: /*top*/
 4: extern int t(void);
 5: int main(int argc, char **argv)
 6: {
 7:   if (argc > 1000000) {
 8:     int (* volatile tp)(void)=(int (*)(void))&t;
 9:     printf("%d", (*tp)());
10:   }
11: 
12:   return !!argv[argc];
13: }
14: int t(void) { void ((*volatile p)()); p = (void ((*)()))strxfrm; return !p; }
/* end */

--------------------

