05/03/25 (12:39:04) | ERROR: [Errno 2] No such file or directory: '/home/kirk/.config/bpytop/themes'
Traceback (most recent call last):
  File "/usr/bin/bpytop", line 1357, in refresh
    for f in os.listdir(d):
             ~~~~~~~~~~^^^
FileNotFoundError: [Errno 2] No such file or directory: '/home/kirk/.config/bpytop/themes'
09/03/25 (01:35:27) | ERROR: [Errno 2] No such file or directory: '/home/kirk/.config/bpytop/themes'
Traceback (most recent call last):
  File "/usr/bin/bpytop", line 1357, in refresh
    for f in os.listdir(d):
             ~~~~~~~~~~^^^
FileNotFoundError: [Errno 2] No such file or directory: '/home/kirk/.config/bpytop/themes'
11/03/25 (12:20:50) | ERROR: [Errno 2] No such file or directory: '/home/kirk/.config/bpytop/themes'
Traceback (most recent call last):
  File "/usr/bin/bpytop", line 1357, in refresh
    for f in os.listdir(d):
             ~~~~~~~~~~^^^
FileNotFoundError: [Errno 2] No such file or directory: '/home/kirk/.config/bpytop/themes'
01/10/25 (00:44:23) | ERROR: [Errno 2] No such file or directory: '/home/kirk/.config/bpytop/themes'
Traceback (most recent call last):
  File "/usr/bin/bpytop", line 1357, in refresh
    for f in os.listdir(d):
             ~~~~~~~~~~^^^
FileNotFoundError: [Errno 2] No such file or directory: '/home/kirk/.config/bpytop/themes'
01/10/25 (00:45:47) | ERROR: [Errno 2] No such file or directory: '/home/kirk/.config/bpytop/themes'
Traceback (most recent call last):
  File "/usr/bin/bpytop", line 1357, in refresh
    for f in os.listdir(d):
             ~~~~~~~~~~^^^
FileNotFoundError: [Errno 2] No such file or directory: '/home/kirk/.config/bpytop/themes'
01/10/25 (02:36:38) | ERROR: [Errno 2] No such file or directory: '/home/kirk/.config/bpytop/themes'
Traceback (most recent call last):
  File "/usr/bin/bpytop", line 1357, in refresh
    for f in os.listdir(d):
             ~~~~~~~~~~^^^
FileNotFoundError: [Errno 2] No such file or directory: '/home/kirk/.config/bpytop/themes'
23/11/25 (11:46:42) | ERROR: [Errno 2] No such file or directory: '/home/kirk/.config/bpytop/themes'
Traceback (most recent call last):
  File "/usr/bin/bpytop", line 1357, in refresh
    for f in os.listdir(d):
             ~~~~~~~~~~^^^
FileNotFoundError: [Errno 2] No such file or directory: '/home/kirk/.config/bpytop/themes'
23/11/25 (11:46:44) | ERROR: [Errno 2] No such file or directory: '/home/kirk/.config/bpytop/themes'
Traceback (most recent call last):
  File "/usr/bin/bpytop", line 1357, in refresh
    for f in os.listdir(d):
             ~~~~~~~~~~^^^
FileNotFoundError: [Errno 2] No such file or directory: '/home/kirk/.config/bpytop/themes'
21/01/26 (12:34:23) | ERROR: [Errno 2] No such file or directory: '/home/kirk/.config/bpytop/themes'
Traceback (most recent call last):
  File "/usr/bin/bpytop", line 1357, in refresh
    for f in os.listdir(d):
             ~~~~~~~~~~^^^
FileNotFoundError: [Errno 2] No such file or directory: '/home/kirk/.config/bpytop/themes'
07/02/26 (06:36:50) | ERROR: [Errno 2] No such file or directory: '/home/kirk/.config/bpytop/themes'
Traceback (most recent call last):
  File "/usr/bin/bpytop", line 1357, in refresh
    for f in os.listdir(d):
             ~~~~~~~~~~^^^
FileNotFoundError: [Errno 2] No such file or directory: '/home/kirk/.config/bpytop/themes'
25/03/26 (21:38:59) | ERROR: [Errno 2] No such file or directory: '/home/kirk/.config/bpytop/themes'
Traceback (most recent call last):
  File "/usr/bin/bpytop", line 1357, in refresh
    for f in os.listdir(d):
             ~~~~~~~~~~^^^
FileNotFoundError: [Errno 2] No such file or directory: '/home/kirk/.config/bpytop/themes'
25/03/26 (22:35:34) | ERROR: [Errno 2] No such file or directory: '/home/kirk/.config/bpytop/themes'
Traceback (most recent call last):
  File "/usr/bin/bpytop", line 1357, in refresh
    for f in os.listdir(d):
             ~~~~~~~~~~^^^
FileNotFoundError: [Errno 2] No such file or directory: '/home/kirk/.config/bpytop/themes'
26/03/26 (22:41:58) | ERROR: [Errno 2] No such file or directory: '/home/kirk/.config/bpytop/themes'
Traceback (most recent call last):
  File "/usr/bin/bpytop", line 1357, in refresh
    for f in os.listdir(d):
             ~~~~~~~~~~^^^
FileNotFoundError: [Errno 2] No such file or directory: '/home/kirk/.config/bpytop/themes'
26/03/26 (23:50:21) | ERROR: [Errno 2] No such file or directory: '/home/kirk/.config/bpytop/themes'
Traceback (most recent call last):
  File "/usr/bin/bpytop", line 1357, in refresh
    for f in os.listdir(d):
             ~~~~~~~~~~^^^
FileNotFoundError: [Errno 2] No such file or directory: '/home/kirk/.config/bpytop/themes'
27/03/26 (02:12:44) | ERROR: [Errno 2] No such file or directory: '/home/kirk/.config/bpytop/themes'
Traceback (most recent call last):
  File "/usr/bin/bpytop", line 1357, in refresh
    for f in os.listdir(d):
             ~~~~~~~~~~^^^
FileNotFoundError: [Errno 2] No such file or directory: '/home/kirk/.config/bpytop/themes'
