[H[J[3J
Hyprgruv


[38;2;69;133;136m[INFO][0m Welcome to Hyprland Gruvbox Installation!
[38;2;69;133;136m[INFO][0m Logs will be saved to: /home/kirk/.hyprgruv/assets/logs/install_20260612_032854.log

[H[J[3J
Preflight: Hyprland base

[38;2;69;133;136m[INFO][0m Virtual machine / hypervisor detected: qemu (guest tools + boot tweaks will be applied)
[38;2;69;133;136m[INFO][0m Running preflight checks for Hyprland base…
error: could not register 'multilib' database (database already registered)
:: Synchronizing package databases...
 core downloading...
 extra downloading...
 multilib downloading...
 chaotic-aur downloading...
:: Starting full system upgrade...
 there is nothing to do
[38;2;69;133;136m[INFO][0m Detected GPU vendor: generic
[38;2;69;133;136m[INFO][0m Refreshing package databases
error: could not register 'multilib' database (database already registered)
:: Synchronizing package databases...
 core downloading...
 extra downloading...
 multilib downloading...
 chaotic-aur downloading...
:: Starting full system upgrade...
 there is nothing to do
[38;2;69;133;136m[INFO][0m Installing core packages
error: could not register 'multilib' database (database already registered)
resolving dependencies...
looking for conflicting packages...

Packages (2) libmtp-1.1.23-1  gvfs-mtp-1.60.0-2

Total Download Size:   0.64 MiB
Total Installed Size:  5.51 MiB

:: Proceed with installation? [Y/n] 
:: Retrieving packages...
 libmtp-1.1.23-1-x86_64 downloading...
 gvfs-mtp-1.60.0-2-x86_64 downloading...
checking keyring...
checking package integrity...
loading package files...
checking for file conflicts...
checking available disk space...
:: Processing package changes...
installing libmtp...
installing gvfs-mtp...
:: Running post-transaction hooks...
(1/5) Updating udev hardware database...
(2/5) Reloading user manager configuration...
(3/5) Reloading device manager configuration...
(4/5) Arming ConditionNeedsUpdate...
(5/5) Reloading GVFS config...
[38;2;69;133;136m[INFO][0m Installing GPU packages
[38;2;69;133;136m[INFO][0m Installing 32-bit GPU packages (multilib)
error: could not register 'multilib' database (database already registered)
resolving dependencies...
looking for conflicting packages...

Packages (48) lib32-brotli-1.1.0-1  lib32-bzip2-1.0.8-4  lib32-curl-8.20.0-7  lib32-e2fsprogs-1.47.4-1  lib32-expat-2.8.1-1  lib32-gcc-libs-16.1.1+r12+g301eb08fa2c5-1  lib32-glibc-2.43+r22+g8362e8ce10b2-2  lib32-gmp-6.3.0-2  lib32-gnutls-3.8.13-3  lib32-icu-78.3-1  lib32-json-c-0.18-2  lib32-keyutils-1.6.3-4  lib32-krb5-1.22.2-1  lib32-libdrm-2.4.134-1  lib32-libelf-0.195-1  lib32-libffi-3.5.2-1  lib32-libglvnd-1.7.0-1  lib32-libidn2-2.3.8-1  lib32-libldap-2.6.13-1  lib32-libnghttp2-1.69.0-1  lib32-libnghttp3-1.16.0-1  lib32-libngtcp2-1.23.0-1  lib32-libpciaccess-0.19-1  lib32-libpsl-0.21.5-1  lib32-libssh2-1.11.1-1  lib32-libtasn1-4.21.0-1  lib32-libunistring-1.4.2-1  lib32-libx11-1.8.13-1  lib32-libxau-1.0.12-1  lib32-libxcb-1.17.0-1  lib32-libxcrypt-4.5.2-1  lib32-libxdmcp-1.1.5-1  lib32-libxext-1.3.7-1  lib32-libxml2-2.15.3-1  lib32-libxshmfence-1.3.3-1  lib32-libxxf86vm-1.1.5-2  lib32-llvm-libs-1:22.1.6-1  lib32-lm_sensors-1:3.6.2-2  lib32-ncurses-6.6-2  lib32-nettle-4.0-2  lib32-openssl-1:3.6.3-1  lib32-p11-kit-0.26.2-1  lib32-spirv-tools-1:1.4.350.0-1  lib32-wayland-1.25.0-1  lib32-xz-5.8.3-1  lib32-zlib-1.3.2-1  lib32-zstd-1.5.7-2  lib32-mesa-1:26.1.2-1

Total Download Size:    92.30 MiB
Total Installed Size:  358.24 MiB

:: Proceed with installation? [Y/n] 
:: Retrieving packages...
 lib32-llvm-libs-1:22.1.6-1-x86_64 downloading...
 lib32-mesa-1:26.1.2-1-x86_64 downloading...
 lib32-icu-78.3-1-x86_64 downloading...
 lib32-gcc-libs-16.1.1+r12+g301eb08fa2c5-1-x86_64 downloading...
 lib32-glibc-2.43+r22+g8362e8ce10b2-2-x86_64 downloading...
 lib32-openssl-1:3.6.3-1-x86_64 downloading...
 lib32-spirv-tools-1:1.4.350.0-1-x86_64 downloading...
 lib32-gnutls-3.8.13-3-x86_64 downloading...
 lib32-krb5-1.22.2-1-x86_64 downloading...
 lib32-libx11-1.8.13-1-x86_64 downloading...
 lib32-libunistring-1.4.2-1-x86_64 downloading...
 lib32-libxml2-2.15.3-1-x86_64 downloading...
 lib32-p11-kit-0.26.2-1-x86_64 downloading...
 lib32-curl-8.20.0-7-x86_64 downloading...
 lib32-brotli-1.1.0-1-x86_64 downloading...
 lib32-nettle-4.0-2-x86_64 downloading...
 lib32-zstd-1.5.7-2-x86_64 downloading...
 lib32-libelf-0.195-1-x86_64 downloading...
 lib32-gmp-6.3.0-2-x86_64 downloading...
 lib32-e2fsprogs-1.47.4-1-x86_64 downloading...
 lib32-ncurses-6.6-2-x86_64 downloading...
 lib32-libglvnd-1.7.0-1-x86_64 downloading...
 lib32-libngtcp2-1.23.0-1-x86_64 downloading...
 lib32-libxcb-1.17.0-1-x86_64 downloading...
 lib32-libldap-2.6.13-1-x86_64 downloading...
 lib32-libdrm-2.4.134-1-x86_64 downloading...
 lib32-libssh2-1.11.1-1-x86_64 downloading...
 lib32-xz-5.8.3-1-x86_64 downloading...
 lib32-expat-2.8.1-1-x86_64 downloading...
 lib32-libxcrypt-4.5.2-1-x86_64 downloading...
 lib32-libnghttp3-1.16.0-1-x86_64 downloading...
 lib32-libnghttp2-1.69.0-1-x86_64 downloading...
 lib32-wayland-1.25.0-1-x86_64 downloading...
 lib32-libpsl-0.21.5-1-x86_64 downloading...
 lib32-libidn2-2.3.8-1-x86_64 downloading...
 lib32-zlib-1.3.2-1-x86_64 downloading...
 lib32-libtasn1-4.21.0-1-x86_64 downloading...
 lib32-json-c-0.18-2-x86_64 downloading...
 lib32-bzip2-1.0.8-4-x86_64 downloading...
 lib32-libxext-1.3.7-1-x86_64 downloading...
 lib32-lm_sensors-1:3.6.2-2-x86_64 downloading...
 lib32-libffi-3.5.2-1-x86_64 downloading...
 lib32-libpciaccess-0.19-1-x86_64 downloading...
 lib32-libxdmcp-1.1.5-1-x86_64 downloading...
 lib32-libxxf86vm-1.1.5-2-x86_64 downloading...
 lib32-keyutils-1.6.3-4-x86_64 downloading...
 lib32-libxau-1.0.12-1-x86_64 downloading...
 lib32-libxshmfence-1.3.3-1-x86_64 downloading...
checking keyring...
checking package integrity...
loading package files...
checking for file conflicts...
checking available disk space...
:: Processing package changes...
installing lib32-glibc...
installing lib32-expat...
installing lib32-gcc-libs...
installing lib32-zlib...
installing lib32-libpciaccess...
installing lib32-libdrm...
installing lib32-bzip2...
installing lib32-brotli...
installing lib32-e2fsprogs...
installing lib32-keyutils...
installing lib32-openssl...
Optional dependencies for lib32-openssl
    ca-certificates [installed]
installing lib32-libxcrypt...
installing lib32-libldap...
installing lib32-krb5...
installing lib32-libunistring...
installing lib32-libidn2...
installing lib32-libnghttp2...
installing lib32-libnghttp3...
installing lib32-gmp...
installing lib32-nettle...
installing lib32-libffi...
installing lib32-libtasn1...
installing lib32-p11-kit...
installing lib32-zstd...
installing lib32-gnutls...
installing lib32-libngtcp2...
installing lib32-libpsl...
installing lib32-libssh2...
installing lib32-curl...
installing lib32-json-c...
installing lib32-xz...
installing lib32-libelf...
installing lib32-libxdmcp...
installing lib32-libxau...
installing lib32-libxcb...
installing lib32-libx11...
installing lib32-libxext...
installing lib32-libglvnd...
installing lib32-libxshmfence...
installing lib32-libxxf86vm...
installing lib32-ncurses...
installing lib32-icu...
installing lib32-libxml2...
installing lib32-llvm-libs...
installing lib32-lm_sensors...
installing lib32-spirv-tools...
installing lib32-wayland...
installing lib32-mesa...
Optional dependencies for lib32-mesa
    opengl-man-pages: for the OpenGL API man pages
:: Running post-transaction hooks...
(1/1) Arming ConditionNeedsUpdate...
[38;2;69;133;136m[INFO][0m Installing optional terminals
error: could not register 'multilib' database (database already registered)
resolving dependencies...
looking for conflicting packages...

Packages (1) alacritty-0.17.0-1

Total Download Size:   2.48 MiB
Total Installed Size:  8.30 MiB

:: Proceed with installation? [Y/n] 
:: Retrieving packages...
 alacritty-0.17.0-1-x86_64 downloading...
checking keyring...
checking package integrity...
loading package files...
checking for file conflicts...
checking available disk space...
:: Processing package changes...
installing alacritty...
Optional dependencies for alacritty
    ncurses: for alacritty terminfo database [installed]
:: Running post-transaction hooks...
(1/2) Arming ConditionNeedsUpdate...
(2/2) Updating the desktop file MIME type cache...
[38;2;69;133;136m[INFO][0m Installing optional extras
error: could not register 'multilib' database (database already registered)
resolving dependencies...
looking for conflicting packages...

Packages (3) hyprlock-0.9.5-4  hyprpaper-0.8.4-2  swaybg-1.2.2-1

Total Download Size:   0.46 MiB
Total Installed Size:  1.31 MiB

:: Proceed with installation? [Y/n] 
:: Retrieving packages...
 hyprlock-0.9.5-4-x86_64 downloading...
 hyprpaper-0.8.4-2-x86_64 downloading...
 swaybg-1.2.2-1-x86_64 downloading...
checking keyring...
checking package integrity...
loading package files...
checking for file conflicts...
checking available disk space...
:: Processing package changes...
installing swaybg...
installing hyprpaper...
installing hyprlock...
:: Running post-transaction hooks...
(1/2) Reloading user manager configuration...
(2/2) Arming ConditionNeedsUpdate...
[38;2;69;133;136m[INFO][0m Enabling services
[38;2;142;192;124m[SUCCESS][0m Preflight check completed.
[38;2;142;192;124m[SUCCESS][0m Preflight: Hyprland base completed successfully
[38;2;69;133;136m[INFO][0m Skipping Install packages (already completed)
[38;2;69;133;136m[INFO][0m Skipping Stow configuration (already completed)
[38;2;69;133;136m[INFO][0m Skipping Setup system (already completed)
[38;2;69;133;136m[INFO][0m Ensuring interactive prerequisites (gum, zsh) are present...
[38;2;69;133;136m[INFO][0m Running full interactive configuration (monitors, GRUB, cleanup, shell, etc.)...
[38;2;69;133;136m[INFO][0m Virtual machine / hypervisor detected: qemu (guest tools + boot tweaks will be applied)


SDDM

[?25l[?2004h   🍬   Install Sugar-Candy SDDM theme?
                                       
    Yes        No                      
                                       
←→ toggle • enter submit • y Yes • n No[D[4A [J[D[2K[?2004l[?25h[?1002l[?1003l[?1006lConfiguring SDDM theme…
[38;2;69;133;136m[INFO][0m Starting: Sugar-Candy SDDM Theme
[38;2;69;133;136m[INFO][0m Virtual machine / hypervisor detected: qemu (guest tools + boot tweaks will be applied)

SDDM: Sugar Candy Theme

[38;2;69;133;136m[INFO][0m Preparing target directories…
[38;2;69;133;136m[INFO][0m Removing conflicting SDDM drop-in configs (EndeavourOS remnants, KDE settings, etc.)
[38;2;69;133;136m[INFO][0m Installing theme to /usr/share/sddm/themes/sugar-candy
[38;2;69;133;136m[INFO][0m Setting SDDM theme in /etc/sddm.conf.d/10-theme.conf
[38;2;69;133;136m[INFO][0m Ensuring SDDM uses X11 greeter (best compatibility, including VMs)
[38;2;142;192;124m[SUCCESS][0m Sugar Candy theme installed and configured
[38;2;69;133;136m[INFO][0m Ensuring sddm.service is enabled and graphical.target is default
SDDM theme installation complete.
You can test with:  sudo sddm --test-mode
To exit the test, press Ctrl+C.
[38;2;142;192;124m[SUCCESS][0m Sugar-Candy SDDM Theme completed
[H[J[3J

Monitors

[?25l[?2004h   🖥️   Configure monitor setup?       
                                       
    Yes        No                      
                                       
←→ toggle • enter submit • y Yes • n No[D[4A [J[D[2K[?2004l[?25h[?1002l[?1003l[?1006lMonitor setup skipped.
[H[J[3J

Grub

[?25l[?2004h   🪱   Configure GRUB theme?          
                                       
    Yes        No                      
                                       
←→ toggle • enter submit • y Yes • n No[D[4A [J[D[2K[?2004l[?25h[?1002l[?1003l[?1006lStarting GRUB setup…
[38;2;69;133;136m[INFO][0m Starting: GRUB Theme
[38;2;69;133;136m[INFO][0m Virtual machine / hypervisor detected: qemu (guest tools + boot tweaks will be applied)

GRUB Theme (Tartarus)

[38;2;69;133;136m[INFO][0m VM detected — applying GRUB boot compatibility tweaks for reliable SDDM/greeter startup
[38;2;142;192;124m[SUCCESS][0m VM GRUB compatibility settings applied (nomodeset + menu visible)
[38;2;69;133;136m[INFO][0m Installing theme into: /usr/share/grub/themes/tartarus
[38;2;69;133;136m[INFO][0m Backed up /etc/default/grub to /etc/default/grub.bak.20260612_032935
[38;2;69;133;136m[INFO][0m Merging GRUB_THEME from asset file
[38;2;69;133;136m[INFO][0m Rebuilding GRUB configuration
/etc/default/grub: line 6: nomodeset: command not found
[38;2;215;153;33m[WARNING][0m 04-config.sh finished (some steps may have been skipped)
[38;2;69;133;136m[INFO][0m Choosing default terminal / browser / editor...
                                                        
  ╔══════════════════════════════════════════════════╗  
  ║                                                  ║  
  ║                                                  ║  
  ║               Set Default Programs               ║  
  ║                                                  ║  
  ║                                                  ║  
  ╚══════════════════════════════════════════════════╝  
                                                        
[?25l[?2004hChoose:                     
> kitty                     
  alacritty                 
  wezterm                   
  foot                      
  other                     
                            
                            
←↓↑→ navigate • enter submit[D[8A [J[D[2K[?2004l[?25h[?1002l[?1003l[?1006l[?25l[?2004hChoose:                     
> firefox                   
  chromium                  
  chrome                    
  brave                     
  other                     
                            
                            
←↓↑→ navigate • enter submit[D[8A [J[D[2K[?2004l[?25h[?1002l[?1003l[?1006l[?25l[?2004hChoose:                     
> nvim                      
  vim                       
  nano                      
  other                     
                            
                            
←↓↑→ navigate • enter submit[D[7A [J[D[2K[?2004l[?25h[?1002l[?1003l[?1006lDefaults set: Terminal=kitty, Browser=firefox, Editor=nvim

Summary

[38;2;142;192;124m[SUCCESS][0m Installation completed successfully!
Completed steps:
  ✅ Install packages
  ✅ Install packages
  ✅ Stow configuration
  ✅ Setup system
  ✅ Setup system
  ✅ Interactive config
  ✅ Preflight
  ✅ Preflight: Hyprland base

   Hyprland Gruvbox Installation is Complete !!
        A list of common helpful keybinds is below:
  Win + ENTER         Kitty Terminal
  Win + B             Brave Browser
  Win + F             Thunar File Manager
  Win + N             NeoVim
  Win + Q             Close Window
  Win + SPACE         Fuzzel Launcher
  Win + CTRL + Q      Logout
  Win + Mouse Left    Move Window
  Win + Print         Hyprshot Screenshot

   Display full keybinds with:  Win + SPACE
   or click the gear icon in the Waybar
[38;2;69;133;136m[INFO][0m Core installation + configuration complete (Hyprland, SDDM, stow, shell/monitors/GRUB/defaults, etc.). Rebooting into SDDM...

Core setup + interactive configuration completed before reboot.

After reboot, log in via SDDM (select the Hyprland session). Your shell preference,
monitor config, GRUB theme, defaults, etc. should already be applied.

VM users: guest tools were installed and GRUB was adjusted (nomodeset + visible menu)
to help the SDDM greeter appear reliably on virtual graphics.

Chaotic-AUR setup now happens early (during package install in 01-packages.sh).

If you need to manually (re)configure Chaotic-AUR later (e.g. after network fix in a VM):
  sudo bash ~/.hyprgruv/modules/000-setup_chaotic.sh                 # dedicated robust standalone (recommended for the keyring/VM case)
  DRY_RUN=1 bash ~/.hyprgruv/lib/scripts/chaotic.sh                  # test mode
  bash ~/.hyprgruv/lib/scripts/chaotic.sh                          # apply for real

Re-run these any time if you want to change choices:
  ~/.hyprgruv/modules/04-config.sh
  ~/.hyprgruv/modules/05-setup_defaults.sh

