[H[2J[3J[94m [0m[93m [0m[93m_[0m[92m_[0m[94m_[0m[93m [0m[94m_[0m[96m_[0m[91m_[0m[96m [0m[91m [0m[91m [0m[93m [0m[96m [0m[95m [0m[95m [0m[94m [0m[95m [0m[93m [0m[93m [0m[91m [0m[96m [0m[95m [0m[94m [0m[94m [0m[92m [0m[92m [0m[95m [0m[94m [0m[94m [0m[93m [0m[93m [0m[96m [0m[92m [0m[94m [0m[91m [0m[93m [0m[91m [0m[96m [0m[95m [0m[96m [0m[93m [0m[96m [0m[91m [0m[95m [0m[95m [0m[94m [0m[93m [0m[92m [0m[92m [0m[95m [0m[96m [0m[91m [0m[93m [0m[93m [0m[92m [0m[95m [0m
[96m [0m[92m/[0m[92m [0m[95m [0m[91m [0m[93m|[0m[95m [0m[96m [0m[93m [0m[96m\[0m[93m [0m[95m_[0m[92m_[0m[93m_[0m[91m.[0m[92m_[0m[95m_[0m[94m.[0m[92m_[0m[91m_[0m[94m_[0m[92m_[0m[96m_[0m[96m_[0m[94m_[0m[95m_[0m[93m_[0m[91m_[0m[94m_[0m[95m_[0m[94m_[0m[93m [0m[91m [0m[94m_[0m[96m_[0m[95m_[0m[96m_[0m[93m_[0m[96m_[0m[93m_[0m[96m_[0m[93m_[0m[96m_[0m[92m_[0m[94m [0m[94m_[0m[93m_[0m[91m [0m[91m_[0m[93m_[0m[96m_[0m[93m_[0m[91m_[0m[96m [0m[95m [0m[92m_[0m[92m_[0m
[96m/[0m[93m [0m[92m [0m[95m [0m[96m [0m[93m~[0m[96m [0m[94m [0m[95m [0m[94m [0m[91m<[0m[93m [0m[95m [0m[94m [0m[93m|[0m[91m [0m[95m [0m[93m|[0m[94m\[0m[93m_[0m[91m_[0m[91m_[0m[92m_[0m[93m [0m[91m\[0m[96m_[0m[93m [0m[94m [0m[91m_[0m[94m_[0m[91m [0m[92m\[0m[92m/[0m[94m [0m[93m_[0m[91m_[0m[96m_[0m[95m\[0m[95m_[0m[96m [0m[95m [0m[92m_[0m[94m_[0m[91m [0m[93m\[0m[92m [0m[92m [0m[93m|[0m[92m [0m[95m [0m[94m\[0m[94m [0m[94m [0m[93m\[0m[95m/[0m[92m [0m[94m/[0m
[94m\[0m[91m [0m[93m [0m[95m [0m[91m [0m[94mY[0m[91m [0m[95m [0m[96m [0m[96m [0m[92m/[0m[92m\[0m[92m_[0m[92m_[0m[93m_[0m[91m [0m[91m [0m[94m|[0m[94m|[0m[95m [0m[92m [0m[95m|[0m[94m_[0m[91m>[0m[94m [0m[91m>[0m[94m [0m[94m [0m[96m|[0m[93m [0m[93m\[0m[93m/[0m[95m [0m[94m/[0m[96m_[0m[93m/[0m[95m [0m[91m [0m[91m>[0m[95m [0m[95m [0m[92m|[0m[93m [0m[95m\[0m[93m/[0m[94m [0m[91m [0m[95m|[0m[93m [0m[96m [0m[93m/[0m[95m\[0m[94m [0m[94m [0m[95m [0m[93m/[0m[92m [0m
[92m [0m[95m\[0m[95m_[0m[95m_[0m[96m_[0m[92m|[0m[94m_[0m[96m [0m[93m [0m[94m/[0m[92m [0m[91m/[0m[96m [0m[96m_[0m[95m_[0m[94m_[0m[92m_[0m[96m|[0m[96m|[0m[94m [0m[93m [0m[95m [0m[96m_[0m[94m_[0m[96m/[0m[91m|[0m[94m_[0m[91m_[0m[93m|[0m[95m [0m[94m [0m[91m\[0m[93m_[0m[94m_[0m[95m_[0m[96m [0m[96m [0m[96m/[0m[92m|[0m[95m_[0m[91m_[0m[95m|[0m[95m [0m[93m [0m[91m|[0m[96m_[0m[95m_[0m[95m_[0m[96m_[0m[96m/[0m[95m [0m[91m [0m[96m\[0m[91m_[0m[96m/[0m[95m [0m[94m [0m
[95m [0m[93m [0m[94m [0m[92m [0m[92m [0m[95m [0m[94m [0m[93m\[0m[94m/[0m[95m [0m[96m [0m[94m\[0m[94m/[0m[96m [0m[94m [0m[93m [0m[96m [0m[91m [0m[91m|[0m[95m_[0m[94m_[0m[96m|[0m[94m [0m[96m [0m[93m [0m[92m [0m[93m [0m[96m [0m[94m [0m[92m [0m[95m/[0m[93m_[0m[95m_[0m[92m_[0m[92m_[0m[93m_[0m[93m/[0m[92m [0m[94m [0m[91m [0m[91m [0m[94m [0m[93m [0m[94m [0m[95m [0m[96m [0m[95m [0m[93m [0m[95m [0m[96m [0m[91m [0m[95m [0m[94m [0m[93m [0m[92m [0m[91m [0m[95m [0m



[38;2;69;133;136m[INFO][0m Welcome to Hyprland Gruvbox Installation!
[38;2;69;133;136m[INFO][0m Logs will be saved to: /home/kirk/.hyprgruv/assets/logs/install_20250314_023001.log

[H[2J[3J[38;2;69;133;136m[INFO][0m Skipping Install packages (already completed)
[38;2;69;133;136m[INFO][0m Skipping Stow configuration (already completed)
[38;2;69;133;136m[INFO][0m Skipping Setup Sysem (already completed)

[96m [0m[96m [0m[96m_[0m[93m_[0m[91m_[0m[96m_[0m[95m_[0m[91m_[0m[92m_[0m[96m_[0m[96m_[0m[91m_[0m[93m_[0m[91m_[0m[96m_[0m[93m_[0m[92m_[0m[95m_[0m[92m_[0m[92m [0m[92m [0m[93m_[0m[96m_[0m[95m_[0m[96m_[0m[93m_[0m[91m_[0m[94m_[0m[93m_[0m[96m [0m[95m [0m[92m [0m[96m [0m[93m [0m[93m [0m[92m_[0m[93m_[0m[96m_[0m[96m_[0m[94m_[0m[95m [0m[91m [0m[92m [0m
[95m [0m[94m/[0m[94m [0m[95m [0m[92m [0m[95m_[0m[94m_[0m[96m_[0m[92m_[0m[92m_[0m[93m/[0m[92m\[0m[96m_[0m[94m_[0m[91m_[0m[93m_[0m[93m_[0m[92m_[0m[92m [0m[92m\[0m[92m [0m[93m\[0m[92m_[0m[95m_[0m[92m_[0m[96m_[0m[94m_[0m[93m_[0m[92m [0m[94m\[0m[91m [0m[91m [0m[94m [0m[95m [0m[91m/[0m[93m [0m[91m [0m[94m [0m[96m [0m[93m [0m[96m\[0m[96m [0m[96m [0m
[95m [0m[95m\[0m[94m_[0m[91m_[0m[92m_[0m[95m_[0m[95m_[0m[95m [0m[95m [0m[91m\[0m[95m [0m[94m [0m[92m|[0m[92m [0m[96m [0m[94m [0m[92m [0m[91m|[0m[96m [0m[94m [0m[96m\[0m[91m [0m[91m|[0m[93m [0m[94m [0m[91m [0m[96m [0m[91m|[0m[96m [0m[91m [0m[94m\[0m[91m [0m[92m [0m[93m/[0m[94m [0m[95m [0m[94m\[0m[94m [0m[94m/[0m[91m [0m[95m [0m[93m\[0m[92m [0m
[95m [0m[94m/[0m[95m [0m[95m [0m[93m [0m[92m [0m[91m [0m[93m [0m[92m [0m[93m [0m[92m\[0m[93m [0m[93m|[0m[92m [0m[93m [0m[95m [0m[92m [0m[94m`[0m[92m [0m[93m [0m[94m [0m[96m\[0m[92m|[0m[94m [0m[93m [0m[91m [0m[94m [0m[91m`[0m[93m [0m[95m [0m[93m [0m[91m\[0m[96m/[0m[91m [0m[91m [0m[96m [0m[95m [0m[91mY[0m[93m [0m[96m [0m[91m [0m[93m [0m[95m\[0m
[93m/[0m[91m_[0m[91m_[0m[91m_[0m[94m_[0m[93m_[0m[93m_[0m[93m_[0m[93m [0m[94m [0m[95m/[0m[91m/[0m[96m_[0m[91m_[0m[96m_[0m[91m_[0m[95m_[0m[93m_[0m[94m_[0m[96m [0m[91m [0m[95m/[0m[92m_[0m[93m_[0m[95m_[0m[95m_[0m[93m_[0m[92m_[0m[92m_[0m[92m [0m[95m [0m[93m/[0m[94m\[0m[92m_[0m[94m_[0m[96m_[0m[93m_[0m[92m|[0m[94m_[0m[93m_[0m[92m [0m[92m [0m[92m/[0m
[92m [0m[95m [0m[93m [0m[94m [0m[91m [0m[91m [0m[96m [0m[93m [0m[93m\[0m[92m/[0m[92m [0m[94m [0m[94m [0m[93m [0m[94m [0m[93m [0m[91m [0m[93m [0m[93m [0m[94m\[0m[91m/[0m[95m [0m[93m [0m[94m [0m[92m [0m[96m [0m[96m [0m[96m [0m[95m [0m[92m\[0m[92m/[0m[94m [0m[92m [0m[93m [0m[93m [0m[96m [0m[96m [0m[94m [0m[92m [0m[94m [0m[91m\[0m[96m/[0m[96m [0m


[?25l[?2004h   🍬     Would you like to install Sugar-Candy SDDM theme?  
                                                             
    Yes        No                                            
                                                             
←→ toggle • enter submit • y Yes • n No                      [D[4A [J[D[2K[?2004l[?25h[?1002l[?1003l[?1006l[94mS[0m[95mD[0m[96mD[0m[96mM[0m[94m [0m[94mc[0m[93mo[0m[95mn[0m[95mf[0m[96mi[0m[93mg[0m[93mu[0m[95mr[0m[92ma[0m[93mt[0m[91mi[0m[96mo[0m[91mn[0m[91m [0m[91mc[0m[95ma[0m[92mn[0m[92mc[0m[94me[0m[92ml[0m[92ml[0m[94me[0m[94md[0m[92m.[0m

[H[2J[3J 
[92m [0m[94m [0m[92m [0m[92m_[0m[93m_[0m[92m_[0m[96m_[0m[93m_[0m[94m [0m[91m [0m[92m [0m[96m [0m[91m [0m[95m [0m[95m [0m[93m [0m[91m [0m[93m [0m[91m [0m[93m [0m[95m [0m[95m [0m[95m [0m[95m [0m[91m.[0m[91m_[0m[91m_[0m[95m [0m[96m [0m[91m_[0m[92m_[0m[91m [0m[94m [0m[96m [0m[94m [0m[92m [0m[96m [0m[91m [0m[92m [0m[91m [0m[96m [0m[94m [0m[92m [0m[96m [0m[95m [0m[93m [0m[94m [0m[92m [0m[91m [0m[94m [0m[95m [0m[93m [0m[95m [0m[91m [0m
[95m [0m[91m [0m[91m/[0m[96m [0m[95m [0m[92m [0m[93m [0m[91m [0m[95m\[0m[91m [0m[91m [0m[91m [0m[93m_[0m[92m_[0m[94m_[0m[95m_[0m[94m [0m[96m [0m[96m [0m[92m_[0m[96m_[0m[95m_[0m[92m_[0m[95m [0m[96m|[0m[94m_[0m[91m_[0m[95m|[0m[94m/[0m[91m [0m[91m [0m[94m|[0m[92m_[0m[93m [0m[94m [0m[94m_[0m[92m_[0m[91m_[0m[91m_[0m[95m_[0m[95m_[0m[96m_[0m[95m_[0m[95m_[0m[94m_[0m[93m_[0m[94m [0m[94m [0m[95m_[0m[94m_[0m[93m_[0m[95m_[0m[92m_[0m[96m_[0m
[96m [0m[95m/[0m[94m [0m[95m [0m[93m\[0m[95m [0m[94m/[0m[93m [0m[92m [0m[92m\[0m[95m [0m[95m/[0m[93m [0m[93m [0m[94m_[0m[96m [0m[93m\[0m[94m [0m[92m/[0m[93m [0m[93m [0m[93m [0m[94m [0m[94m\[0m[91m|[0m[95m [0m[95m [0m[94m\[0m[95m [0m[96m [0m[93m [0m[92m_[0m[92m_[0m[91m\[0m[92m/[0m[95m [0m[93m [0m[92m_[0m[93m [0m[95m\[0m[96m_[0m[92m [0m[93m [0m[92m_[0m[94m_[0m[94m [0m[95m\[0m[93m/[0m[96m [0m[96m [0m[91m_[0m[93m_[0m[95m_[0m[94m/[0m
[93m/[0m[96m [0m[91m [0m[94m [0m[94m [0m[92mY[0m[92m [0m[95m [0m[92m [0m[96m [0m[94m([0m[95m [0m[93m [0m[94m<[0m[93m_[0m[94m>[0m[96m [0m[92m)[0m[94m [0m[96m [0m[95m [0m[96m|[0m[95m [0m[95m [0m[92m\[0m[96m [0m[93m [0m[92m|[0m[96m|[0m[93m [0m[91m [0m[93m|[0m[94m [0m[92m([0m[96m [0m[94m [0m[93m<[0m[94m_[0m[91m>[0m[92m [0m[91m)[0m[93m [0m[91m [0m[92m|[0m[95m [0m[96m\[0m[91m/[0m[93m\[0m[91m_[0m[93m_[0m[93m_[0m[91m [0m[95m\[0m[94m [0m
[92m\[0m[95m_[0m[93m_[0m[91m_[0m[93m_[0m[96m|[0m[94m_[0m[91m_[0m[92m [0m[94m [0m[95m/[0m[91m\[0m[93m_[0m[96m_[0m[91m_[0m[94m_[0m[91m/[0m[96m|[0m[95m_[0m[95m_[0m[91m_[0m[96m|[0m[96m [0m[92m [0m[91m/[0m[92m_[0m[93m_[0m[92m|[0m[95m|[0m[96m_[0m[92m_[0m[91m|[0m[91m [0m[95m [0m[92m\[0m[92m_[0m[91m_[0m[93m_[0m[94m_[0m[95m/[0m[91m|[0m[93m_[0m[93m_[0m[96m|[0m[96m [0m[96m [0m[95m/[0m[95m_[0m[92m_[0m[91m_[0m[95m_[0m[92m [0m[91m [0m[96m>[0m
[95m [0m[95m [0m[96m [0m[95m [0m[93m [0m[91m [0m[92m [0m[91m [0m[92m\[0m[93m/[0m[92m [0m[91m [0m[94m [0m[92m [0m[93m [0m[93m [0m[93m [0m[92m [0m[95m [0m[95m [0m[95m [0m[95m [0m[95m\[0m[93m/[0m[95m [0m[96m [0m[95m [0m[92m [0m[93m [0m[91m [0m[93m [0m[94m [0m[92m [0m[96m [0m[93m [0m[96m [0m[96m [0m[96m [0m[92m [0m[91m [0m[96m [0m[92m [0m[93m [0m[91m [0m[96m [0m[96m [0m[95m [0m[93m [0m[96m [0m[95m [0m[91m [0m[94m\[0m[93m/[0m[94m [0m


[?25l[?2004h   🖥️    Would you like to configure monitor setup? 
                                                    
    Yes        No                                   
                                                    
←→ toggle • enter submit • y Yes • n No             [D[4A [J[D[2K[?2004l[?25h[?1002l[?1003l[?1006l[92mS[0m[95mt[0m[94ma[0m[94mr[0m[91mt[0m[96mi[0m[91mn[0m[96mg[0m[94m [0m[95mm[0m[95mo[0m[93mn[0m[93mi[0m[94mt[0m[93mo[0m[93mr[0m[95m [0m[94ms[0m[91me[0m[93mt[0m[91mu[0m[93mp[0m[95m.[0m[93m.[0m[92m.[0m

find: ‘/home/kirk/.hyprgruv/home/.config/hypr/conf/monitors’: No such file or directory
[?25l[?2004h  Do you want to ignore monitor.conf in Git ?  
                                               
    Yes        No                              
                                               
←→ toggle • enter submit • y Yes • n No        [D[4A [J[D[2K[?2004l[?25h[?1002l[?1003l[?1006l[94mI[0m[92mg[0m[93mn[0m[94mo[0m[95mr[0m[93me[0m[92m [0m[92mG[0m[95mi[0m[93mt[0m[93m [0m[91m.[0m[91m.[0m[91m.[0m

 Marking monitor.conf as assume-unchanged in Git...
fatal: not a git repository (or any of the parent directories): .git
 monitor.conf is now ignored by Git.


[95m [0m[91mA[0m[96mv[0m[92ma[0m[92mi[0m[93ml[0m[93ma[0m[92mb[0m[91ml[0m[96me[0m[91m [0m[92mm[0m[96mo[0m[93mn[0m[93mi[0m[95mt[0m[96mo[0m[96mr[0m[95m [0m[91mc[0m[96mo[0m[94mn[0m[94mf[0m[96mi[0m[92mg[0m[94mu[0m[95mr[0m[92ma[0m[92mt[0m[91mi[0m[91mo[0m[91mn[0m[96ms[0m[91m:[0m


 Enter the number of your choice: [91mNo text specified[0m

[96m [0m[94mI[0m[92mn[0m[92mv[0m[96ma[0m[95ml[0m[94mi[0m[91md[0m[95m [0m[91mc[0m[92mh[0m[95mo[0m[95mi[0m[95mc[0m[96me[0m[93m.[0m[96m [0m[95mE[0m[91mx[0m[93mi[0m[95mt[0m[93mi[0m[94mn[0m[95mg[0m[93m.[0m

[H[2J[3J
[91m [0m[94m [0m[93m_[0m[94m_[0m[95m_[0m[92m_[0m[93m_[0m[96m_[0m[96m_[0m[96m_[0m[92m [0m[92m [0m[92m [0m[93m [0m[92m [0m[95m [0m[91m [0m[95m [0m[92m [0m[93m [0m[96m [0m[95m_[0m[95m_[0m[96m_[0m[93m.[0m[91m [0m[95m [0m[96m [0m[91m [0m
[91m [0m[96m/[0m[91m [0m[95m [0m[95m_[0m[95m_[0m[94m_[0m[91m_[0m[96m_[0m[92m/[0m[94m_[0m[94m_[0m[92m_[0m[96m_[0m[92m_[0m[96m_[0m[94m [0m[92m_[0m[96m_[0m[91m [0m[95m_[0m[92m\[0m[94m_[0m[93m [0m[92m|[0m[92m_[0m[94m_[0m[95m [0m[96m [0m
[92m/[0m[96m [0m[91m [0m[96m [0m[95m\[0m[92m [0m[94m [0m[95m_[0m[94m_[0m[93m\[0m[96m_[0m[91m [0m[95m [0m[95m_[0m[95m_[0m[93m [0m[92m\[0m[94m [0m[95m [0m[94m|[0m[93m [0m[93m [0m[96m\[0m[92m [0m[96m_[0m[93m_[0m[93m [0m[92m\[0m[94m [0m
[96m\[0m[93m [0m[96m [0m[91m [0m[92m [0m[95m\[0m[93m_[0m[91m\[0m[95m [0m[93m [0m[92m\[0m[93m [0m[93m [0m[93m|[0m[93m [0m[93m\[0m[91m/[0m[92m [0m[95m [0m[92m|[0m[95m [0m[96m [0m[95m/[0m[94m [0m[95m\[0m[95m_[0m[93m\[0m[91m [0m[91m\[0m
[94m [0m[92m\[0m[93m_[0m[95m_[0m[91m_[0m[96m_[0m[91m_[0m[93m_[0m[95m [0m[94m [0m[94m/[0m[96m_[0m[96m_[0m[95m|[0m[96m [0m[95m [0m[93m|[0m[96m_[0m[95m_[0m[91m_[0m[92m_[0m[96m/[0m[95m|[0m[93m_[0m[96m_[0m[94m_[0m[92m [0m[91m [0m[92m/[0m
[94m [0m[92m [0m[93m [0m[91m [0m[96m [0m[95m [0m[94m [0m[93m [0m[94m\[0m[96m/[0m[91m [0m[91m [0m[92m [0m[93m [0m[96m [0m[94m [0m[92m [0m[92m [0m[96m [0m[95m [0m[91m [0m[94m [0m[93m [0m[92m [0m[95m [0m[96m [0m[91m\[0m[96m/[0m[93m [0m


[?25l[?2004h   🪱    Would you like to configure GRUB theme? 
                                                 
    Yes        No                                
                                                 
←→ toggle • enter submit • y Yes • n No          [D[4A [J[D[2K[?2004l[?25h[?1002l[?1003l[?1006l[94mS[0m[94mt[0m[94ma[0m[93mr[0m[92mt[0m[92mi[0m[91mn[0m[92mg[0m[96m [0m[93mg[0m[93mr[0m[91mu[0m[91mb[0m[96m [0m[92ms[0m[91me[0m[95mt[0m[94mu[0m[92mp[0m[95m [0m[91m.[0m[96m.[0m[95m.[0m

Generating grub configuration file ...
Found theme: /usr/share/grub/themes/tartarus/theme.txt
Found linux image: /boot/vmlinuz-linux
Found initrd image: /boot/amd-ucode.img /boot/initramfs-linux.img
Found fallback initrd image(s) in /boot:  amd-ucode.img initramfs-linux-fallback.img
Warning: os-prober will not be executed to detect other bootable partitions.
Systems on them will not be added to the GRUB boot configuration.
Check GRUB_DISABLE_OS_PROBER documentation entry.
Adding boot menu entry for UEFI Firmware Settings ...
done
[H[2J[3J
[95m_[0m[91m_[0m[91m_[0m[92m_[0m[96m_[0m[94m_[0m[93m_[0m[96m_[0m[94m_[0m[94m [0m[94m.[0m[93m_[0m[93m_[0m[96m [0m[92m [0m[96m [0m[91m [0m[93m [0m[95m [0m[93m [0m[94m [0m[93m [0m[94m [0m[91m [0m[95m [0m[95m [0m[91m [0m[92m [0m[95m [0m[93m [0m[95m [0m[95m [0m[92m [0m[91m [0m[95m [0m[95m [0m[94m [0m[91m [0m[95m [0m[94m [0m[94m [0m[94m [0m[91m [0m[96m [0m[91m [0m[92m [0m[92m [0m[91m [0m[91m [0m[91m [0m
[91m\[0m[93m_[0m[91m [0m[91m [0m[96m [0m[93m_[0m[93m_[0m[96m_[0m[91m [0m[93m\[0m[91m|[0m[95m [0m[95m [0m[92m|[0m[94m [0m[94m [0m[93m [0m[94m_[0m[95m_[0m[95m_[0m[94m_[0m[92m [0m[95m_[0m[93m_[0m[93m_[0m[94m_[0m[91m_[0m[96m [0m[93m [0m[92m [0m[96m [0m[91m_[0m[96m_[0m[93m_[0m[91m_[0m[91m [0m[96m [0m[92m_[0m[94m_[0m[91m [0m[92m_[0m[94m_[0m[96m_[0m[95m_[0m[96m_[0m[91m_[0m[93m_[0m[92m_[0m[94m [0m[91m [0m
[96m/[0m[95m [0m[96m [0m[93m [0m[93m [0m[94m\[0m[94m [0m[95m [0m[92m\[0m[95m/[0m[96m|[0m[93m [0m[93m [0m[95m|[0m[92m [0m[92m_[0m[92m/[0m[94m [0m[93m_[0m[92m_[0m[96m [0m[93m\[0m[94m\[0m[96m_[0m[93m_[0m[94m [0m[93m [0m[95m\[0m[94m [0m[94m [0m[92m/[0m[96m [0m[93m [0m[93m [0m[91m [0m[91m\[0m[92m|[0m[96m [0m[94m [0m[92m|[0m[96m [0m[95m [0m[91m\[0m[92m_[0m[93m_[0m[96m_[0m[91m_[0m[95m [0m[93m\[0m[92m [0m
[96m\[0m[95m [0m[93m [0m[92m [0m[93m [0m[96m [0m[96m\[0m[93m_[0m[95m_[0m[93m_[0m[92m|[0m[94m [0m[96m [0m[94m|[0m[96m_[0m[92m\[0m[95m [0m[95m [0m[93m_[0m[96m_[0m[91m_[0m[94m/[0m[96m [0m[91m/[0m[92m [0m[91m_[0m[91m_[0m[95m [0m[95m\[0m[95m|[0m[96m [0m[95m [0m[95m [0m[93m|[0m[95m [0m[91m [0m[96m\[0m[95m [0m[93m [0m[91m|[0m[91m [0m[93m [0m[93m/[0m[91m [0m[91m [0m[91m|[0m[92m_[0m[91m>[0m[93m [0m[96m>[0m
[91m [0m[91m\[0m[96m_[0m[93m_[0m[93m_[0m[92m_[0m[94m_[0m[96m_[0m[95m [0m[96m [0m[93m/[0m[93m_[0m[92m_[0m[92m_[0m[91m_[0m[96m/[0m[96m\[0m[92m_[0m[96m_[0m[96m_[0m[94m [0m[91m [0m[92m>[0m[92m_[0m[95m_[0m[93m_[0m[94m_[0m[94m [0m[92m [0m[93m/[0m[96m_[0m[96m_[0m[94m_[0m[93m|[0m[95m [0m[94m [0m[92m/[0m[91m_[0m[95m_[0m[95m_[0m[92m_[0m[91m/[0m[95m|[0m[92m [0m[94m [0m[95m [0m[92m_[0m[92m_[0m[93m/[0m[92m [0m
[95m [0m[92m [0m[93m [0m[96m [0m[91m [0m[95m [0m[95m [0m[96m [0m[93m\[0m[91m/[0m[95m [0m[94m [0m[95m [0m[96m [0m[92m [0m[94m [0m[91m [0m[96m [0m[93m [0m[93m [0m[92m\[0m[94m/[0m[93m [0m[94m [0m[95m [0m[94m [0m[96m [0m[91m\[0m[96m/[0m[96m [0m[93m [0m[96m [0m[94m [0m[96m [0m[93m\[0m[95m/[0m[95m [0m[93m [0m[94m [0m[95m [0m[92m [0m[96m [0m[91m|[0m[96m_[0m[95m_[0m[93m|[0m[93m [0m[96m [0m[96m [0m[93m [0m


[?25l[?2004h   🧹    Would you like to perform a system cleanup? 
                                                     
    Yes        No                                    
                                                     
←→ toggle • enter submit • y Yes • n No              [D[4A [J[D[2K[?2004l[?25h[?1002l[?1003l[?1006l
[96mS[0m[96mt[0m[93ma[0m[91mr[0m[95mt[0m[93mi[0m[91mn[0m[93mg[0m[95m [0m[93ms[0m[93my[0m[95ms[0m[92mt[0m[91me[0m[96mm[0m[92m [0m[94mc[0m[94ml[0m[91me[0m[92ma[0m[94mn[0m[93mu[0m[91mp[0m[96m.[0m[96m.[0m[93m.[0m


/home/kirk/scripts/cleanup.sh: line 31: sleep1: command not found

Cache directory: /var/cache/pacman/pkg/
:: Do you want to remove ALL files from cache? [y/N] removing all files from cache...

Database directory: /var/lib/pacman/
:: Do you want to remove unused repositories? [Y/n] removing unused sync repositories...

Build directory: /home/kirk/.cache/yay
:: [1mDo you want to remove ALL AUR packages from cache? [Y/n] [0mremoving AUR packages from cache...
error: no targets specified (use -h for help)
 -> exit status 1
[H[2J[3J╭────────────────────────────────────────────────────────────────────────╮
│ 2 local devices                                                        │
├────────────┬─────────┬────────┬────────┬────────┬───────┬──────────────┤
│ MOUNTED ON │    SIZE │   USED │  AVAIL │  USE%  │ TYPE  │ FILESYSTEM   │
├────────────┼─────────┼────────┼────────┼────────┼───────┼──────────────┤
│ /          │  150.0G │  27.5G │ 120.2G │  18.4% │ btrfs │ /dev/nvme0n1 │
│            │         │        │        │        │       │ p2           │
│ /boot      │ 1022.0M │ 183.0M │ 838.9M │  17.9% │ vfat  │ /dev/nvme0n1 │
│            │         │        │        │        │       │ p1           │
╰────────────┴─────────┴────────┴────────┴────────┴───────┴──────────────╯
╭───────────────────────────────────────────────────────────────────────╮
│ 7 special devices                                                     │
├──────────────┬────────┬───────┬────────┬────────┬────────┬────────────┤
│ MOUNTED ON   │   SIZE │  USED │  AVAIL │  USE%  │ TYPE   │ FILESYSTEM │
├──────────────┼────────┼───────┼────────┼────────┼────────┼────────────┤
│ /dev         │  14.1G │    0B │  14.1G │        │ devtmp │ dev        │
│              │        │       │        │        │ fs     │            │
│ /dev/shm     │  14.2G │    0B │  14.2G │        │ tmpfs  │ tmpfs      │
│ /run         │  14.2G │  1.8M │  14.2G │   0.0% │ tmpfs  │ run        │
│ /run/credent │   1.0M │    0B │   1.0M │        │ tmpfs  │ tmpfs      │
│ ials/systemd │        │       │        │        │        │            │
│ -journald.se │        │       │        │        │        │            │
│ rvice        │        │       │        │        │        │            │
│ /run/user/10 │   2.8G │ 96.0K │   2.8G │   0.0% │ tmpfs  │ tmpfs      │
│ 00           │        │       │        │        │        │            │
│ /sys/firmwar │ 128.0K │ 13.8K │ 109.2K │  10.8% │ efivar │ efivarfs   │
│ e/efi/efivar │        │       │        │        │ fs     │            │
│ s            │        │       │        │        │        │            │
│ /tmp         │  14.2G │  4.0K │  14.2G │   0.0% │ tmpfs  │ tmpfs      │
╰──────────────┴────────┴───────┴────────┴────────┴────────┴────────────╯
[H[2J[3J
[91m [0m[94m [0m[93m_[0m[95m_[0m[94m_[0m[92m_[0m[92m_[0m[95m_[0m[96m_[0m[93m_[0m[91m_[0m[95m.[0m[95m_[0m[93m_[0m[94m [0m[92m [0m[94m [0m[91m [0m[96m [0m[93m [0m[94m [0m[93m [0m[92m [0m[93m [0m[96m [0m[96m.[0m[95m_[0m[95m_[0m[95m [0m[94m [0m[95m.[0m[92m_[0m[96m_[0m[95m [0m[92m [0m[95m [0m
[96m [0m[91m/[0m[93m [0m[95m [0m[95m [0m[94m_[0m[94m_[0m[94m_[0m[92m_[0m[94m_[0m[91m/[0m[95m|[0m[91m [0m[91m [0m[95m|[0m[92m_[0m[92m_[0m[96m [0m[92m [0m[94m [0m[92m_[0m[94m_[0m[92m_[0m[91m_[0m[95m [0m[95m|[0m[96m [0m[91m [0m[95m|[0m[93m [0m[94m|[0m[96m [0m[95m [0m[92m|[0m[96m [0m[96m [0m
[94m [0m[94m\[0m[91m_[0m[95m_[0m[91m_[0m[91m_[0m[93m_[0m[96m [0m[91m [0m[94m\[0m[95m [0m[93m|[0m[94m [0m[91m [0m[92m|[0m[94m [0m[96m [0m[94m\[0m[94m_[0m[93m/[0m[94m [0m[96m_[0m[96m_[0m[94m [0m[94m\[0m[93m|[0m[94m [0m[95m [0m[95m|[0m[94m [0m[91m|[0m[92m [0m[96m [0m[91m|[0m[93m [0m[95m [0m
[93m [0m[96m/[0m[95m [0m[96m [0m[95m [0m[92m [0m[91m [0m[96m [0m[91m [0m[95m [0m[93m\[0m[94m|[0m[92m [0m[94m [0m[91m [0m[96mY[0m[92m [0m[93m [0m[96m\[0m[93m [0m[95m [0m[93m_[0m[96m_[0m[93m_[0m[95m/[0m[94m|[0m[94m [0m[91m [0m[96m|[0m[92m_[0m[95m|[0m[94m [0m[96m [0m[95m|[0m[95m_[0m[91m_[0m
[93m/[0m[96m_[0m[95m_[0m[95m_[0m[91m_[0m[96m_[0m[93m_[0m[91m_[0m[94m [0m[92m [0m[95m/[0m[95m|[0m[91m_[0m[93m_[0m[96m_[0m[96m|[0m[91m [0m[94m [0m[92m/[0m[91m\[0m[96m_[0m[96m_[0m[93m_[0m[91m [0m[92m [0m[96m>[0m[91m_[0m[96m_[0m[91m_[0m[94m_[0m[95m/[0m[94m_[0m[91m_[0m[91m_[0m[92m_[0m[94m/[0m
[93m [0m[95m [0m[95m [0m[92m [0m[95m [0m[95m [0m[91m [0m[91m [0m[96m\[0m[96m/[0m[93m [0m[96m [0m[95m [0m[93m [0m[96m [0m[94m [0m[95m\[0m[96m/[0m[93m [0m[95m [0m[92m [0m[93m [0m[95m [0m[92m\[0m[92m/[0m[92m [0m[94m [0m[95m [0m[92m [0m[96m [0m[94m [0m[94m [0m[96m [0m[91m [0m[94m [0m[96m [0m


[?25l[?2004h   🐚    Would you like configure the Shell? 
                                             
    Yes        No                            
                                             
←→ toggle • enter submit • y Yes • n No      [D[4A [J[D[2K[?2004l[?25h[?1002l[?1003l[?1006l[92mS[0m[93mt[0m[93ma[0m[95mr[0m[91mt[0m[93mi[0m[93mn[0m[94mg[0m[95m [0m[94mS[0m[93mh[0m[96me[0m[93ml[0m[94ml[0m[96m [0m[94ms[0m[94me[0m[94mt[0m[91mu[0m[92mp[0m[91m.[0m[94m.[0m[94m.[0m

/home/kirk/.hyprgruv/assets/scripts/shell.sh: line 18: /home/kirk/.hypr/lib/common.sh: No such file or directory
/home/kirk/.hyprgruv/assets/scripts/shell.sh: line 19: /home/kirk/.hypr/lib/state.sh: No such file or directory

[96mP[0m[93ml[0m[91me[0m[94ma[0m[95ms[0m[92me[0m[91m [0m[92ms[0m[92me[0m[93ml[0m[96me[0m[94mc[0m[96mt[0m[93m [0m[92my[0m[92mo[0m[92mu[0m[91mr[0m[92m [0m[96mp[0m[93mr[0m[91me[0m[96mf[0m[92me[0m[91mr[0m[93mr[0m[93me[0m[95md[0m[96m [0m[92ms[0m[91mh[0m[92me[0m[92ml[0m[93ml[0m

[?25l[?2004hChoose:                     
> zsh                       
  bash                      
  CANCEL                    
                            
←↓↑→ navigate • enter submit[D[5A [J[D[2K[?2004l[?25h[?1002l[?1003l[?1006lPassword: 
chsh: Shell not changed.
Changing shell for kirk.
[95mS[0m[91mh[0m[93me[0m[92ml[0m[96ml[0m[91m [0m[96mi[0m[93ms[0m[92m [0m[94mn[0m[94mo[0m[92mw[0m[91m [0m[92mz[0m[93ms[0m[92mh[0m[96m.[0m

[92mz[0m[96ms[0m[91mh[0m[92m-[0m[91ma[0m[95mu[0m[93mt[0m[92mo[0m[94ms[0m[94mu[0m[92mg[0m[91mg[0m[91me[0m[95ms[0m[96mt[0m[96mi[0m[95mo[0m[93mn[0m[93ms[0m[93m [0m[94ma[0m[95ml[0m[91mr[0m[92me[0m[96ma[0m[96md[0m[95my[0m[94m [0m[91mi[0m[96mn[0m[93ms[0m[93mt[0m[92ma[0m[96ml[0m[94ml[0m[92me[0m[94md[0m

[94mz[0m[95ms[0m[92mh[0m[95m-[0m[96ms[0m[95my[0m[95mn[0m[93mt[0m[96ma[0m[92mx[0m[96m-[0m[91mh[0m[95mi[0m[92mg[0m[95mh[0m[95ml[0m[92mi[0m[92mg[0m[95mh[0m[94mt[0m[96mi[0m[95mn[0m[94mg[0m[93m [0m[92ma[0m[96ml[0m[94mr[0m[94me[0m[96ma[0m[94md[0m[92my[0m[96m [0m[96mi[0m[96mn[0m[96ms[0m[91mt[0m[95ma[0m[91ml[0m[94ml[0m[91me[0m[93md[0m

[92mf[0m[91ma[0m[92ms[0m[93mt[0m[93m-[0m[94ms[0m[96my[0m[91mn[0m[95mt[0m[95ma[0m[92mx[0m[94m-[0m[91mh[0m[91mi[0m[92mg[0m[91mh[0m[95ml[0m[94mi[0m[95mg[0m[94mh[0m[92mt[0m[92mi[0m[93mn[0m[96mg[0m[94m [0m[95ma[0m[92ml[0m[91mr[0m[94me[0m[93ma[0m[93md[0m[93my[0m[91m [0m[95mi[0m[92mn[0m[92ms[0m[93mt[0m[95ma[0m[94ml[0m[93ml[0m[91me[0m[93md[0m

[?25l[?2004hPlease reboot your system.[D [D[2K[?2004l[?25h[?1002l[?1003l[?1006l[H[2J[3J[93m [0m[96m [0m[95m_[0m[96m_[0m[92m_[0m[95m_[0m[95m_[0m[91m_[0m[94m_[0m[92m_[0m[92m_[0m[92m [0m[94m [0m[93m [0m[92m [0m[92m [0m[91m [0m[92m [0m[96m [0m[92m [0m[94m [0m[95m [0m[93m [0m[93m [0m[94m [0m[96m [0m[91m [0m[92m [0m[95m [0m[96m [0m[93m [0m[96m [0m[95m [0m[94m [0m[91m [0m[91m [0m[91m [0m[95m [0m[93m [0m[94m [0m[94m [0m[93m [0m[92m [0m[96m [0m[91m [0m[91m [0m[94m [0m[95m [0m[94m [0m[92m [0m[93m [0m[92m [0m[91m [0m
[92m [0m[93m/[0m[94m [0m[94m [0m[95m [0m[94m_[0m[94m_[0m[95m_[0m[93m_[0m[91m_[0m[94m/[0m[95m_[0m[91m_[0m[93m [0m[93m_[0m[96m_[0m[92m [0m[92m [0m[94m_[0m[94m_[0m[94m_[0m[92m_[0m[96m_[0m[96m [0m[94m [0m[94m [0m[96m_[0m[92m_[0m[96m_[0m[91m_[0m[96m_[0m[96m [0m[93m_[0m[91m_[0m[95m_[0m[95m_[0m[93m_[0m[94m [0m[94m_[0m[96m_[0m[95m_[0m[93m_[0m[94m_[0m[92m_[0m[91m_[0m[96m [0m[94m_[0m[92m_[0m[91m_[0m[95m.[0m[94m_[0m[96m_[0m[93m.[0m
[94m [0m[91m\[0m[93m_[0m[94m_[0m[94m_[0m[93m_[0m[96m_[0m[94m [0m[94m [0m[96m\[0m[96m|[0m[96m [0m[92m [0m[93m|[0m[95m [0m[92m [0m[92m\[0m[92m/[0m[92m [0m[94m [0m[96m [0m[91m [0m[94m [0m[92m\[0m[95m [0m[95m/[0m[91m [0m[92m [0m[92m [0m[95m [0m[96m [0m[96m\[0m[93m\[0m[92m_[0m[95m_[0m[94m [0m[91m [0m[96m\[0m[92m\[0m[93m_[0m[95m [0m[92m [0m[93m_[0m[93m_[0m[92m [0m[94m<[0m[93m [0m[95m [0m[93m [0m[96m|[0m[95m [0m[92m [0m[92m|[0m
[96m [0m[94m/[0m[92m [0m[92m [0m[95m [0m[95m [0m[95m [0m[92m [0m[96m [0m[92m [0m[93m\[0m[93m [0m[96m [0m[91m|[0m[96m [0m[92m [0m[93m/[0m[93m [0m[93m [0m[91mY[0m[96m [0m[94mY[0m[91m [0m[94m [0m[94m\[0m[95m [0m[95m [0m[96mY[0m[91m [0m[92mY[0m[96m [0m[96m [0m[96m\[0m[96m/[0m[96m [0m[91m_[0m[92m_[0m[94m [0m[96m\[0m[94m|[0m[93m [0m[92m [0m[93m|[0m[92m [0m[93m\[0m[91m/[0m[93m\[0m[91m_[0m[91m_[0m[93m_[0m[93m [0m[94m [0m[92m|[0m
[92m/[0m[92m_[0m[94m_[0m[91m_[0m[93m_[0m[96m_[0m[91m_[0m[95m_[0m[94m [0m[94m [0m[95m/[0m[91m_[0m[94m_[0m[96m_[0m[92m_[0m[94m/[0m[91m|[0m[91m_[0m[92m_[0m[94m|[0m[93m_[0m[94m|[0m[96m [0m[95m [0m[92m/[0m[92m_[0m[93m_[0m[95m|[0m[91m_[0m[96m|[0m[95m [0m[91m [0m[91m([0m[94m_[0m[92m_[0m[91m_[0m[96m_[0m[91m [0m[94m [0m[91m/[0m[92m_[0m[96m_[0m[92m|[0m[95m [0m[94m [0m[94m [0m[96m/[0m[94m [0m[94m_[0m[96m_[0m[93m_[0m[96m_[0m[96m|[0m
[96m [0m[93m [0m[94m [0m[94m [0m[96m [0m[91m [0m[92m [0m[96m [0m[91m\[0m[94m/[0m[92m [0m[96m [0m[92m [0m[92m [0m[96m [0m[93m [0m[95m [0m[92m [0m[96m [0m[92m [0m[94m [0m[96m [0m[91m\[0m[92m/[0m[95m [0m[96m [0m[92m [0m[94m [0m[92m [0m[94m [0m[91m\[0m[96m/[0m[91m [0m[91m [0m[96m [0m[92m [0m[92m [0m[93m\[0m[94m/[0m[92m [0m[93m [0m[93m [0m[94m [0m[94m [0m[95m [0m[94m [0m[92m\[0m[95m/[0m[94m [0m[92m [0m[91m [0m[93m [0m[91m [0m


[38;2;142;192;124m[SUCCESS][0m Installation completed successfully!
Completed steps:
  ✅ Install packages
  ✅ Stow configuration
  ✅ Setup Sysem

[93m [0m[91m [0m[96m [0m[93m[0m[91m [0m[92m [0m[91m [0m[92m [0m[96mH[0m[94my[0m[94mp[0m[96mr[0m[92ml[0m[95ma[0m[95mn[0m[93md[0m[91m [0m[93mG[0m[94mr[0m[95mu[0m[96mv[0m[96mb[0m[95mo[0m[96mx[0m[93m [0m[93mI[0m[94mn[0m[93ms[0m[95mt[0m[96ma[0m[93ml[0m[91ml[0m[93ma[0m[96mt[0m[95mi[0m[96mo[0m[93mn[0m[94m [0m[95mi[0m[91ms[0m[91m [0m[93mC[0m[95mo[0m[93mm[0m[91mp[0m[95ml[0m[96me[0m[96mt[0m[91me[0m[96m [0m[94m![0m[92m![0m[93m [0m[94m🫠[0m
[92m [0m[93m [0m[92m [0m[92m [0m[94m [0m[93m [0m[94m [0m[92m [0m[95mA[0m[94m [0m[92ml[0m[94mi[0m[94ms[0m[96mt[0m[96m [0m[95mo[0m[92mf[0m[94m [0m[94mc[0m[95mo[0m[96mm[0m[93mm[0m[91mo[0m[92mn[0m[93m [0m[95mh[0m[91me[0m[91ml[0m[93mp[0m[94mf[0m[91mu[0m[95ml[0m[92m [0m[92mk[0m[93me[0m[95my[0m[93mb[0m[91mi[0m[91mn[0m[94md[0m[91ms[0m[96m [0m[92mi[0m[96ms[0m[94m [0m[96mb[0m[95me[0m[96ml[0m[95mo[0m[94mw[0m[93m:[0m

  ⌨️  ▏ 󰖳 + ENTER             👻   Ghostty Terminal
  ⌨️  ▏ 󰖳 + B                     Firefox
  ⌨️  ▏ 󰖳 + F                     Krusader Browser
  ⌨️  ▏ 󰖳 + N                     NeoVim
  ⌨️  ▏ 󰖳 + Q                  󰅙   Close Window
  ⌨️  ▏ 󰖳 + SPACE              󰀻   Rofi App Launcher
  ⌨️  ▏ 󰖳 + CTRL + Q           󰗽   Logout
  ⌨️  ▏ 󰖳 + Mouse Left        🪟   Move Window

[92m [0m[93m [0m[93m [0m[95mD[0m[91mi[0m[91ms[0m[92mp[0m[92ml[0m[95ma[0m[95my[0m[93m [0m[92mF[0m[94mu[0m[94ml[0m[95ml[0m[94m [0m[96ml[0m[95mi[0m[96ms[0m[96mt[0m[96m [0m[92mo[0m[94mf[0m[93m [0m[96mk[0m[91me[0m[91my[0m[94mb[0m[94mi[0m[95mn[0m[95md[0m[91ms[0m[94m [0m[94mw[0m[94mi[0m[95mt[0m[96mh[0m[91m:[0m[91m [0m[91m [0m[95m⌨[0m[95m️[0m[94m [0m[92m [0m[96m▏[0m[93m [0m[93m󰖳[0m[96m [0m[95m+[0m[91m [0m[94mS[0m[93mP[0m[91mA[0m[94mC[0m[95mE[0m
[96m [0m[91m [0m[92m [0m[92mo[0m[96mr[0m[95m [0m[96ml[0m[93me[0m[92mf[0m[93mt[0m[96m-[0m[91mc[0m[92ml[0m[94mi[0m[93mc[0m[95mk[0m[93m [0m[92mt[0m[92mh[0m[92me[0m[92m [0m[93mg[0m[96me[0m[91ma[0m[95mr[0m[92m [0m[92mi[0m[94mc[0m[96mo[0m[94mn[0m[92m [0m[91m [0m[95m[0m[92m [0m[94m [0m[96mi[0m[91mn[0m[96m [0m[92mt[0m[96mh[0m[94me[0m[93m [0m[91mW[0m[91ma[0m[92my[0m[96mb[0m[93ma[0m[93mr[0m

 Restart is required to complete setup !!
[92mW[0m[96mh[0m[93ma[0m[92mt[0m[95m [0m[92mw[0m[96mo[0m[93mu[0m[91ml[0m[93md[0m[96m [0m[92my[0m[94mo[0m[95mu[0m[92m [0m[96ml[0m[96mi[0m[96mk[0m[91me[0m[92m [0m[94mt[0m[96mo[0m[91m [0m[93md[0m[94mo[0m[92m [0m[95mn[0m[91me[0m[94mx[0m[92mt[0m[95m?[0m

  1. Exit
  2. Reboot system
  3. Launch Hyprland

Enter your choice [1]: 
[38;2;69;133;136m[INFO][0m Exiting installer
