[H[2J
Hyprgruv


[38;2;69;133;136m[INFO][0m Welcome to Hyprland Gruvbox Installation!
[38;2;69;133;136m[INFO][0m Logs will be saved to: /home/kirk/.hyprgruv/assets/logs/install_20260612_035946.log

[H[2J
Preflight: Hyprland base

[38;2;69;133;136m[INFO][0m Virtual machine / hypervisor detected: qemu (guest tools + boot tweaks will be applied)
[38;2;69;133;136m[INFO][0m Running preflight checks for Hyprland base…
[38;2;69;133;136m[INFO][0m Detected GPU vendor: generic
[38;2;69;133;136m[INFO][0m Refreshing package databases
:: Synchronizing package databases...
 chaotic-aur downloading...
 multilib downloading...
:: Starting full system upgrade...
 there is nothing to do
[38;2;69;133;136m[INFO][0m Installing core packages
[38;2;69;133;136m[INFO][0m Installing GPU packages
[38;2;69;133;136m[INFO][0m Installing 32-bit GPU packages (multilib)
[38;2;69;133;136m[INFO][0m Installing optional terminals
[38;2;69;133;136m[INFO][0m Installing optional extras
[38;2;69;133;136m[INFO][0m Enabling services
[38;2;142;192;124m[SUCCESS][0m Preflight check completed.
[38;2;142;192;124m[SUCCESS][0m Preflight: Hyprland base completed successfully

Install packages

[38;2;69;133;136m[INFO][0m Virtual machine / hypervisor detected: qemu (guest tools + boot tweaks will be applied)
   📦️  Installing essential packages…
[38;2;69;133;136m[INFO][0m Ensuring yay (AUR helper) is available early…
[38;2;69;133;136m[INFO][0m Ensuring pacman keyring is usable
[38;2;69;133;136m[INFO][0m Installing Chaotic-AUR from the beginning...
gpg: key 3056513887B78AEB: "Pedro Henrique Lara Campos <root@pedrohlc.com>" not changed
gpg: Total number processed: 1
gpg:              unchanged: 1
  -> Locally signed 1 key.
==> Updating trust database...
gpg: next trustdb check due at 2026-10-21
warning: chaotic-keyring-20251028-1 is up to date -- reinstalling
warning: downgrading package chaotic-mirrorlist (20260428-1 => 20260403-1)
loading packages...
resolving dependencies...
looking for conflicting packages...

Packages (2) chaotic-keyring-20251028-1  chaotic-mirrorlist-20260403-1

Total Installed Size:  0.03 MiB
Net Upgrade Size:      0.00 MiB

:: Proceed with installation? [Y/n] 
checking keyring...
checking package integrity...
loading package files...
checking for file conflicts...
checking available disk space...
:: Running pre-transaction hooks...
(1/1) Creating Timeshift snapshot before upgrade...
First run mode (config file not found)
Selected default snapshot type: RSYNC
Mounted '/dev/vda2' at '/run/timeshift/23071/backup'
Selected default snapshot device: /dev/vda2
------------------------------------------------------------------------------
Estimating system size...
Creating new snapshot...(RSYNC)
Saving to device: /dev/vda2, mounted at path: /run/timeshift/23071/backup
Syncing files with rsync...

Interrupt signal received
[?25h
[38;2;215;153;33m[WARNING][0m Chaotic-AUR bootstrap download/install failed (common on VMs with NAT/latency). Will skip repo for now.
[38;2;69;133;136m[INFO][0m Setting ParallelDownloads in pacman.conf for faster downloads
[38;2;69;133;136m[INFO][0m Refreshing system packages (pacman -Syyu)…
:: Synchronizing package databases...
 chaotic-aur downloading...
 multilib downloading...
:: Starting full system upgrade...
 there is nothing to do
[38;2;69;133;136m[INFO][0m Installing Hyprland and core dependencies…
error: target not found: xdg-desktop-portal
error: target not found: fuzzel
error: target not found: grim
error: target not found: slurp
error: target not found: brightnessctl
error: target not found: polkit-gnome
error: target not found: gnome-keyring
error: target not found: thunar
error: target not found: thunar-volman
error: target not found: thunar-archive-plugin
error: target not found: tumbler
error: target not found: pipewire
error: target not found: pipewire-pulse
error: target not found: pipewire-jack
error: target not found: wireplumber
error: target not found: pavucontrol
error: target not found: stow
error: target not found: noto-fonts
error: target not found: ttf-nerd-fonts-symbols
error: target not found: ttf-dejavu
error: target not found: git
error: target not found: base-devel
error: target not found: reflector
error: target not found: jq
error: target not found: curl
error: target not found: btop
error: target not found: duf
error: target not found: dust
error: target not found: ncdu
error: target not found: man-db
error: target not found: man-pages
error: target not found: media-player-info
error: target not found: nm-connection-editor
error: target not found: pacutils
:: There are 3 providers available for obs-studio:
:: Repository chaotic-aur
   1) obs-studio-git  2) obs-studio-stable  3) obs-studio-tytan652

Enter a number (default=1): error: target not found: udiskie

[38;2;204;36;29m[ERROR][0m Install packages failed
