[H[2J[3J[93m [0m[93m [0m[95m_[0m[93m_[0m[92m_[0m[94m [0m[94m_[0m[93m_[0m[92m_[0m[96m [0m[91m [0m[95m [0m[95m [0m[91m [0m[93m [0m[92m [0m[93m [0m[92m [0m[94m [0m[92m [0m[95m [0m[96m [0m[96m [0m[96m [0m[96m [0m[96m [0m[92m [0m[92m [0m[95m [0m[91m [0m[92m [0m[96m [0m[96m [0m[92m [0m[93m [0m[91m [0m[96m [0m[91m [0m[93m [0m[91m [0m[95m [0m[95m [0m[95m [0m[96m [0m[92m [0m[91m [0m[96m [0m[94m [0m[96m [0m[91m [0m[96m [0m[91m [0m[93m [0m[94m [0m[93m [0m[92m [0m[93m [0m
[96m [0m[92m/[0m[95m [0m[93m [0m[93m [0m[93m|[0m[91m [0m[92m [0m[95m [0m[95m\[0m[93m [0m[92m_[0m[94m_[0m[91m_[0m[95m.[0m[93m_[0m[95m_[0m[91m.[0m[93m_[0m[96m_[0m[91m_[0m[94m_[0m[93m_[0m[92m_[0m[91m_[0m[96m_[0m[94m_[0m[96m_[0m[93m_[0m[94m_[0m[92m_[0m[93m [0m[91m [0m[93m_[0m[94m_[0m[95m_[0m[93m_[0m[92m_[0m[93m_[0m[94m_[0m[92m_[0m[92m_[0m[91m_[0m[92m_[0m[96m [0m[93m_[0m[94m_[0m[92m [0m[96m_[0m[91m_[0m[96m_[0m[93m_[0m[93m_[0m[91m [0m[96m [0m[96m_[0m[96m_[0m
[91m/[0m[95m [0m[96m [0m[91m [0m[92m [0m[94m~[0m[91m [0m[94m [0m[96m [0m[93m [0m[93m<[0m[94m [0m[91m [0m[96m [0m[96m|[0m[95m [0m[92m [0m[93m|[0m[91m\[0m[94m_[0m[91m_[0m[91m_[0m[92m_[0m[92m [0m[94m\[0m[92m_[0m[91m [0m[95m [0m[91m_[0m[95m_[0m[93m [0m[93m\[0m[91m/[0m[95m [0m[91m_[0m[93m_[0m[92m_[0m[92m\[0m[93m_[0m[91m [0m[95m [0m[92m_[0m[94m_[0m[93m [0m[92m\[0m[92m [0m[96m [0m[96m|[0m[93m [0m[94m [0m[94m\[0m[94m [0m[93m [0m[91m\[0m[93m/[0m[96m [0m[92m/[0m
[96m\[0m[93m [0m[93m [0m[92m [0m[92m [0m[91mY[0m[95m [0m[96m [0m[91m [0m[93m [0m[92m/[0m[94m\[0m[92m_[0m[93m_[0m[96m_[0m[94m [0m[96m [0m[95m|[0m[91m|[0m[95m [0m[94m [0m[96m|[0m[92m_[0m[94m>[0m[95m [0m[95m>[0m[95m [0m[92m [0m[92m|[0m[94m [0m[92m\[0m[95m/[0m[94m [0m[96m/[0m[91m_[0m[95m/[0m[91m [0m[96m [0m[91m>[0m[93m [0m[95m [0m[95m|[0m[93m [0m[94m\[0m[91m/[0m[94m [0m[93m [0m[92m|[0m[96m [0m[94m [0m[95m/[0m[94m\[0m[94m [0m[96m [0m[96m [0m[92m/[0m[93m [0m
[94m [0m[91m\[0m[95m_[0m[96m_[0m[96m_[0m[96m|[0m[95m_[0m[92m [0m[96m [0m[94m/[0m[94m [0m[92m/[0m[94m [0m[92m_[0m[96m_[0m[96m_[0m[94m_[0m[96m|[0m[94m|[0m[93m [0m[92m [0m[92m [0m[95m_[0m[92m_[0m[91m/[0m[94m|[0m[92m_[0m[92m_[0m[94m|[0m[95m [0m[95m [0m[91m\[0m[93m_[0m[94m_[0m[96m_[0m[93m [0m[94m [0m[91m/[0m[95m|[0m[94m_[0m[91m_[0m[94m|[0m[94m [0m[91m [0m[91m|[0m[94m_[0m[96m_[0m[91m_[0m[96m_[0m[95m/[0m[96m [0m[91m [0m[94m\[0m[92m_[0m[94m/[0m[96m [0m[91m [0m
[94m [0m[93m [0m[93m [0m[95m [0m[91m [0m[95m [0m[94m [0m[93m\[0m[93m/[0m[95m [0m[92m [0m[94m\[0m[94m/[0m[91m [0m[92m [0m[95m [0m[94m [0m[94m [0m[94m|[0m[91m_[0m[94m_[0m[95m|[0m[95m [0m[96m [0m[96m [0m[95m [0m[91m [0m[95m [0m[94m [0m[93m [0m[92m/[0m[93m_[0m[96m_[0m[94m_[0m[91m_[0m[95m_[0m[96m/[0m[91m [0m[94m [0m[93m [0m[92m [0m[94m [0m[91m [0m[91m [0m[92m [0m[93m [0m[93m [0m[94m [0m[94m [0m[93m [0m[94m [0m[96m [0m[92m [0m[96m [0m[94m [0m[93m [0m[93m [0m


[38;2;69;133;136m[INFO][0m Welcome to Hyprland Gruvbox Installation!
[38;2;69;133;136m[INFO][0m Logs will be saved to: /home/kirk/.hyprgruv/assets/scripts/logs/install_20250309_130640.log

[H[2J[3J[94m [0m[96m [0m[91m_[0m[93m_[0m[93m_[0m[92m_[0m[93m_[0m[94m_[0m[94m_[0m[94m_[0m[95m_[0m[94m_[0m[91m_[0m[92m_[0m[91m_[0m[95m_[0m[95m_[0m[96m_[0m[93m_[0m[94m [0m[96m [0m[91m_[0m[93m_[0m[96m_[0m[91m_[0m[94m_[0m[91m_[0m[96m_[0m[95m_[0m[94m [0m[92m [0m[92m [0m[94m [0m[94m [0m[93m [0m[93m_[0m[93m_[0m[94m_[0m[95m_[0m[93m_[0m[96m [0m[92m [0m[92m [0m
[96m [0m[94m/[0m[94m [0m[95m [0m[95m [0m[94m_[0m[93m_[0m[94m_[0m[94m_[0m[96m_[0m[95m/[0m[93m\[0m[94m_[0m[94m_[0m[91m_[0m[92m_[0m[94m_[0m[92m_[0m[96m [0m[94m\[0m[94m [0m[91m\[0m[91m_[0m[91m_[0m[91m_[0m[93m_[0m[92m_[0m[96m_[0m[95m [0m[93m\[0m[93m [0m[94m [0m[91m [0m[93m [0m[96m/[0m[95m [0m[92m [0m[96m [0m[93m [0m[94m [0m[91m\[0m[95m [0m[91m [0m
[91m [0m[96m\[0m[95m_[0m[94m_[0m[93m_[0m[91m_[0m[93m_[0m[96m [0m[96m [0m[91m\[0m[94m [0m[95m [0m[92m|[0m[95m [0m[95m [0m[92m [0m[92m [0m[94m|[0m[91m [0m[93m [0m[95m\[0m[91m [0m[95m|[0m[96m [0m[93m [0m[93m [0m[94m [0m[91m|[0m[91m [0m[94m [0m[93m\[0m[92m [0m[93m [0m[96m/[0m[93m [0m[94m [0m[92m\[0m[96m [0m[93m/[0m[95m [0m[96m [0m[96m\[0m[94m [0m
[96m [0m[95m/[0m[93m [0m[92m [0m[95m [0m[93m [0m[94m [0m[92m [0m[91m [0m[95m [0m[93m\[0m[94m [0m[93m|[0m[95m [0m[93m [0m[94m [0m[94m [0m[94m`[0m[93m [0m[94m [0m[93m [0m[94m\[0m[91m|[0m[96m [0m[95m [0m[91m [0m[96m [0m[91m`[0m[91m [0m[91m [0m[91m [0m[95m\[0m[95m/[0m[93m [0m[95m [0m[96m [0m[96m [0m[92mY[0m[94m [0m[94m [0m[95m [0m[95m [0m[95m\[0m
[93m/[0m[94m_[0m[94m_[0m[95m_[0m[92m_[0m[96m_[0m[95m_[0m[93m_[0m[93m [0m[91m [0m[94m/[0m[92m/[0m[91m_[0m[94m_[0m[94m_[0m[91m_[0m[96m_[0m[94m_[0m[96m_[0m[94m [0m[96m [0m[95m/[0m[93m_[0m[96m_[0m[94m_[0m[91m_[0m[96m_[0m[94m_[0m[92m_[0m[92m [0m[94m [0m[94m/[0m[95m\[0m[91m_[0m[92m_[0m[91m_[0m[92m_[0m[94m|[0m[95m_[0m[94m_[0m[95m [0m[92m [0m[94m/[0m
[92m [0m[93m [0m[96m [0m[92m [0m[92m [0m[96m [0m[91m [0m[96m [0m[95m\[0m[92m/[0m[96m [0m[96m [0m[92m [0m[91m [0m[92m [0m[91m [0m[95m [0m[94m [0m[92m [0m[92m\[0m[92m/[0m[93m [0m[91m [0m[93m [0m[95m [0m[94m [0m[95m [0m[96m [0m[93m [0m[93m\[0m[95m/[0m[91m [0m[91m [0m[93m [0m[91m [0m[91m [0m[94m [0m[95m [0m[91m [0m[95m [0m[94m\[0m[94m/[0m[96m [0m


[?25l[?2004h   🍬     Would you like to install Sugar-Candy SDDM theme?  
                                                             
    Yes        No                                            
                                                             
←→ toggle • enter submit • y Yes • n No                      [D[4A [J[D[2K[?2004l[?25h[?1002l[?1003l[?1006l[94mC[0m[96mo[0m[92mn[0m[93mf[0m[91mi[0m[96mg[0m[94mu[0m[91mr[0m[91mi[0m[91mn[0m[94mg[0m[94m [0m[96mS[0m[92mh[0m[95me[0m[95ml[0m[93ml[0m[95m.[0m[95m.[0m[94m.[0m

/home/kirk/.hyprgruv/assets/scripts/sddm_candy_install.sh: line 1: 2#!/bin/bash: No such file or directory
Detected sddm-sugar-candy-git installed.
Moving /home/kirk/.hyprgruv/assets/sddm/sddm.jpg to /usr/share/sddm/themes/sugar-candy/Backgrounds/sddm.jpg...
Moving /home/kirk/.hyprgruv/assets/sddm/theme.conf to /usr/share/sddm/themes/sugar-candy/theme.conf...
Removing existing directory /usr/lib/sddm/sddm.conf.d if present...

Moving /home/kirk/.hyprgruv/assets/sddm/sddm.conf.d to /usr/lib/sddm/sddm.conf.d...

SDDM theme installation complete.
You can test the theme using the command: sudo sddm --test-mode
To exit the test, press Ctrl+C.
[H[2J[3J[92m [0m[95m [0m[95m [0m[95m_[0m[92m_[0m[94m_[0m[91m_[0m[94m_[0m[92m [0m[95m [0m[92m [0m[95m [0m[95m [0m[92m [0m[94m [0m[93m [0m[95m [0m[94m [0m[93m [0m[94m [0m[92m [0m[91m [0m[91m [0m[91m [0m[96m.[0m[94m_[0m[95m_[0m[91m [0m[92m [0m[92m_[0m[94m_[0m[93m [0m[95m [0m[94m [0m[96m [0m[92m [0m[92m [0m[91m [0m[91m [0m[95m [0m[93m [0m[92m [0m[92m [0m[93m [0m[93m [0m[92m [0m[92m [0m[91m [0m[93m [0m[94m [0m[92m [0m[91m [0m[93m [0m[91m [0m
[91m [0m[91m [0m[92m/[0m[96m [0m[96m [0m[95m [0m[95m [0m[91m [0m[92m\[0m[93m [0m[91m [0m[96m [0m[91m_[0m[95m_[0m[91m_[0m[93m_[0m[94m [0m[93m [0m[94m [0m[96m_[0m[92m_[0m[91m_[0m[95m_[0m[94m [0m[95m|[0m[92m_[0m[91m_[0m[95m|[0m[93m/[0m[93m [0m[94m [0m[95m|[0m[91m_[0m[92m [0m[94m [0m[91m_[0m[95m_[0m[95m_[0m[92m_[0m[96m_[0m[95m_[0m[96m_[0m[95m_[0m[92m_[0m[93m_[0m[94m_[0m[92m [0m[95m [0m[95m_[0m[92m_[0m[93m_[0m[95m_[0m[94m_[0m[91m_[0m
[93m [0m[93m/[0m[91m [0m[92m [0m[93m\[0m[95m [0m[95m/[0m[95m [0m[91m [0m[96m\[0m[91m [0m[94m/[0m[92m [0m[95m [0m[93m_[0m[96m [0m[93m\[0m[94m [0m[91m/[0m[94m [0m[92m [0m[94m [0m[91m [0m[95m\[0m[96m|[0m[96m [0m[94m [0m[94m\[0m[91m [0m[92m [0m[95m [0m[94m_[0m[92m_[0m[93m\[0m[93m/[0m[94m [0m[96m [0m[93m_[0m[95m [0m[94m\[0m[94m_[0m[92m [0m[96m [0m[94m_[0m[91m_[0m[95m [0m[94m\[0m[96m/[0m[93m [0m[95m [0m[92m_[0m[93m_[0m[91m_[0m[93m/[0m
[91m/[0m[92m [0m[95m [0m[95m [0m[91m [0m[92mY[0m[91m [0m[93m [0m[96m [0m[91m [0m[91m([0m[96m [0m[96m [0m[92m<[0m[94m_[0m[92m>[0m[92m [0m[95m)[0m[91m [0m[96m [0m[93m [0m[95m|[0m[92m [0m[96m [0m[96m\[0m[93m [0m[94m [0m[96m|[0m[94m|[0m[92m [0m[95m [0m[96m|[0m[92m [0m[95m([0m[95m [0m[96m [0m[93m<[0m[95m_[0m[95m>[0m[91m [0m[95m)[0m[92m [0m[96m [0m[92m|[0m[91m [0m[95m\[0m[95m/[0m[93m\[0m[92m_[0m[93m_[0m[95m_[0m[93m [0m[94m\[0m[93m [0m
[94m\[0m[95m_[0m[91m_[0m[92m_[0m[91m_[0m[96m|[0m[95m_[0m[93m_[0m[91m [0m[96m [0m[91m/[0m[96m\[0m[93m_[0m[96m_[0m[93m_[0m[96m_[0m[93m/[0m[91m|[0m[95m_[0m[91m_[0m[93m_[0m[95m|[0m[96m [0m[92m [0m[95m/[0m[94m_[0m[96m_[0m[94m|[0m[94m|[0m[94m_[0m[91m_[0m[95m|[0m[94m [0m[93m [0m[92m\[0m[91m_[0m[92m_[0m[95m_[0m[92m_[0m[95m/[0m[94m|[0m[91m_[0m[92m_[0m[91m|[0m[91m [0m[96m [0m[91m/[0m[91m_[0m[93m_[0m[96m_[0m[92m_[0m[96m [0m[93m [0m[93m>[0m
[92m [0m[91m [0m[93m [0m[92m [0m[92m [0m[94m [0m[93m [0m[95m [0m[95m\[0m[94m/[0m[93m [0m[92m [0m[92m [0m[92m [0m[92m [0m[94m [0m[93m [0m[96m [0m[93m [0m[94m [0m[96m [0m[95m [0m[95m\[0m[94m/[0m[96m [0m[96m [0m[95m [0m[93m [0m[93m [0m[93m [0m[95m [0m[92m [0m[91m [0m[96m [0m[94m [0m[96m [0m[93m [0m[93m [0m[93m [0m[94m [0m[92m [0m[91m [0m[93m [0m[95m [0m[95m [0m[92m [0m[91m [0m[91m [0m[92m [0m[95m [0m[92m [0m[94m\[0m[95m/[0m[95m [0m


[?25l[?2004h   🖥️    Would you like to configure monitor setup? 
                                                    
    Yes        No                                   
                                                    
←→ toggle • enter submit • y Yes • n No             [D[4A [J[D[2K[?2004l[?25h[?1002l[?1003l[?1006l[91mS[0m[93mt[0m[91ma[0m[96mr[0m[91mt[0m[93mi[0m[95mn[0m[91mg[0m[96m [0m[92mm[0m[96mo[0m[91mn[0m[94mi[0m[92mt[0m[92mo[0m[96mr[0m[93m [0m[93ms[0m[96me[0m[92mt[0m[91mu[0m[93mp[0m[93m.[0m[96m.[0m[91m.[0m

[?25l[?2004h  Do you want to ignore monitor.conf in Git ?  
                                               
    Yes        No                              
                                               
←→ toggle • enter submit • y Yes • n No        [D[4A [J[D[2K[?2004l[?25h[?1002l[?1003l[?1006l Ensuring monitor.conf is tracked by Git...
fatal: '/home/kirk/.config/hypr/conf/monitor.conf' is outside repository at '/home/kirk/.hyprgruv'
 monitor.conf is now being tracked by Git.

[93m [0m[92mA[0m[94mv[0m[91ma[0m[94mi[0m[92ml[0m[93ma[0m[92mb[0m[92ml[0m[93me[0m[91m [0m[92mm[0m[94mo[0m[94mn[0m[91mi[0m[95mt[0m[96mo[0m[94mr[0m[92m [0m[96mc[0m[92mo[0m[94mn[0m[94mf[0m[94mi[0m[92mg[0m[93mu[0m[92mr[0m[94ma[0m[96mt[0m[95mi[0m[95mo[0m[94mn[0m[92ms[0m[94m:[0m

1. double_monitor.conf
2. gruvbox.conf
3. single_monitor.conf
4. thin_gruv.conf

 Enter the number of your choice: 
[95m [0m[94mY[0m[93mo[0m[96mu[0m[95m [0m[93ms[0m[93me[0m[96ml[0m[93me[0m[95mc[0m[95mt[0m[95me[0m[96md[0m[96m:[0m[92m [0m[94mg[0m[92mr[0m[95mu[0m[91mv[0m[92mb[0m[92mo[0m[96mx[0m[92m.[0m[96mc[0m[96mo[0m[93mn[0m[92mf[0m

 Updating monitor.conf to use /home/kirk/.config/hypr/conf/monitors/gruvbox.conf...
[94m [0m[91mm[0m[91mo[0m[96mn[0m[96mi[0m[95mt[0m[95mo[0m[92mr[0m[91m.[0m[94mc[0m[95mo[0m[95mn[0m[96mf[0m[92m [0m[95mh[0m[91ma[0m[95ms[0m[94m [0m[92mb[0m[91me[0m[96me[0m[92mn[0m[91m [0m[91mu[0m[96mp[0m[96md[0m[91ma[0m[94mt[0m[92me[0m[91md[0m[92m [0m[95ms[0m[95mu[0m[95mc[0m[92mc[0m[93me[0m[96ms[0m[95ms[0m[94mf[0m[95mu[0m[96ml[0m[92ml[0m[91my[0m[96m![0m

[H[2J[3J[93m [0m[95m [0m[96m_[0m[91m_[0m[91m_[0m[95m_[0m[93m_[0m[93m_[0m[96m_[0m[92m_[0m[96m [0m[91m [0m[94m [0m[92m [0m[94m [0m[94m [0m[92m [0m[92m [0m[95m [0m[96m [0m[95m [0m[95m_[0m[92m_[0m[93m_[0m[94m.[0m[94m [0m[95m [0m[95m [0m[91m [0m
[94m [0m[92m/[0m[91m [0m[96m [0m[95m_[0m[92m_[0m[92m_[0m[93m_[0m[91m_[0m[94m/[0m[93m_[0m[96m_[0m[95m_[0m[95m_[0m[91m_[0m[92m_[0m[94m [0m[93m_[0m[92m_[0m[93m [0m[95m_[0m[94m\[0m[96m_[0m[93m [0m[95m|[0m[93m_[0m[93m_[0m[92m [0m[93m [0m
[96m/[0m[96m [0m[93m [0m[93m [0m[91m\[0m[96m [0m[94m [0m[91m_[0m[94m_[0m[96m\[0m[96m_[0m[94m [0m[96m [0m[94m_[0m[95m_[0m[95m [0m[95m\[0m[95m [0m[96m [0m[92m|[0m[91m [0m[95m [0m[94m\[0m[91m [0m[93m_[0m[94m_[0m[95m [0m[92m\[0m[94m [0m
[95m\[0m[91m [0m[91m [0m[95m [0m[93m [0m[94m\[0m[91m_[0m[96m\[0m[94m [0m[95m [0m[94m\[0m[91m [0m[96m [0m[92m|[0m[92m [0m[93m\[0m[94m/[0m[95m [0m[96m [0m[93m|[0m[93m [0m[94m [0m[94m/[0m[94m [0m[92m\[0m[96m_[0m[94m\[0m[92m [0m[94m\[0m
[94m [0m[92m\[0m[92m_[0m[93m_[0m[96m_[0m[93m_[0m[93m_[0m[95m_[0m[91m [0m[91m [0m[94m/[0m[91m_[0m[91m_[0m[92m|[0m[92m [0m[94m [0m[93m|[0m[93m_[0m[91m_[0m[92m_[0m[91m_[0m[94m/[0m[92m|[0m[92m_[0m[94m_[0m[92m_[0m[95m [0m[94m [0m[95m/[0m
[93m [0m[91m [0m[92m [0m[95m [0m[91m [0m[93m [0m[95m [0m[92m [0m[93m\[0m[91m/[0m[92m [0m[96m [0m[94m [0m[92m [0m[95m [0m[92m [0m[92m [0m[96m [0m[93m [0m[93m [0m[92m [0m[92m [0m[91m [0m[94m [0m[93m [0m[93m [0m[94m\[0m[96m/[0m[96m [0m


[?25l[?2004h   🪱    Would you like to configure GRUB theme? 
                                                 
    Yes        No                                
                                                 
←→ toggle • enter submit • y Yes • n No          [D[4A [J[D[2K[?2004l[?25h[?1002l[?1003l[?1006l[94mS[0m[93mt[0m[93ma[0m[96mr[0m[91mt[0m[95mi[0m[91mn[0m[92mg[0m[95m [0m[96mg[0m[95mr[0m[93mu[0m[95mb[0m[94m [0m[91ms[0m[94me[0m[93mt[0m[92mu[0m[92mp[0m[96m [0m[91m.[0m[96m.[0m[96m.[0m

Generating grub configuration file ...
Found theme: /usr/share/grub/themes/tartarus/theme.txt
Found linux image: /boot/vmlinuz-linux
Found initrd image: /boot/amd-ucode.img /boot/initramfs-linux.img
Found fallback initrd image(s) in /boot:  amd-ucode.img initramfs-linux-fallback.img
Warning: os-prober will not be executed to detect other bootable partitions.
Systems on them will not be added to the GRUB boot configuration.
Check GRUB_DISABLE_OS_PROBER documentation entry.
Adding boot menu entry for UEFI Firmware Settings ...
done
[H[2J[3J[93m [0m[91m [0m[93m_[0m[95m_[0m[91m_[0m[95m_[0m[94m_[0m[96m_[0m[93m_[0m[92m_[0m[94m_[0m[92m.[0m[92m_[0m[94m_[0m[91m [0m[96m [0m[95m [0m[95m [0m[94m [0m[91m [0m[95m [0m[94m [0m[94m [0m[95m [0m[93m [0m[91m.[0m[96m_[0m[94m_[0m[91m [0m[93m [0m[93m.[0m[91m_[0m[92m_[0m[93m [0m[94m [0m[96m [0m
[95m [0m[93m/[0m[93m [0m[91m [0m[95m [0m[92m_[0m[92m_[0m[92m_[0m[92m_[0m[95m_[0m[96m/[0m[91m|[0m[92m [0m[95m [0m[94m|[0m[91m_[0m[91m_[0m[95m [0m[95m [0m[95m [0m[91m_[0m[92m_[0m[91m_[0m[91m_[0m[95m [0m[94m|[0m[95m [0m[96m [0m[92m|[0m[94m [0m[93m|[0m[93m [0m[92m [0m[91m|[0m[93m [0m[94m [0m
[93m [0m[93m\[0m[96m_[0m[94m_[0m[94m_[0m[93m_[0m[91m_[0m[93m [0m[91m [0m[93m\[0m[95m [0m[92m|[0m[94m [0m[96m [0m[93m|[0m[93m [0m[92m [0m[91m\[0m[93m_[0m[92m/[0m[92m [0m[96m_[0m[95m_[0m[95m [0m[94m\[0m[91m|[0m[93m [0m[93m [0m[94m|[0m[96m [0m[91m|[0m[91m [0m[95m [0m[91m|[0m[93m [0m[91m [0m
[91m [0m[93m/[0m[96m [0m[95m [0m[91m [0m[95m [0m[94m [0m[91m [0m[94m [0m[93m [0m[92m\[0m[96m|[0m[93m [0m[91m [0m[92m [0m[95mY[0m[94m [0m[91m [0m[92m\[0m[95m [0m[94m [0m[96m_[0m[93m_[0m[91m_[0m[95m/[0m[91m|[0m[96m [0m[95m [0m[91m|[0m[94m_[0m[94m|[0m[93m [0m[93m [0m[92m|[0m[95m_[0m[94m_[0m
[94m/[0m[95m_[0m[95m_[0m[94m_[0m[91m_[0m[94m_[0m[94m_[0m[92m_[0m[93m [0m[92m [0m[96m/[0m[94m|[0m[92m_[0m[94m_[0m[91m_[0m[93m|[0m[92m [0m[93m [0m[93m/[0m[94m\[0m[96m_[0m[94m_[0m[91m_[0m[91m [0m[95m [0m[92m>[0m[95m_[0m[91m_[0m[94m_[0m[91m_[0m[92m/[0m[92m_[0m[96m_[0m[93m_[0m[91m_[0m[94m/[0m
[91m [0m[91m [0m[94m [0m[95m [0m[94m [0m[92m [0m[96m [0m[96m [0m[94m\[0m[93m/[0m[91m [0m[93m [0m[96m [0m[94m [0m[91m [0m[95m [0m[94m\[0m[95m/[0m[91m [0m[93m [0m[92m [0m[94m [0m[94m [0m[92m\[0m[94m/[0m[92m [0m[92m [0m[92m [0m[96m [0m[94m [0m[96m [0m[95m [0m[96m [0m[94m [0m[93m [0m[96m [0m


[?25l[?2004h   🐚    Would you like configure the Shell? 
                                             
    Yes        No                            
                                             
←→ toggle • enter submit • y Yes • n No      [D[4A [J[D[2K[?2004l[?25h[?1002l[?1003l[?1006l[95mS[0m[94mh[0m[94me[0m[93ml[0m[94ml[0m[95m [0m[96ms[0m[95me[0m[93mt[0m[91mu[0m[92mp[0m[94m [0m[96mc[0m[93ma[0m[92mn[0m[95mc[0m[91me[0m[95ml[0m[96ml[0m[96me[0m[94md[0m[93m.[0m

[H[2J[3J[95m_[0m[95m_[0m[94m_[0m[93m_[0m[91m_[0m[93m_[0m[92m_[0m[95m_[0m[92m_[0m[96m [0m[92m.[0m[96m_[0m[93m_[0m[94m [0m[93m [0m[93m [0m[93m [0m[96m [0m[96m [0m[93m [0m[91m [0m[94m [0m[93m [0m[93m [0m[94m [0m[94m [0m[95m [0m[91m [0m[92m [0m[96m [0m[91m [0m[94m [0m[96m [0m[95m [0m[96m [0m[96m [0m[92m [0m[93m [0m[92m [0m[92m [0m[94m [0m[93m [0m[95m [0m[95m [0m[93m [0m[93m [0m[93m [0m[94m [0m[91m [0m[91m [0m
[91m\[0m[91m_[0m[96m [0m[93m [0m[96m [0m[92m_[0m[96m_[0m[92m_[0m[95m [0m[93m\[0m[96m|[0m[93m [0m[96m [0m[92m|[0m[91m [0m[95m [0m[94m [0m[94m_[0m[96m_[0m[95m_[0m[93m_[0m[94m [0m[96m_[0m[96m_[0m[95m_[0m[93m_[0m[91m_[0m[93m [0m[95m [0m[96m [0m[93m [0m[93m_[0m[95m_[0m[95m_[0m[94m_[0m[95m [0m[95m [0m[95m_[0m[92m_[0m[94m [0m[94m_[0m[93m_[0m[91m_[0m[95m_[0m[92m_[0m[96m_[0m[95m_[0m[91m_[0m[92m [0m[92m [0m
[92m/[0m[91m [0m[93m [0m[96m [0m[96m [0m[94m\[0m[93m [0m[92m [0m[95m\[0m[93m/[0m[94m|[0m[95m [0m[94m [0m[92m|[0m[95m [0m[93m_[0m[96m/[0m[95m [0m[92m_[0m[94m_[0m[94m [0m[96m\[0m[91m\[0m[96m_[0m[92m_[0m[92m [0m[91m [0m[95m\[0m[91m [0m[92m [0m[95m/[0m[96m [0m[96m [0m[95m [0m[92m [0m[94m\[0m[92m|[0m[93m [0m[93m [0m[96m|[0m[95m [0m[96m [0m[92m\[0m[92m_[0m[92m_[0m[93m_[0m[95m_[0m[93m [0m[92m\[0m[92m [0m
[95m\[0m[95m [0m[93m [0m[95m [0m[94m [0m[91m [0m[92m\[0m[96m_[0m[95m_[0m[93m_[0m[95m|[0m[96m [0m[91m [0m[92m|[0m[95m_[0m[94m\[0m[93m [0m[95m [0m[94m_[0m[91m_[0m[96m_[0m[94m/[0m[96m [0m[91m/[0m[92m [0m[93m_[0m[92m_[0m[92m [0m[92m\[0m[95m|[0m[91m [0m[91m [0m[96m [0m[93m|[0m[93m [0m[94m [0m[93m\[0m[96m [0m[92m [0m[96m|[0m[93m [0m[95m [0m[95m/[0m[92m [0m[91m [0m[95m|[0m[94m_[0m[96m>[0m[96m [0m[94m>[0m
[94m [0m[94m\[0m[96m_[0m[96m_[0m[96m_[0m[96m_[0m[96m_[0m[92m_[0m[91m [0m[94m [0m[91m/[0m[95m_[0m[92m_[0m[91m_[0m[93m_[0m[92m/[0m[96m\[0m[94m_[0m[91m_[0m[95m_[0m[96m [0m[96m [0m[94m>[0m[93m_[0m[94m_[0m[91m_[0m[94m_[0m[93m [0m[96m [0m[95m/[0m[96m_[0m[92m_[0m[94m_[0m[94m|[0m[91m [0m[94m [0m[92m/[0m[95m_[0m[95m_[0m[92m_[0m[92m_[0m[93m/[0m[94m|[0m[93m [0m[92m [0m[92m [0m[93m_[0m[92m_[0m[91m/[0m[92m [0m
[96m [0m[95m [0m[93m [0m[94m [0m[94m [0m[93m [0m[96m [0m[91m [0m[94m\[0m[93m/[0m[95m [0m[93m [0m[93m [0m[92m [0m[94m [0m[93m [0m[92m [0m[96m [0m[92m [0m[92m [0m[92m\[0m[96m/[0m[93m [0m[91m [0m[96m [0m[95m [0m[95m [0m[92m\[0m[95m/[0m[92m [0m[93m [0m[92m [0m[95m [0m[95m [0m[93m\[0m[92m/[0m[94m [0m[95m [0m[91m [0m[94m [0m[92m [0m[93m [0m[92m|[0m[92m_[0m[94m_[0m[95m|[0m[94m [0m[96m [0m[94m [0m[91m [0m


[?25l[?2004h   🧹    Would you like to perform a system cleanup? 
                                                     
    Yes        No                                    
                                                     
←→ toggle • enter submit • y Yes • n No              [D[4A [J[D[2K[?2004l[?25h[?1002l[?1003l[?1006l[91mS[0m[91mt[0m[91ma[0m[91mr[0m[91mt[0m[93mi[0m[96mn[0m[93mg[0m[95m [0m[96ms[0m[94my[0m[93ms[0m[94mt[0m[96me[0m[91mm[0m[91m [0m[91mc[0m[96ml[0m[91me[0m[94ma[0m[92mn[0m[92mu[0m[95mp[0m[94m.[0m[94m.[0m[95m.[0m

[H[2J[3J[H[2J[3J[96m[0m[94m[[0m[95mH[0m[92m[0m[93m[[0m[91m2[0m[96mJ[0m[95m[0m[94m[[0m[92m3[0m[93mJ[0m[91m_[0m[91m_[0m[91m_[0m[93m_[0m[95m_[0m[92m_[0m[92m_[0m[95m_[0m[95m_[0m[94m [0m[91m.[0m[94m_[0m[94m_[0m[95m [0m[94m [0m[94m [0m[95m [0m[94m [0m[93m [0m[96m [0m[92m [0m[92m [0m[96m [0m[94m [0m[94m [0m[91m [0m[96m [0m[92m [0m[96m [0m[92m [0m[96m [0m[96m [0m[94m [0m[95m [0m[93m [0m[96m [0m[95m [0m[92m [0m[96m [0m[93m [0m[92m [0m[94m [0m[96m [0m[91m [0m[93m [0m[92m [0m[94m [0m[93m [0m[93m [0m[93m [0m
[93m\[0m[94m_[0m[92m [0m[93m [0m[92m [0m[92m_[0m[96m_[0m[95m_[0m[93m [0m[91m\[0m[91m|[0m[95m [0m[91m [0m[92m|[0m[91m [0m[95m [0m[94m [0m[93m_[0m[96m_[0m[91m_[0m[91m_[0m[91m [0m[93m_[0m[96m_[0m[92m_[0m[91m_[0m[94m_[0m[93m [0m[92m [0m[91m [0m[92m [0m[93m_[0m[95m_[0m[91m_[0m[94m_[0m[95m [0m[91m [0m[91m_[0m[96m_[0m[96m [0m[94m_[0m[94m_[0m[92m_[0m[94m_[0m[91m_[0m[95m_[0m[96m_[0m[92m_[0m[92m [0m[93m [0m
[92m/[0m[93m [0m[93m [0m[92m [0m[94m [0m[93m\[0m[94m [0m[93m [0m[95m\[0m[92m/[0m[94m|[0m[94m [0m[96m [0m[95m|[0m[91m [0m[92m_[0m[95m/[0m[95m [0m[95m_[0m[95m_[0m[92m [0m[96m\[0m[95m\[0m[96m_[0m[94m_[0m[93m [0m[94m [0m[96m\[0m[96m [0m[91m [0m[93m/[0m[96m [0m[93m [0m[96m [0m[96m [0m[95m\[0m[93m|[0m[94m [0m[91m [0m[92m|[0m[96m [0m[92m [0m[92m\[0m[92m_[0m[96m_[0m[95m_[0m[92m_[0m[95m [0m[92m\[0m[96m [0m
[96m\[0m[93m [0m[91m [0m[94m [0m[94m [0m[91m [0m[92m\[0m[93m_[0m[96m_[0m[92m_[0m[92m|[0m[93m [0m[94m [0m[92m|[0m[91m_[0m[96m\[0m[92m [0m[93m [0m[92m_[0m[94m_[0m[92m_[0m[91m/[0m[93m [0m[95m/[0m[93m [0m[96m_[0m[96m_[0m[92m [0m[96m\[0m[95m|[0m[91m [0m[92m [0m[95m [0m[94m|[0m[95m [0m[92m [0m[94m\[0m[92m [0m[94m [0m[92m|[0m[92m [0m[95m [0m[92m/[0m[96m [0m[94m [0m[95m|[0m[93m_[0m[95m>[0m[92m [0m[93m>[0m
[95m [0m[94m\[0m[91m_[0m[93m_[0m[95m_[0m[95m_[0m[91m_[0m[94m_[0m[94m [0m[92m [0m[94m/[0m[94m_[0m[96m_[0m[94m_[0m[92m_[0m[91m/[0m[92m\[0m[91m_[0m[96m_[0m[95m_[0m[92m [0m[96m [0m[91m>[0m[91m_[0m[91m_[0m[93m_[0m[91m_[0m[93m [0m[93m [0m[93m/[0m[93m_[0m[91m_[0m[96m_[0m[96m|[0m[96m [0m[92m [0m[94m/[0m[92m_[0m[92m_[0m[96m_[0m[95m_[0m[94m/[0m[93m|[0m[93m [0m[95m [0m[91m [0m[95m_[0m[96m_[0m[93m/[0m[91m [0m
[95m [0m[91m [0m[95m [0m[93m [0m[95m [0m[96m [0m[96m [0m[96m [0m[96m\[0m[92m/[0m[96m [0m[91m [0m[94m [0m[95m [0m[94m [0m[93m [0m[94m [0m[94m [0m[94m [0m[95m [0m[91m\[0m[94m/[0m[91m [0m[95m [0m[94m [0m[95m [0m[91m [0m[93m\[0m[95m/[0m[93m [0m[91m [0m[96m [0m[96m [0m[91m [0m[93m\[0m[92m/[0m[91m [0m[96m [0m[95m [0m[96m [0m[96m [0m[91m [0m[94m|[0m[95m_[0m[94m_[0m[92m|[0m[92m [0m[95m [0m[96m [0m[92m [0m



Cache directory: /var/cache/pacman/pkg/
:: Do you want to remove ALL files from cache? [y/N] removing all files from cache...

Database directory: /var/lib/pacman/
:: Do you want to remove unused repositories? [Y/n] removing unused sync repositories...

Build directory: /home/kirk/.cache/yay
:: [1mDo you want to remove ALL AUR packages from cache? [Y/n] [0mremoving AUR packages from cache...
error: no targets specified (use -h for help)
 -> exit status 1
[H[2J[3J[92m [0m[93m [0m[93m_[0m[94m_[0m[93m_[0m[95m_[0m[94m_[0m[95m_[0m[95m_[0m[92m_[0m[92m_[0m[94m [0m[94m [0m[95m [0m[96m [0m[92m [0m[95m [0m[96m [0m[95m [0m[96m [0m[92m [0m[93m [0m[95m [0m[93m [0m[91m [0m[91m [0m[91m [0m[91m [0m[94m [0m[96m [0m[91m [0m[96m [0m[94m [0m[91m [0m[92m [0m[94m [0m[92m [0m[93m [0m[96m [0m[95m [0m[96m [0m[96m [0m[91m [0m[96m [0m[93m [0m[95m [0m[94m [0m[93m [0m[92m [0m[96m [0m[92m [0m[95m [0m[94m [0m
[94m [0m[93m/[0m[93m [0m[92m [0m[93m [0m[93m_[0m[93m_[0m[91m_[0m[94m_[0m[91m_[0m[91m/[0m[93m_[0m[96m_[0m[93m [0m[91m_[0m[95m_[0m[92m [0m[96m [0m[96m_[0m[91m_[0m[96m_[0m[92m_[0m[94m_[0m[95m [0m[96m [0m[94m [0m[91m_[0m[92m_[0m[95m_[0m[92m_[0m[96m_[0m[95m [0m[92m_[0m[93m_[0m[93m_[0m[94m_[0m[92m_[0m[93m [0m[91m_[0m[92m_[0m[93m_[0m[92m_[0m[96m_[0m[93m_[0m[91m_[0m[93m [0m[96m_[0m[96m_[0m[96m_[0m[95m.[0m[91m_[0m[96m_[0m[93m.[0m
[94m [0m[93m\[0m[91m_[0m[94m_[0m[96m_[0m[93m_[0m[91m_[0m[96m [0m[96m [0m[95m\[0m[94m|[0m[94m [0m[96m [0m[93m|[0m[92m [0m[92m [0m[95m\[0m[91m/[0m[95m [0m[93m [0m[91m [0m[91m [0m[96m [0m[93m\[0m[92m [0m[96m/[0m[96m [0m[95m [0m[94m [0m[93m [0m[92m [0m[93m\[0m[92m\[0m[91m_[0m[93m_[0m[94m [0m[94m [0m[92m\[0m[94m\[0m[92m_[0m[93m [0m[92m [0m[93m_[0m[93m_[0m[96m [0m[94m<[0m[91m [0m[92m [0m[93m [0m[92m|[0m[94m [0m[92m [0m[95m|[0m
[94m [0m[95m/[0m[96m [0m[91m [0m[93m [0m[93m [0m[96m [0m[92m [0m[91m [0m[94m [0m[91m\[0m[94m [0m[95m [0m[91m|[0m[91m [0m[94m [0m[92m/[0m[96m [0m[91m [0m[92mY[0m[91m [0m[94mY[0m[91m [0m[96m [0m[93m\[0m[91m [0m[96m [0m[94mY[0m[96m [0m[94mY[0m[96m [0m[94m [0m[92m\[0m[91m/[0m[93m [0m[96m_[0m[96m_[0m[96m [0m[93m\[0m[93m|[0m[95m [0m[96m [0m[91m|[0m[95m [0m[92m\[0m[96m/[0m[92m\[0m[93m_[0m[92m_[0m[96m_[0m[91m [0m[96m [0m[94m|[0m
[96m/[0m[95m_[0m[95m_[0m[92m_[0m[91m_[0m[92m_[0m[91m_[0m[93m_[0m[96m [0m[92m [0m[92m/[0m[92m_[0m[94m_[0m[94m_[0m[95m_[0m[94m/[0m[96m|[0m[91m_[0m[95m_[0m[93m|[0m[94m_[0m[94m|[0m[93m [0m[95m [0m[94m/[0m[96m_[0m[95m_[0m[94m|[0m[91m_[0m[91m|[0m[94m [0m[91m [0m[91m([0m[91m_[0m[94m_[0m[94m_[0m[95m_[0m[91m [0m[91m [0m[96m/[0m[95m_[0m[93m_[0m[93m|[0m[96m [0m[94m [0m[92m [0m[95m/[0m[91m [0m[92m_[0m[93m_[0m[96m_[0m[91m_[0m[91m|[0m
[92m [0m[91m [0m[94m [0m[93m [0m[96m [0m[95m [0m[91m [0m[96m [0m[91m\[0m[96m/[0m[95m [0m[95m [0m[96m [0m[92m [0m[93m [0m[93m [0m[96m [0m[96m [0m[96m [0m[95m [0m[96m [0m[95m [0m[94m\[0m[96m/[0m[92m [0m[93m [0m[94m [0m[95m [0m[96m [0m[94m [0m[95m\[0m[93m/[0m[93m [0m[93m [0m[91m [0m[94m [0m[96m [0m[92m\[0m[91m/[0m[96m [0m[95m [0m[92m [0m[91m [0m[96m [0m[95m [0m[96m [0m[96m\[0m[91m/[0m[94m [0m[93m [0m[91m [0m[95m [0m[96m [0m


[38;2;142;192;124m[SUCCESS][0m Installation completed successfully!

Completed steps:

[92m [0m[96m [0m[96m [0m[95m[0m[93m [0m[96m [0m[92m [0m[96m [0m[96mH[0m[95my[0m[94mp[0m[95mr[0m[95ml[0m[92ma[0m[95mn[0m[94md[0m[96m [0m[92mG[0m[96mr[0m[95mu[0m[91mv[0m[94mb[0m[92mo[0m[95mx[0m[93m [0m[96mI[0m[93mn[0m[94ms[0m[96mt[0m[96ma[0m[92ml[0m[94ml[0m[93ma[0m[92mt[0m[92mi[0m[91mo[0m[92mn[0m[96m [0m[93mi[0m[96ms[0m[94m [0m[94mC[0m[92mo[0m[94mm[0m[93mp[0m[92ml[0m[91me[0m[93mt[0m[95me[0m[95m [0m[92m![0m[95m![0m[94m [0m[92m🫠[0m
[95m [0m[93m [0m[95m [0m[92m [0m[96m [0m[94m [0m[93m [0m[92m [0m[96mA[0m[96m [0m[93ml[0m[92mi[0m[92ms[0m[94mt[0m[93m [0m[96mo[0m[91mf[0m[91m [0m[93mc[0m[94mo[0m[93mm[0m[95mm[0m[91mo[0m[93mn[0m[94m [0m[91mh[0m[95me[0m[91ml[0m[96mp[0m[95mf[0m[91mu[0m[93ml[0m[91m [0m[94mk[0m[91me[0m[91my[0m[92mb[0m[96mi[0m[94mn[0m[93md[0m[95ms[0m[96m [0m[96mi[0m[94ms[0m[92m [0m[94mb[0m[94me[0m[95ml[0m[96mo[0m[96mw[0m[94m:[0m

  ⌨️  ▏ 󰖳 + ENTER             👻   Ghostty Terminal
  ⌨️  ▏ 󰖳 + B                     Firefox
  ⌨️  ▏ 󰖳 + F                     Krusader Browser
  ⌨️  ▏ 󰖳 + N                     NeoVim
  ⌨️  ▏ 󰖳 + Q                  󰅙   Close Window
  ⌨️  ▏ 󰖳 + SPACE              󰀻   Rofi App Launcher
  ⌨️  ▏ 󰖳 + CTRL + Q           󰗽   Logout
  ⌨️  ▏ 󰖳 + Mouse Left        🪟   Move Window

[95m [0m[91m [0m[95m [0m[95mD[0m[95mi[0m[95ms[0m[92mp[0m[91ml[0m[91ma[0m[93my[0m[95m [0m[91mF[0m[93mu[0m[93ml[0m[96ml[0m[94m [0m[96ml[0m[95mi[0m[94ms[0m[93mt[0m[91m [0m[91mo[0m[94mf[0m[95m [0m[96mk[0m[91me[0m[93my[0m[91mb[0m[91mi[0m[94mn[0m[91md[0m[91ms[0m[92m [0m[93mw[0m[95mi[0m[93mt[0m[96mh[0m[94m:[0m[95m [0m[91m [0m[94m⌨[0m[96m️[0m[92m [0m[96m [0m[96m▏[0m[93m [0m[91m󰖳[0m[91m [0m[92m+[0m[91m [0m[96mS[0m[96mP[0m[96mA[0m[91mC[0m[92mE[0m
[92m [0m[92m [0m[93m [0m[93mo[0m[96mr[0m[92m [0m[92ml[0m[95me[0m[94mf[0m[95mt[0m[96m-[0m[96mc[0m[96ml[0m[94mi[0m[96mc[0m[96mk[0m[92m [0m[95mt[0m[91mh[0m[93me[0m[95m [0m[96mg[0m[94me[0m[91ma[0m[91mr[0m[93m [0m[94mi[0m[94mc[0m[93mo[0m[92mn[0m[91m [0m[96m [0m[93m[0m[95m [0m[94m [0m[96mi[0m[94mn[0m[94m [0m[96mt[0m[92mh[0m[91me[0m[94m [0m[96mW[0m[96ma[0m[96my[0m[95mb[0m[94ma[0m[94mr[0m

[96m [0m[96mR[0m[95me[0m[92ms[0m[93mt[0m[96ma[0m[96mr[0m[95mt[0m[93m [0m[95mi[0m[93ms[0m[94m [0m[95mr[0m[93me[0m[92mq[0m[96mu[0m[91mi[0m[92mr[0m[91me[0m[96md[0m[93m [0m[96mt[0m[91mo[0m[91m [0m[95mc[0m[96mo[0m[93mm[0m[92mp[0m[95ml[0m[94me[0m[94mt[0m[94me[0m[95m [0m[95ms[0m[94me[0m[95mt[0m[95mu[0m[95mp[0m[92m [0m[95m![0m[93m![0m


What would you like to do next?
  1. Exit
  2. Reboot system
  3. Launch Hyprland

Enter your choice : 
[38;2;69;133;136m[INFO][0m Exiting installer
