[H[2J[3J[94m [0m[94m [0m[92m_[0m[91m_[0m[96m_[0m[91m [0m[91m_[0m[92m_[0m[92m_[0m[95m [0m[92m [0m[93m [0m[91m [0m[93m [0m[94m [0m[96m [0m[92m [0m[95m [0m[96m [0m[94m [0m[95m [0m[91m [0m[94m [0m[94m [0m[94m [0m[93m [0m[96m [0m[95m [0m[91m [0m[91m [0m[94m [0m[93m [0m[96m [0m[94m [0m[91m [0m[92m [0m[91m [0m[95m [0m[96m [0m[95m [0m[92m [0m[91m [0m[93m [0m[94m [0m[93m [0m[92m [0m[95m [0m[95m [0m[93m [0m[95m [0m[91m [0m[93m [0m[96m [0m[91m [0m[93m [0m[95m [0m[93m [0m
[91m [0m[96m/[0m[94m [0m[95m [0m[91m [0m[93m|[0m[91m [0m[95m [0m[93m [0m[92m\[0m[92m [0m[91m_[0m[96m_[0m[93m_[0m[91m.[0m[92m_[0m[91m_[0m[96m.[0m[91m_[0m[96m_[0m[94m_[0m[93m_[0m[93m_[0m[95m_[0m[96m_[0m[95m_[0m[94m_[0m[92m_[0m[94m_[0m[96m_[0m[93m_[0m[94m [0m[94m [0m[95m_[0m[93m_[0m[92m_[0m[92m_[0m[91m_[0m[95m_[0m[95m_[0m[96m_[0m[94m_[0m[95m_[0m[96m_[0m[93m [0m[91m_[0m[95m_[0m[96m [0m[93m_[0m[93m_[0m[91m_[0m[92m_[0m[93m_[0m[96m [0m[92m [0m[95m_[0m[93m_[0m
[96m/[0m[93m [0m[91m [0m[92m [0m[91m [0m[95m~[0m[94m [0m[96m [0m[96m [0m[96m [0m[94m<[0m[92m [0m[96m [0m[91m [0m[92m|[0m[91m [0m[96m [0m[96m|[0m[93m\[0m[95m_[0m[93m_[0m[91m_[0m[91m_[0m[95m [0m[92m\[0m[92m_[0m[93m [0m[92m [0m[94m_[0m[95m_[0m[94m [0m[95m\[0m[93m/[0m[94m [0m[94m_[0m[94m_[0m[95m_[0m[92m\[0m[94m_[0m[92m [0m[93m [0m[96m_[0m[93m_[0m[91m [0m[95m\[0m[93m [0m[92m [0m[96m|[0m[96m [0m[96m [0m[93m\[0m[96m [0m[96m [0m[92m\[0m[91m/[0m[96m [0m[91m/[0m
[95m\[0m[92m [0m[91m [0m[92m [0m[92m [0m[95mY[0m[91m [0m[93m [0m[93m [0m[91m [0m[93m/[0m[96m\[0m[91m_[0m[92m_[0m[96m_[0m[91m [0m[96m [0m[93m|[0m[96m|[0m[95m [0m[96m [0m[94m|[0m[91m_[0m[92m>[0m[96m [0m[94m>[0m[91m [0m[96m [0m[91m|[0m[95m [0m[92m\[0m[91m/[0m[91m [0m[92m/[0m[96m_[0m[95m/[0m[91m [0m[96m [0m[93m>[0m[96m [0m[92m [0m[93m|[0m[91m [0m[94m\[0m[96m/[0m[93m [0m[95m [0m[94m|[0m[93m [0m[94m [0m[94m/[0m[92m\[0m[94m [0m[92m [0m[95m [0m[94m/[0m[91m [0m
[91m [0m[96m\[0m[96m_[0m[94m_[0m[94m_[0m[93m|[0m[95m_[0m[95m [0m[92m [0m[91m/[0m[94m [0m[95m/[0m[93m [0m[95m_[0m[93m_[0m[93m_[0m[94m_[0m[93m|[0m[96m|[0m[95m [0m[92m [0m[94m [0m[91m_[0m[93m_[0m[92m/[0m[95m|[0m[91m_[0m[91m_[0m[92m|[0m[91m [0m[95m [0m[92m\[0m[95m_[0m[91m_[0m[96m_[0m[95m [0m[91m [0m[96m/[0m[96m|[0m[92m_[0m[93m_[0m[93m|[0m[95m [0m[95m [0m[93m|[0m[91m_[0m[95m_[0m[93m_[0m[94m_[0m[93m/[0m[96m [0m[93m [0m[96m\[0m[95m_[0m[92m/[0m[94m [0m[93m [0m
[91m [0m[96m [0m[92m [0m[92m [0m[91m [0m[91m [0m[94m [0m[93m\[0m[96m/[0m[94m [0m[94m [0m[93m\[0m[96m/[0m[95m [0m[91m [0m[93m [0m[91m [0m[95m [0m[95m|[0m[94m_[0m[95m_[0m[93m|[0m[93m [0m[91m [0m[93m [0m[92m [0m[91m [0m[95m [0m[92m [0m[93m [0m[94m/[0m[95m_[0m[94m_[0m[94m_[0m[96m_[0m[94m_[0m[91m/[0m[91m [0m[94m [0m[95m [0m[96m [0m[91m [0m[96m [0m[94m [0m[93m [0m[94m [0m[94m [0m[91m [0m[92m [0m[93m [0m[94m [0m[95m [0m[94m [0m[96m [0m[96m [0m[96m [0m[92m [0m


[38;2;69;133;136m[INFO][0m Welcome to Hyprland Gruvbox Installation!
[38;2;69;133;136m[INFO][0m Logs will be saved to: /home/kirk/.hyprgruv/assets/scripts/logs/install_20250309_124321.log

[H[2J[3J[93m_[0m[95m_[0m[94m_[0m[96m_[0m[96m_[0m[93m_[0m[95m_[0m[91m_[0m[94m_[0m[91m [0m[93m.[0m[91m_[0m[96m_[0m[93m [0m[96m [0m[91m [0m[91m [0m[93m [0m[92m [0m[91m [0m[96m [0m[96m [0m[91m [0m[92m [0m[92m [0m[95m [0m[96m [0m[94m [0m[93m [0m[95m [0m[95m [0m[93m [0m[92m [0m[95m [0m[91m [0m[93m [0m[92m [0m[93m [0m[94m [0m[91m [0m[91m [0m[96m [0m[96m [0m[96m [0m[91m [0m[93m [0m[95m [0m[95m [0m[92m [0m[94m [0m
[92m\[0m[94m_[0m[95m [0m[95m [0m[95m [0m[96m_[0m[96m_[0m[95m_[0m[93m [0m[92m\[0m[95m|[0m[91m [0m[94m [0m[96m|[0m[95m [0m[95m [0m[93m [0m[93m_[0m[96m_[0m[92m_[0m[93m_[0m[94m [0m[96m_[0m[95m_[0m[96m_[0m[92m_[0m[95m_[0m[96m [0m[95m [0m[93m [0m[93m [0m[91m_[0m[96m_[0m[96m_[0m[93m_[0m[95m [0m[94m [0m[91m_[0m[95m_[0m[94m [0m[92m_[0m[96m_[0m[95m_[0m[93m_[0m[91m_[0m[93m_[0m[92m_[0m[96m_[0m[95m [0m[92m [0m
[93m/[0m[95m [0m[91m [0m[94m [0m[94m [0m[93m\[0m[93m [0m[96m [0m[92m\[0m[93m/[0m[93m|[0m[92m [0m[94m [0m[91m|[0m[92m [0m[91m_[0m[91m/[0m[92m [0m[94m_[0m[91m_[0m[94m [0m[95m\[0m[92m\[0m[93m_[0m[94m_[0m[94m [0m[95m [0m[94m\[0m[92m [0m[95m [0m[92m/[0m[96m [0m[92m [0m[96m [0m[94m [0m[94m\[0m[91m|[0m[96m [0m[93m [0m[96m|[0m[96m [0m[93m [0m[91m\[0m[93m_[0m[91m_[0m[93m_[0m[92m_[0m[92m [0m[95m\[0m[93m [0m
[96m\[0m[91m [0m[93m [0m[91m [0m[94m [0m[92m [0m[95m\[0m[95m_[0m[92m_[0m[93m_[0m[94m|[0m[93m [0m[96m [0m[94m|[0m[91m_[0m[95m\[0m[96m [0m[95m [0m[96m_[0m[93m_[0m[96m_[0m[94m/[0m[95m [0m[93m/[0m[93m [0m[93m_[0m[93m_[0m[92m [0m[96m\[0m[94m|[0m[94m [0m[91m [0m[93m [0m[95m|[0m[96m [0m[91m [0m[94m\[0m[93m [0m[95m [0m[93m|[0m[91m [0m[91m [0m[96m/[0m[93m [0m[96m [0m[92m|[0m[96m_[0m[92m>[0m[94m [0m[96m>[0m
[95m [0m[93m\[0m[91m_[0m[95m_[0m[95m_[0m[92m_[0m[95m_[0m[95m_[0m[96m [0m[95m [0m[92m/[0m[94m_[0m[94m_[0m[91m_[0m[94m_[0m[96m/[0m[92m\[0m[94m_[0m[93m_[0m[91m_[0m[96m [0m[93m [0m[94m>[0m[93m_[0m[96m_[0m[94m_[0m[96m_[0m[95m [0m[93m [0m[92m/[0m[94m_[0m[94m_[0m[94m_[0m[96m|[0m[91m [0m[93m [0m[94m/[0m[92m_[0m[93m_[0m[94m_[0m[96m_[0m[93m/[0m[93m|[0m[95m [0m[93m [0m[95m [0m[91m_[0m[94m_[0m[91m/[0m[94m [0m
[95m [0m[93m [0m[91m [0m[95m [0m[92m [0m[96m [0m[95m [0m[96m [0m[96m\[0m[95m/[0m[91m [0m[95m [0m[93m [0m[96m [0m[94m [0m[93m [0m[95m [0m[94m [0m[96m [0m[91m [0m[92m\[0m[91m/[0m[95m [0m[96m [0m[91m [0m[93m [0m[96m [0m[91m\[0m[92m/[0m[95m [0m[91m [0m[93m [0m[91m [0m[93m [0m[96m\[0m[93m/[0m[94m [0m[94m [0m[94m [0m[96m [0m[96m [0m[96m [0m[95m|[0m[92m_[0m[91m_[0m[91m|[0m[94m [0m[96m [0m[94m [0m[92m [0m


[?25l[?2004h   🍬     Would you like to install Sugar-Candy SDDM theme?  
                                                             
    Yes        No                                            
                                                             
←→ toggle • enter submit • y Yes • n No                      [D[4A [J[D[2K[?2004l[?25h[?1002l[?1003l[?1006l[94mC[0m[93mo[0m[95mn[0m[95mf[0m[94mi[0m[95mg[0m[95mu[0m[93mr[0m[95mi[0m[94mn[0m[91mg[0m[91m [0m[94mS[0m[96mh[0m[96me[0m[93ml[0m[96ml[0m[91m.[0m[96m.[0m[92m.[0m

Detected sddm-sugar-candy-git installed.
Moving /home/kirk/.hyprgruv/assets/sddm/sddm.jpg to /usr/share/sddm/themes/sugar-candy/Backgrounds/sddm.jpg...
Moving /home/kirk/.hyprgruv/assets/sddm/theme.conf to /usr/share/sddm/themes/sugar-candy/theme.conf...
Removing existing directory /usr/lib/sddm/sddm.conf.d if present...

Moving /home/kirk/.hyprgruv/assets/sddm/sddm.conf.d to /usr/lib/sddm/sddm.conf.d...

SDDM theme installation complete.
You can test the theme using the command: sudo sddm --test-mode
To exit the test, press Ctrl+C.
Usage: ar [emulation options] [-]{dmpqrstx}[abcDfilMNoOPsSTuvV] [--plugin <name>] [member-name] [count] archive-file file...
       ar -M [<mri-script]
 commands:
  d            - delete file(s) from the archive
  m[ab]        - move file(s) in the archive
  p            - print file(s) found in the archive
  q[f]         - quick append file(s) to the archive
  r[ab][f][u]  - replace existing or insert new file(s) into the archive
  s            - act as ranlib
  t[O][v]      - display contents of the archive
  x[o]         - extract file(s) from the archive
 command specific modifiers:
  [a]          - put file(s) after [member-name]
  [b]          - put file(s) before [member-name] (same as [i])
  [D]          - use zero for timestamps and uids/gids (default)
  [U]          - use actual timestamps and uids/gids
  [N]          - use instance [count] of name
  [f]          - truncate inserted file names
  [P]          - use full path names when matching
  [o]          - preserve original dates
  [O]          - display offsets of files in the archive
  [u]          - only replace files that are newer than current archive contents
 generic modifiers:
  [c]          - do not warn if the library had to be created
  [s]          - create an archive index (cf. ranlib)
  [l <text> ]  - specify the dependencies of this library
  [S]          - do not build a symbol table
  [T]          - deprecated, use --thin instead
  [v]          - be verbose
  [V]          - display the version number
  @<file>      - read options from <file>
  --target=BFDNAME - specify the target object format as BFDNAME
  --output=DIRNAME - specify the output directory for extraction operations
  --record-libdeps=<text> - specify the dependencies of this library
  --thin       - make a thin archive
 optional:
  --plugin <p> - load the specified plugin
 emulation options: 
  No emulation specific options
ar: supported targets: elf64-x86-64 elf32-i386 elf32-iamcu elf32-x86-64 pei-i386 pe-x86-64 pei-x86-64 elf64-little elf64-big elf32-little elf32-big pe-bigobj-x86-64 pe-i386 pdb elf64-bpfle elf64-bpfbe srec symbolsrec verilog tekhex binary ihex plugin
[96m [0m[95m [0m[96m [0m[92m_[0m[91m_[0m[91m_[0m[93m_[0m[93m_[0m[95m [0m[95m [0m[96m [0m[95m [0m[93m [0m[93m [0m[92m [0m[93m [0m[96m [0m[91m [0m[93m [0m[93m [0m[94m [0m[94m [0m[94m [0m[92m [0m[94m.[0m[93m_[0m[91m_[0m[95m [0m[92m [0m[93m_[0m[96m_[0m[93m [0m[96m [0m[95m [0m[93m [0m[92m [0m[93m [0m[92m [0m[91m [0m[95m [0m[95m [0m[95m [0m[94m [0m[94m [0m[94m [0m[95m [0m[96m [0m[92m [0m[92m [0m[93m [0m[91m [0m[91m [0m[95m [0m[96m [0m
[93m [0m[96m [0m[92m/[0m[94m [0m[91m [0m[91m [0m[94m [0m[92m [0m[94m\[0m[94m [0m[92m [0m[93m [0m[91m_[0m[96m_[0m[94m_[0m[92m_[0m[95m [0m[95m [0m[91m [0m[93m_[0m[95m_[0m[96m_[0m[95m_[0m[92m [0m[94m|[0m[91m_[0m[94m_[0m[93m|[0m[92m/[0m[92m [0m[92m [0m[92m|[0m[93m_[0m[95m [0m[95m [0m[96m_[0m[94m_[0m[96m_[0m[95m_[0m[94m_[0m[96m_[0m[95m_[0m[92m_[0m[92m_[0m[94m_[0m[94m_[0m[92m [0m[91m [0m[95m_[0m[91m_[0m[94m_[0m[92m_[0m[94m_[0m[95m_[0m
[92m [0m[96m/[0m[95m [0m[93m [0m[91m\[0m[92m [0m[94m/[0m[96m [0m[95m [0m[94m\[0m[92m [0m[94m/[0m[96m [0m[91m [0m[94m_[0m[95m [0m[94m\[0m[92m [0m[95m/[0m[93m [0m[91m [0m[94m [0m[95m [0m[96m\[0m[95m|[0m[94m [0m[91m [0m[96m\[0m[95m [0m[96m [0m[94m [0m[93m_[0m[96m_[0m[94m\[0m[96m/[0m[95m [0m[92m [0m[94m_[0m[96m [0m[95m\[0m[93m_[0m[95m [0m[94m [0m[95m_[0m[94m_[0m[96m [0m[95m\[0m[92m/[0m[92m [0m[91m [0m[95m_[0m[93m_[0m[94m_[0m[92m/[0m
[92m/[0m[95m [0m[94m [0m[91m [0m[94m [0m[94mY[0m[92m [0m[94m [0m[93m [0m[91m [0m[91m([0m[91m [0m[95m [0m[94m<[0m[91m_[0m[94m>[0m[93m [0m[96m)[0m[91m [0m[91m [0m[94m [0m[94m|[0m[91m [0m[96m [0m[91m\[0m[93m [0m[96m [0m[92m|[0m[91m|[0m[93m [0m[93m [0m[93m|[0m[96m [0m[93m([0m[96m [0m[94m [0m[92m<[0m[93m_[0m[94m>[0m[93m [0m[93m)[0m[93m [0m[93m [0m[92m|[0m[93m [0m[93m\[0m[95m/[0m[93m\[0m[95m_[0m[91m_[0m[93m_[0m[94m [0m[92m\[0m[92m [0m
[94m\[0m[91m_[0m[92m_[0m[91m_[0m[95m_[0m[95m|[0m[91m_[0m[96m_[0m[93m [0m[94m [0m[93m/[0m[92m\[0m[95m_[0m[94m_[0m[96m_[0m[95m_[0m[91m/[0m[93m|[0m[95m_[0m[91m_[0m[93m_[0m[93m|[0m[91m [0m[96m [0m[94m/[0m[95m_[0m[93m_[0m[94m|[0m[93m|[0m[94m_[0m[91m_[0m[91m|[0m[93m [0m[96m [0m[96m\[0m[96m_[0m[91m_[0m[92m_[0m[96m_[0m[96m/[0m[93m|[0m[95m_[0m[94m_[0m[92m|[0m[93m [0m[96m [0m[93m/[0m[92m_[0m[94m_[0m[93m_[0m[94m_[0m[96m [0m[96m [0m[92m>[0m
[92m [0m[93m [0m[95m [0m[92m [0m[91m [0m[95m [0m[91m [0m[95m [0m[95m\[0m[95m/[0m[96m [0m[91m [0m[92m [0m[95m [0m[94m [0m[95m [0m[91m [0m[92m [0m[95m [0m[95m [0m[93m [0m[96m [0m[91m\[0m[93m/[0m[91m [0m[94m [0m[93m [0m[94m [0m[91m [0m[94m [0m[92m [0m[94m [0m[91m [0m[91m [0m[94m [0m[95m [0m[91m [0m[91m [0m[92m [0m[91m [0m[94m [0m[94m [0m[96m [0m[93m [0m[94m [0m[95m [0m[92m [0m[96m [0m[91m [0m[94m [0m[91m [0m[93m\[0m[93m/[0m[94m [0m


[?25l[?2004h   🖥️    Would you like to configure monitor setup? 
                                                    
    Yes        No                                   
                                                    
←→ toggle • enter submit • y Yes • n No             [D