[22:47:19.193][info] [#0:/home/kirk/.local/share/nvim/mason/packages/lua-language-server/libexec/main.lua:68]: Lua Lsp startup, root: 	/home/kirk/.local/share/nvim/mason/packages/lua-language-server/libexec
[22:47:19.193][info] [#0:/home/kirk/.local/share/nvim/mason/packages/lua-language-server/libexec/main.lua:69]: ROOT:	/home/kirk/.local/share/nvim/mason/packages/lua-language-server/libexec
[22:47:19.193][info] [#0:/home/kirk/.local/share/nvim/mason/packages/lua-language-server/libexec/main.lua:70]: LOGPATH:	/home/kirk/.local/share/nvim/mason/packages/lua-language-server/libexec/log
[22:47:19.193][info] [#0:/home/kirk/.local/share/nvim/mason/packages/lua-language-server/libexec/main.lua:71]: METAPATH:	/home/kirk/.local/share/nvim/mason/packages/lua-language-server/libexec/meta
[22:47:19.193][info] [#0:/home/kirk/.local/share/nvim/mason/packages/lua-language-server/libexec/main.lua:72]: VERSION:	3.13.6
[22:47:19.211][info] [#0:script/proto/proto.lua:260]: Listen Mode: stdio
[22:47:19.211][info] [#0:script/service/service.lua:145]: 
========= Medical Examination Report =========
    --------------- Memory ---------------
        Total: 2.258 MB
        # 00 : 2.258 MB
        # 01 : 0.000 MB
        # 02 : 0.000 MB
        # 03 : 0.000 MB
        # 04 : 0.000 MB
    --------------- Coroutine ---------------
        Total:     0
        Running:   0
        Suspended: 0
        Normal:    0
        Dead:      0
    --------------- Cache ---------------
        Total: 1
        Dead:  0
    ---------------  RPC  ---------------
        Holdon:   0
        Waiting:  0
==============================================
[22:47:19.314][info] [#0:script/client.lua:657]: Client init	{
  capabilities = {
    general = {
      positionEncodings = { "utf-16" }
    },
    textDocument = {
      callHierarchy = {
        dynamicRegistration = false
      },
      codeAction = {
        codeActionLiteralSupport = {
          codeActionKind = {
            valueSet = { "", "quickfix", "refactor", "refactor.extract", "refactor.inline", "refactor.rewrite", "source", "source.organizeImports" }
          }
        },
        dataSupport = true,
        dynamicRegistration = true,
        isPreferredSupport = true,
        resolveSupport = {
          properties = { "edit" }
        }
      },
      completion = {
        completionItem = {
          commitCharactersSupport = true,
          deprecatedSupport = true,
          documentationFormat = { "markdown", "plaintext" },
          insertReplaceSupport = true,
          insertTextModeSupport = {
            valueSet = { 1, 2 }
          },
          labelDetailsSupport = true,
          preselectSupport = true,
          resolveSupport = {
            properties = { "documentation", "additionalTextEdits", "insertTextFormat", "insertTextMode", "command" }
          },
          snippetSupport = true,
          tagSupport = {
            valueSet = { 1 }
          }
        },
        completionItemKind = {
          valueSet = { 1, 2, 3, 4, 5, 6, 7, 8, 9, 10, 11, 12, 13, 14, 15, 16, 17, 18, 19, 20, 21, 22, 23, 24, 25 }
        },
        completionList = {
          itemDefaults = { "commitCharacters", "editRange", "insertTextFormat", "insertTextMode", "data" }
        },
        contextSupport = true,
        dynamicRegistration = false,
        insertTextMode = 1
      },
      declaration = {
        linkSupport = true
      },
      definition = {
        dynamicRegistration = true,
        linkSupport = true
      },
      diagnostic = {
        dynamicRegistration = false
      },
      documentHighlight = {
        dynamicRegistration = false
      },
      documentSymbol = {
        dynamicRegistration = false,
        hierarchicalDocumentSymbolSupport = true,
        symbolKind = {
          valueSet = { 1, 2, 3, 4, 5, 6, 7, 8, 9, 10, 11, 12, 13, 14, 15, 16, 17, 18, 19, 20, 21, 22, 23, 24, 25, 26 }
        }
      },
      formatting = {
        dynamicRegistration = true
      },
      hover = {
        contentFormat = { "markdown", "plaintext" },
        dynamicRegistration = true
      },
      implementation = {
        linkSupport = true
      },
      inlayHint = {
        dynamicRegistration = true,
        resolveSupport = {
          properties = { "textEdits", "tooltip", "location", "command" }
        }
      },
      publishDiagnostics = {
        dataSupport = true,
        relatedInformation = true,
        tagSupport = {
          valueSet = { 1, 2 }
        }
      },
      rangeFormatting = {
        dynamicRegistration = true
      },
      references = {
        dynamicRegistration = false
      },
      rename = {
        dynamicRegistration = true,
        prepareSupport = true
      },
      semanticTokens = {
        augmentsSyntaxTokens = true,
        dynamicRegistration = false,
        formats = { "relative" },
        multilineTokenSupport = false,
        overlappingTokenSupport = true,
        requests = {
          full = {
            delta = true
          },
          range = false
        },
        serverCancelSupport = false,
        tokenModifiers = { "declaration", "definition", "readonly", "static", "deprecated", "abstract", "async", "modification", "documentation", "defaultLibrary" },
        tokenTypes = { "namespace", "type", "class", "enum", "interface", "struct", "typeParameter", "parameter", "variable", "property", "enumMember", "event", "function", "method", "macro", "keyword", "modifier", "comment", "string", "number", "regexp", "operator", "decorator" }
      },
      signatureHelp = {
        dynamicRegistration = false,
        signatureInformation = {
          activeParameterSupport = true,
          documentationFormat = { "markdown", "plaintext" },
          parameterInformation = {
            labelOffsetSupport = true
          }
        }
      },
      synchronization = {
        didSave = true,
        dynamicRegistration = false,
        willSave = true,
        willSaveWaitUntil = true
      },
      typeDefinition = {
        linkSupport = true
      }
    },
    window = {
      showDocument = {
        support = true
      },
      showMessage = {
        messageActionItem = {
          additionalPropertiesSupport = false
        }
      },
      workDoneProgress = true
    },
    workspace = {
      applyEdit = true,
      configuration = true,
      didChangeConfiguration = {
        dynamicRegistration = false
      },
      didChangeWatchedFiles = {
        dynamicRegistration = false,
        relativePatternSupport = true
      },
      inlayHint = {
        refreshSupport = true
      },
      semanticTokens = {
        refreshSupport = true
      },
      symbol = {
        dynamicRegistration = false,
        symbolKind = {
          valueSet = { 1, 2, 3, 4, 5, 6, 7, 8, 9, 10, 11, 12, 13, 14, 15, 16, 17, 18, 19, 20, 21, 22, 23, 24, 25, 26 }
        }
      },
      workspaceEdit = {
        resourceOperations = { "rename", "create", "delete" }
      },
      workspaceFolders = true
    }
  },
  clientInfo = {
    name = "Neovim",
    version = "0.10.4+v0.10.4"
  },
  initializationOptions = {},
  processId = 112858,
  rootPath = "/home/kirk/.hyprgruv",
  rootUri = "file:///home/kirk/.hyprgruv",
  trace = "off",
  workDoneToken = "1",
  workspaceFolders = { {
      name = "/home/kirk/.hyprgruv",
      uri = "file:///home/kirk/.hyprgruv"
    } }
}
[22:47:19.314][info] [#0:script/language.lua:137]: VSC language: nil
[22:47:19.314][info] [#0:script/language.lua:138]: LS  language: en-us
[22:47:19.314][info] [#0:script/workspace/workspace.lua:38]: Workspace init root: 	file:///home/kirk/.hyprgruv
[22:47:19.314][info] [#0:script/workspace/workspace.lua:42]: Log path: 	/home/kirk/.local/share/nvim/mason/packages/lua-language-server/libexec/log/file_home_kirk_.hyprgruv.log
[22:47:19.315][info] [#0:script/workspace/workspace.lua:48]: Workspace create: 	file:///home/kirk/.hyprgruv
[22:47:19.617][info] [#0:script/provider/provider.lua:49]: Load config from client	file:///home/kirk/.hyprgruv
[22:47:19.617][info] [#0:script/provider/provider.lua:50]: {
  Lua = {
    runtime = {
      path = { "?.lua", "?/init.lua" },
      pathStrict = true,
      version = "LuaJIT"
    },
    workspace = {
      checkThirdParty = false,
      ignoreDir = { "/lua" },
      library = { "/home/kirk/.local/share/nvim/lazy/neoconf.nvim/types", "/home/kirk/.local/share/nvim/lazy/neoconf.nvim/types/lua", "/usr/share/nvim/runtime/lua" }
    }
  }
}
[22:47:19.617][info] [#0:script/provider/provider.lua:49]: Load config from client	file:///home/kirk/.hyprgruv
[22:47:19.617][info] [#0:script/provider/provider.lua:50]: {
  Lua = {
    runtime = {
      path = { "?.lua", "?/init.lua" },
      pathStrict = true,
      version = "LuaJIT"
    },
    workspace = {
      checkThirdParty = false,
      ignoreDir = { "/lua" },
      library = { "/home/kirk/.local/share/nvim/lazy/neoconf.nvim/types", "/home/kirk/.local/share/nvim/lazy/neoconf.nvim/types/lua", "/usr/share/nvim/runtime/lua" }
    }
  }
}
[22:47:19.718][info] [#0:script/provider/provider.lua:49]: Load config from client	file:///home/kirk/.hyprgruv
[22:47:19.718][info] [#0:script/provider/provider.lua:50]: {
  Lua = {
    runtime = {
      path = { "?.lua", "?/init.lua" },
      pathStrict = true,
      version = "LuaJIT"
    },
    workspace = {
      checkThirdParty = false,
      ignoreDir = { "/lua" },
      library = { "/home/kirk/.local/share/nvim/lazy/neoconf.nvim/types", "/home/kirk/.local/share/nvim/lazy/neoconf.nvim/types/lua", "/usr/share/nvim/runtime/lua" }
    }
  }
}
[22:47:19.718][warn] [#0:script/config/loader.lua:116]: No config?	{}
[22:47:19.718][info] [#0:script/provider/provider.lua:65]: Load config from client	fallback
[22:47:19.718][info] [#0:script/provider/provider.lua:66]: nil
[22:47:19.718][warn] [#0:script/config/loader.lua:116]: No config?	{}
[22:47:19.718][info] [#0:script/provider/provider.lua:65]: Load config from client	fallback
[22:47:19.718][info] [#0:script/provider/provider.lua:66]: nil
[22:47:19.826][info] [#0:script/library.lua:212]: Init builtin library at:	file:///home/kirk/.hyprgruv
[22:47:19.881][info] [#0:script/library.lua:212]: Init builtin library at:	nil
[22:47:19.887][warn] [#0:script/config/loader.lua:116]: No config?	{}
[22:47:19.887][info] [#0:script/provider/provider.lua:65]: Load config from client	fallback
[22:47:19.887][info] [#0:script/provider/provider.lua:66]: nil
[22:47:19.988][info] [#0:script/workspace/workspace.lua:324]: Preload start:	file:///home/kirk/.hyprgruv
[22:47:19.993][info] [#0:script/workspace/workspace.lua:330]: Scan files at:	file:///home/kirk/.hyprgruv
[22:47:20.547][info] [#0:script/workspace/workspace.lua:324]: Preload start:	<fallback>
[22:47:20.548][info] [#0:script/workspace/workspace.lua:353]: Scan library at:	file:///home/kirk/.local/share/nvim/mason/packages/lua-language-server/libexec/meta/Lua%205.4%20en-us%20utf8/package.lua
[22:47:20.549][warn] [#0:script/proto/proto.lua:189]: Method [$/cancelRequest] takes [0.561]sec. {
  jsonrpc = "2.0",
  method = "$/cancelRequest",
  params = {
    id = 8
  }
}
[22:47:20.549][info] [#0:script/workspace/workspace.lua:353]: Scan library at:	file:///home/kirk/.local/share/nvim/mason/packages/lua-language-server/libexec/meta/Lua%205.4%20en-us%20utf8/string.lua
[22:47:20.550][info] [#0:script/workspace/workspace.lua:353]: Scan library at:	file:///home/kirk/.local/share/nvim/mason/packages/lua-language-server/libexec/meta/Lua%205.4%20en-us%20utf8/math.lua
[22:47:20.550][info] [#0:script/workspace/workspace.lua:353]: Scan library at:	file:///home/kirk/.local/share/nvim/mason/packages/lua-language-server/libexec/meta/Lua%205.4%20en-us%20utf8/debug.lua
[22:47:20.550][info] [#0:script/workspace/workspace.lua:353]: Scan library at:	file:///home/kirk/.local/share/nvim/mason/packages/lua-language-server/libexec/meta/Lua%205.4%20en-us%20utf8/utf8.lua
[22:47:20.551][info] [#0:script/workspace/workspace.lua:353]: Scan library at:	file:///home/kirk/.local/share/nvim/mason/packages/lua-language-server/libexec/meta/Lua%205.4%20en-us%20utf8/io.lua
[22:47:20.551][info] [#0:script/workspace/workspace.lua:353]: Scan library at:	file:///home/kirk/.local/share/nvim/mason/packages/lua-language-server/libexec/meta/Lua%205.4%20en-us%20utf8/coroutine.lua
[22:47:20.551][info] [#0:script/workspace/workspace.lua:353]: Scan library at:	file:///home/kirk/.local/share/nvim/mason/packages/lua-language-server/libexec/meta/Lua%205.4%20en-us%20utf8/os.lua
[22:47:20.551][info] [#0:script/workspace/workspace.lua:353]: Scan library at:	file:///home/kirk/.local/share/nvim/mason/packages/lua-language-server/libexec/meta/Lua%205.4%20en-us%20utf8/basic.lua
[22:47:20.551][info] [#0:script/workspace/workspace.lua:353]: Scan library at:	file:///home/kirk/.local/share/nvim/mason/packages/lua-language-server/libexec/meta/Lua%205.4%20en-us%20utf8/builtin.lua
[22:47:20.552][info] [#0:script/workspace/workspace.lua:353]: Scan library at:	file:///home/kirk/.local/share/nvim/mason/packages/lua-language-server/libexec/meta/Lua%205.4%20en-us%20utf8/table.lua
[22:47:20.652][info] [#0:script/workspace/workspace.lua:379]: Found 11 files at:	<fallback>
[22:47:20.652][info] [#0:script/workspace/loading.lua:160]: Load files from disk:	<fallback>
[22:47:20.652][info] [#0:script/workspace/loading.lua:100]: Preload file at: file:///home/kirk/.local/share/nvim/mason/packages/lua-language-server/libexec/meta/Lua%205.4%20en-us%20utf8/table.lua , size = 4.445 KB
[22:47:20.655][info] [#0:script/workspace/loading.lua:112]: ++++As library of:	file:///home/kirk/.local/share/nvim/mason/packages/lua-language-server/libexec/meta/Lua%205.4%20en-us%20utf8/table.lua
[22:47:20.655][info] [#0:script/workspace/loading.lua:100]: Preload file at: file:///home/kirk/.local/share/nvim/mason/packages/lua-language-server/libexec/meta/Lua%205.4%20en-us%20utf8/basic.lua , size = 15.841 KB
[22:47:20.662][info] [#0:script/workspace/loading.lua:112]: ++++As library of:	file:///home/kirk/.local/share/nvim/mason/packages/lua-language-server/libexec/meta/Lua%205.4%20en-us%20utf8/basic.lua
[22:47:20.662][info] [#0:script/workspace/loading.lua:100]: Preload file at: file:///home/kirk/.local/share/nvim/mason/packages/lua-language-server/libexec/meta/Lua%205.4%20en-us%20utf8/os.lua , size = 5.600 KB
[22:47:20.664][info] [#0:script/workspace/loading.lua:112]: ++++As library of:	file:///home/kirk/.local/share/nvim/mason/packages/lua-language-server/libexec/meta/Lua%205.4%20en-us%20utf8/os.lua
[22:47:20.664][info] [#0:script/workspace/loading.lua:100]: Preload file at: file:///home/kirk/.local/share/nvim/mason/packages/lua-language-server/libexec/meta/Lua%205.4%20en-us%20utf8/builtin.lua , size = 0.302 KB
[22:47:20.664][info] [#0:script/workspace/loading.lua:112]: ++++As library of:	file:///home/kirk/.local/share/nvim/mason/packages/lua-language-server/libexec/meta/Lua%205.4%20en-us%20utf8/builtin.lua
[22:47:20.664][info] [#0:script/workspace/loading.lua:100]: Preload file at: file:///home/kirk/.local/share/nvim/mason/packages/lua-language-server/libexec/meta/Lua%205.4%20en-us%20utf8/coroutine.lua , size = 2.590 KB
[22:47:20.668][info] [#0:script/workspace/loading.lua:112]: ++++As library of:	file:///home/kirk/.local/share/nvim/mason/packages/lua-language-server/libexec/meta/Lua%205.4%20en-us%20utf8/coroutine.lua
[22:47:20.668][info] [#0:script/workspace/loading.lua:100]: Preload file at: file:///home/kirk/.local/share/nvim/mason/packages/lua-language-server/libexec/meta/Lua%205.4%20en-us%20utf8/io.lua , size = 6.364 KB
[22:47:20.670][info] [#0:script/workspace/loading.lua:112]: ++++As library of:	file:///home/kirk/.local/share/nvim/mason/packages/lua-language-server/libexec/meta/Lua%205.4%20en-us%20utf8/io.lua
[22:47:20.670][info] [#0:script/workspace/loading.lua:100]: Preload file at: file:///home/kirk/.local/share/nvim/mason/packages/lua-language-server/libexec/meta/Lua%205.4%20en-us%20utf8/utf8.lua , size = 2.386 KB
[22:47:20.672][info] [#0:script/workspace/loading.lua:112]: ++++As library of:	file:///home/kirk/.local/share/nvim/mason/packages/lua-language-server/libexec/meta/Lua%205.4%20en-us%20utf8/utf8.lua
[22:47:20.672][info] [#0:script/workspace/loading.lua:100]: Preload file at: file:///home/kirk/.local/share/nvim/mason/packages/lua-language-server/libexec/meta/Lua%205.4%20en-us%20utf8/debug.lua , size = 7.637 KB
[22:47:20.675][info] [#0:script/workspace/loading.lua:112]: ++++As library of:	file:///home/kirk/.local/share/nvim/mason/packages/lua-language-server/libexec/meta/Lua%205.4%20en-us%20utf8/debug.lua
[22:47:20.675][info] [#0:script/workspace/loading.lua:100]: Preload file at: file:///home/kirk/.local/share/nvim/mason/packages/lua-language-server/libexec/meta/Lua%205.4%20en-us%20utf8/math.lua , size = 8.509 KB
[22:47:20.679][info] [#0:script/workspace/loading.lua:112]: ++++As library of:	file:///home/kirk/.local/share/nvim/mason/packages/lua-language-server/libexec/meta/Lua%205.4%20en-us%20utf8/math.lua
[22:47:20.679][info] [#0:script/workspace/loading.lua:100]: Preload file at: file:///home/kirk/.local/share/nvim/mason/packages/lua-language-server/libexec/meta/Lua%205.4%20en-us%20utf8/string.lua , size = 6.327 KB
[22:47:20.684][info] [#0:script/workspace/loading.lua:112]: ++++As library of:	file:///home/kirk/.local/share/nvim/mason/packages/lua-language-server/libexec/meta/Lua%205.4%20en-us%20utf8/string.lua
[22:47:20.684][info] [#0:script/workspace/loading.lua:100]: Preload file at: file:///home/kirk/.local/share/nvim/mason/packages/lua-language-server/libexec/meta/Lua%205.4%20en-us%20utf8/package.lua , size = 2.944 KB
[22:47:20.685][info] [#0:script/workspace/loading.lua:112]: ++++As library of:	file:///home/kirk/.local/share/nvim/mason/packages/lua-language-server/libexec/meta/Lua%205.4%20en-us%20utf8/package.lua
[22:47:20.685][info] [#0:script/workspace/loading.lua:172]: Loaded files takes [0.034] sec: <fallback>
[22:47:20.685][info] [#0:script/workspace/loading.lua:181]: Compile files takes [0.000] sec: <fallback>
[22:47:20.685][info] [#0:script/workspace/loading.lua:182]: Loaded finish:	<fallback>
[22:47:20.685][info] [#0:script/workspace/workspace.lua:381]: Preload finish at:	<fallback>
[22:47:30.843][info] [#0:script/client.lua:112]: ShowMessage	Warning	More than 100000 files have been scanned. The current scanned directory is `/home/kirk/.hyprgruv`. Please see the [FAQ](https://luals.github.io/wiki/faq/#how-can-i-improve-startup-speeds) to see how you can include fewer files. It is also possible that your [configuration is incorrect](https://luals.github.io/wiki/faq#why-is-the-server-scanning-the-wrong-folder).
[22:48:03.226][info] [#0:script/workspace/workspace.lua:353]: Scan library at:	file:///home/kirk/.local/share/nvim/mason/packages/lua-language-server/libexec/meta/LuaJIT%20en-us%20utf8/jit/profile.lua
[22:48:03.227][info] [#0:script/workspace/workspace.lua:353]: Scan library at:	file:///home/kirk/.local/share/nvim/mason/packages/lua-language-server/libexec/meta/LuaJIT%20en-us%20utf8/table/clear.lua
[22:48:03.227][info] [#0:script/workspace/workspace.lua:353]: Scan library at:	file:///home/kirk/.local/share/nvim/mason/packages/lua-language-server/libexec/meta/LuaJIT%20en-us%20utf8/debug.lua
[22:48:03.227][info] [#0:script/workspace/workspace.lua:353]: Scan library at:	file:///home/kirk/.local/share/nvim/mason/packages/lua-language-server/libexec/meta/LuaJIT%20en-us%20utf8/jit/util.lua
[22:48:03.227][info] [#0:script/workspace/workspace.lua:353]: Scan library at:	file:///home/kirk/.local/share/nvim/mason/packages/lua-language-server/libexec/meta/LuaJIT%20en-us%20utf8/string/buffer.lua
[22:48:03.227][info] [#0:script/workspace/workspace.lua:353]: Scan library at:	file:///home/kirk/.local/share/nvim/mason/packages/lua-language-server/libexec/meta/LuaJIT%20en-us%20utf8/package.lua
[22:48:03.227][info] [#0:script/workspace/workspace.lua:353]: Scan library at:	file:///home/kirk/.local/share/nvim/mason/packages/lua-language-server/libexec/meta/LuaJIT%20en-us%20utf8/os.lua
[22:48:03.227][info] [#0:script/workspace/workspace.lua:353]: Scan library at:	file:///home/kirk/.local/share/nvim/mason/packages/lua-language-server/libexec/meta/LuaJIT%20en-us%20utf8/math.lua
[22:48:03.227][info] [#0:script/workspace/workspace.lua:353]: Scan library at:	file:///home/kirk/.local/share/nvim/mason/packages/lua-language-server/libexec/meta/LuaJIT%20en-us%20utf8/table/new.lua
[22:48:03.228][info] [#0:script/workspace/workspace.lua:353]: Scan library at:	file:///home/kirk/.local/share/nvim/mason/packages/lua-language-server/libexec/meta/LuaJIT%20en-us%20utf8/string.lua
[22:48:03.228][info] [#0:script/workspace/workspace.lua:353]: Scan library at:	file:///home/kirk/.local/share/nvim/mason/packages/lua-language-server/libexec/meta/LuaJIT%20en-us%20utf8/basic.lua
[22:48:03.228][info] [#0:script/workspace/workspace.lua:353]: Scan library at:	file:///home/kirk/.local/share/nvim/lazy/neoconf.nvim/types
[22:48:03.228][info] [#0:script/workspace/workspace.lua:353]: Scan library at:	file:///home/kirk/.local/share/nvim/mason/packages/lua-language-server/libexec/meta/LuaJIT%20en-us%20utf8/bit.lua
[22:48:03.228][info] [#0:script/workspace/workspace.lua:353]: Scan library at:	file:///home/kirk/.local/share/nvim/mason/packages/lua-language-server/libexec/meta/LuaJIT%20en-us%20utf8/ffi.lua
[22:48:03.229][info] [#0:script/workspace/workspace.lua:353]: Scan library at:	file:///home/kirk/.local/share/nvim/lazy/neoconf.nvim/types/lua
[22:48:03.229][info] [#0:script/workspace/workspace.lua:353]: Scan library at:	file:///home/kirk/.local/share/nvim/mason/packages/lua-language-server/libexec/meta/LuaJIT%20en-us%20utf8/jit.lua
[22:48:03.229][info] [#0:script/workspace/workspace.lua:353]: Scan library at:	file:///home/kirk/.local/share/nvim/mason/packages/lua-language-server/libexec/meta/LuaJIT%20en-us%20utf8/table.lua
[22:48:03.229][info] [#0:script/workspace/workspace.lua:353]: Scan library at:	file:///home/kirk/.local/share/nvim/mason/packages/lua-language-server/libexec/meta/LuaJIT%20en-us%20utf8/coroutine.lua
[22:48:03.229][info] [#0:script/workspace/workspace.lua:353]: Scan library at:	file:///home/kirk/.local/share/nvim/mason/packages/lua-language-server/libexec/meta/LuaJIT%20en-us%20utf8/io.lua
[22:48:03.229][info] [#0:script/workspace/workspace.lua:353]: Scan library at:	file:///usr/share/nvim/runtime/lua
[22:48:03.240][info] [#0:script/workspace/workspace.lua:353]: Scan library at:	file:///home/kirk/.local/share/nvim/mason/packages/lua-language-server/libexec/meta/LuaJIT%20en-us%20utf8/builtin.lua
[22:48:03.343][info] [#0:script/workspace/workspace.lua:379]: Found 153 files at:	file:///home/kirk/.hyprgruv
[22:48:03.343][info] [#0:script/workspace/loading.lua:160]: Load files from disk:	file:///home/kirk/.hyprgruv
[22:48:03.344][info] [#0:script/workspace/loading.lua:100]: Preload file at: file:///home/kirk/.local/share/nvim/mason/packages/lua-language-server/libexec/meta/LuaJIT%20en-us%20utf8/builtin.lua , size = 0.302 KB
[22:48:03.345][info] [#0:script/workspace/loading.lua:112]: ++++As library of:	file:///home/kirk/.local/share/nvim/mason/packages/lua-language-server/libexec/meta/LuaJIT%20en-us%20utf8/builtin.lua
[22:48:03.345][info] [#0:script/workspace/loading.lua:100]: Preload file at: file:///usr/share/nvim/runtime/lua/nvim/health.lua , size = 12.509 KB
[22:48:03.419][info] [#0:script/workspace/loading.lua:112]: ++++As library of:	file:///usr/share/nvim/runtime/lua
[22:48:03.420][info] [#0:script/workspace/loading.lua:100]: Preload file at: file:///usr/share/nvim/runtime/lua/provider/clipboard/health.lua , size = 1.151 KB
[22:48:03.420][info] [#0:script/workspace/loading.lua:112]: ++++As library of:	file:///usr/share/nvim/runtime/lua
[22:48:03.421][info] [#0:script/workspace/loading.lua:100]: Preload file at: file:///usr/share/nvim/runtime/lua/provider/node/health.lua , size = 3.375 KB
[22:48:03.422][info] [#0:script/workspace/loading.lua:112]: ++++As library of:	file:///usr/share/nvim/runtime/lua
[22:48:03.422][info] [#0:script/workspace/loading.lua:100]: Preload file at: file:///usr/share/nvim/runtime/lua/provider/perl/health.lua , size = 2.752 KB
[22:48:03.423][info] [#0:script/workspace/loading.lua:112]: ++++As library of:	file:///usr/share/nvim/runtime/lua
[22:48:03.424][info] [#0:script/workspace/loading.lua:100]: Preload file at: file:///usr/share/nvim/runtime/lua/provider/python/health.lua , size = 16.369 KB
[22:48:03.430][info] [#0:script/workspace/loading.lua:112]: ++++As library of:	file:///usr/share/nvim/runtime/lua
[22:48:03.430][info] [#0:script/workspace/loading.lua:100]: Preload file at: file:///usr/share/nvim/runtime/lua/provider/ruby/health.lua , size = 2.211 KB
[22:48:03.431][info] [#0:script/workspace/loading.lua:112]: ++++As library of:	file:///usr/share/nvim/runtime/lua
[22:48:03.432][info] [#0:script/workspace/loading.lua:100]: Preload file at: file:///usr/share/nvim/runtime/lua/vim/_meta/api.lua , size = 97.323 KB
[22:48:03.462][info] [#0:script/workspace/loading.lua:112]: ++++As library of:	file:///usr/share/nvim/runtime/lua
[22:48:03.462][info] [#0:script/workspace/loading.lua:100]: Preload file at: file:///usr/share/nvim/runtime/lua/vim/_meta/api_keysets.lua , size = 8.292 KB
[22:48:03.467][info] [#0:script/workspace/loading.lua:112]: ++++As library of:	file:///usr/share/nvim/runtime/lua
[22:48:03.467][info] [#0:script/workspace/loading.lua:100]: Preload file at: file:///usr/share/nvim/runtime/lua/vim/_meta/api_keysets_extra.lua , size = 4.535 KB
[22:48:03.497][info] [#0:script/workspace/loading.lua:112]: ++++As library of:	file:///usr/share/nvim/runtime/lua
[22:48:03.497][info] [#0:script/workspace/loading.lua:100]: Preload file at: file:///usr/share/nvim/runtime/lua/vim/_meta/base64.lua , size = 0.307 KB
[22:48:03.498][info] [#0:script/workspace/loading.lua:112]: ++++As library of:	file:///usr/share/nvim/runtime/lua
[22:48:03.498][info] [#0:script/workspace/loading.lua:100]: Preload file at: file:///usr/share/nvim/runtime/lua/vim/_meta/builtin.lua , size = 11.183 KB
[22:48:03.501][info] [#0:script/workspace/loading.lua:112]: ++++As library of:	file:///usr/share/nvim/runtime/lua
[22:48:03.501][info] [#0:script/workspace/loading.lua:100]: Preload file at: file:///usr/share/nvim/runtime/lua/vim/_meta/builtin_types.lua , size = 3.362 KB
[22:48:03.503][info] [#0:script/workspace/loading.lua:112]: ++++As library of:	file:///usr/share/nvim/runtime/lua
[22:48:03.503][info] [#0:script/workspace/loading.lua:100]: Preload file at: file:///usr/share/nvim/runtime/lua/vim/_meta/diff.lua , size = 2.492 KB
[22:48:03.504][info] [#0:script/workspace/loading.lua:112]: ++++As library of:	file:///usr/share/nvim/runtime/lua
[22:48:03.504][info] [#0:script/workspace/loading.lua:100]: Preload file at: file:///usr/share/nvim/runtime/lua/vim/_meta/json.lua , size = 1.359 KB
[22:48:03.505][info] [#0:script/workspace/loading.lua:112]: ++++As library of:	file:///usr/share/nvim/runtime/lua
[22:48:03.505][info] [#0:script/workspace/loading.lua:100]: Preload file at: file:///usr/share/nvim/runtime/lua/vim/_meta/lpeg.lua , size = 15.348 KB
[22:48:03.509][info] [#0:script/workspace/loading.lua:112]: ++++As library of:	file:///usr/share/nvim/runtime/lua
[22:48:03.510][info] [#0:script/workspace/loading.lua:100]: Preload file at: file:///usr/share/nvim/runtime/lua/vim/_meta/misc.lua , size = 0.291 KB
[22:48:03.510][info] [#0:script/workspace/loading.lua:112]: ++++As library of:	file:///usr/share/nvim/runtime/lua
[22:48:03.510][info] [#0:script/workspace/loading.lua:100]: Preload file at: file:///usr/share/nvim/runtime/lua/vim/_meta/mpack.lua , size = 0.478 KB
[22:48:03.510][info] [#0:script/workspace/loading.lua:112]: ++++As library of:	file:///usr/share/nvim/runtime/lua
[22:48:03.511][info] [#0:script/workspace/loading.lua:100]: Preload file at: file:///usr/share/nvim/runtime/lua/vim/_meta/re.lua , size = 2.217 KB
[22:48:03.512][info] [#0:script/workspace/loading.lua:112]: ++++As library of:	file:///usr/share/nvim/runtime/lua
[22:48:03.512][info] [#0:script/workspace/loading.lua:100]: Preload file at: file:///usr/share/nvim/runtime/lua/vim/_meta/options.lua , size = 323.972 KB
[22:48:03.640][info] [#0:script/workspace/loading.lua:112]: ++++As library of:	file:///usr/share/nvim/runtime/lua
[22:48:03.640][info] [#0:script/workspace/loading.lua:100]: Preload file at: file:///usr/share/nvim/runtime/lua/vim/_meta/regex.lua , size = 1.347 KB
[22:48:03.641][info] [#0:script/workspace/loading.lua:112]: ++++As library of:	file:///usr/share/nvim/runtime/lua
[22:48:03.641][info] [#0:script/workspace/loading.lua:100]: Preload file at: file:///usr/share/nvim/runtime/lua/vim/_meta/spell.lua , size = 0.943 KB
[22:48:03.641][info] [#0:script/workspace/loading.lua:112]: ++++As library of:	file:///usr/share/nvim/runtime/lua
[22:48:03.642][info] [#0:script/workspace/loading.lua:100]: Preload file at: file:///usr/share/nvim/runtime/lua/vim/_meta/vvars.lua , size = 25.272 KB
[22:48:03.648][info] [#0:script/workspace/loading.lua:112]: ++++As library of:	file:///usr/share/nvim/runtime/lua
[22:48:03.648][info] [#0:script/workspace/loading.lua:100]: Preload file at: file:///usr/share/nvim/runtime/lua/vim/filetype/detect.lua , size = 57.151 KB
[22:48:03.676][info] [#0:script/workspace/loading.lua:112]: ++++As library of:	file:///usr/share/nvim/runtime/lua
[22:48:03.676][info] [#0:script/workspace/loading.lua:100]: Preload file at: file:///usr/share/nvim/runtime/lua/vim/_meta/vimfn.lua , size = 398.838 KB
[22:48:03.953][warn] [#0:script/files.lua:704]: Compile [file:///usr/share/nvim/runtime/lua/vim/_meta/vimfn.lua] takes [0.277] sec, size [408.410] kb.
[22:48:04.026][info] [#0:script/workspace/loading.lua:112]: ++++As library of:	file:///usr/share/nvim/runtime/lua
[22:48:04.026][info] [#0:script/workspace/loading.lua:100]: Preload file at: file:///usr/share/nvim/runtime/lua/vim/func/_memoize.lua , size = 1.354 KB
[22:48:04.028][info] [#0:script/workspace/loading.lua:112]: ++++As library of:	file:///usr/share/nvim/runtime/lua
[22:48:04.028][info] [#0:script/workspace/loading.lua:100]: Preload file at: file:///usr/share/nvim/runtime/lua/vim/filetype/options.lua , size = 2.559 KB
[22:48:04.029][info] [#0:script/workspace/loading.lua:112]: ++++As library of:	file:///usr/share/nvim/runtime/lua
[22:48:04.029][info] [#0:script/workspace/loading.lua:100]: Preload file at: file:///usr/share/nvim/runtime/lua/vim/lsp/_changetracking.lua , size = 11.492 KB
[22:48:04.035][info] [#0:script/workspace/loading.lua:112]: ++++As library of:	file:///usr/share/nvim/runtime/lua
[22:48:04.035][info] [#0:script/workspace/loading.lua:100]: Preload file at: file:///usr/share/nvim/runtime/lua/vim/lsp/_completion.lua , size = 8.965 KB
[22:48:04.039][info] [#0:script/workspace/loading.lua:112]: ++++As library of:	file:///usr/share/nvim/runtime/lua
[22:48:04.039][info] [#0:script/workspace/loading.lua:100]: Preload file at: file:///usr/share/nvim/runtime/lua/vim/lsp/_meta/protocol.lua , size = 175.343 KB
[22:48:04.087][info] [#0:script/workspace/loading.lua:112]: ++++As library of:	file:///usr/share/nvim/runtime/lua
[22:48:04.087][info] [#0:script/workspace/loading.lua:100]: Preload file at: file:///usr/share/nvim/runtime/lua/vim/lsp/_dynamic.lua , size = 2.973 KB
[22:48:04.090][info] [#0:script/workspace/loading.lua:112]: ++++As library of:	file:///usr/share/nvim/runtime/lua
[22:48:04.090][info] [#0:script/workspace/loading.lua:100]: Preload file at: file:///usr/share/nvim/runtime/lua/vim/lsp/_meta.lua , size = 0.440 KB
[22:48:04.090][info] [#0:script/workspace/loading.lua:112]: ++++As library of:	file:///usr/share/nvim/runtime/lua
[22:48:04.090][info] [#0:script/workspace/loading.lua:100]: Preload file at: file:///usr/share/nvim/runtime/lua/vim/lsp/_snippet_grammar.lua , size = 6.179 KB
[22:48:04.094][info] [#0:script/workspace/loading.lua:112]: ++++As library of:	file:///usr/share/nvim/runtime/lua
[22:48:04.094][info] [#0:script/workspace/loading.lua:100]: Preload file at: file:///usr/share/nvim/runtime/lua/vim/lsp/_tagfunc.lua , size = 2.787 KB
[22:48:04.096][info] [#0:script/workspace/loading.lua:112]: ++++As library of:	file:///usr/share/nvim/runtime/lua
[22:48:04.096][info] [#0:script/workspace/loading.lua:100]: Preload file at: file:///usr/share/nvim/runtime/lua/vim/lsp/_watchfiles.lua , size = 6.889 KB
[22:48:04.099][info] [#0:script/workspace/loading.lua:112]: ++++As library of:	file:///usr/share/nvim/runtime/lua
[22:48:04.100][info] [#0:script/workspace/loading.lua:100]: Preload file at: file:///usr/share/nvim/runtime/lua/vim/lsp/buf.lua , size = 31.091 KB
[22:48:04.112][info] [#0:script/workspace/loading.lua:112]: ++++As library of:	file:///usr/share/nvim/runtime/lua
[22:48:04.112][info] [#0:script/workspace/loading.lua:100]: Preload file at: file:///usr/share/nvim/runtime/lua/vim/lsp/client.lua , size = 38.013 KB
[22:48:04.127][info] [#0:script/workspace/loading.lua:112]: ++++As library of:	file:///usr/share/nvim/runtime/lua
[22:48:04.127][info] [#0:script/workspace/loading.lua:100]: Preload file at: file:///usr/share/nvim/runtime/lua/vim/lsp/codelens.lua , size = 9.336 KB
[22:48:04.132][info] [#0:script/workspace/loading.lua:112]: ++++As library of:	file:///usr/share/nvim/runtime/lua
[22:48:04.132][info] [#0:script/workspace/loading.lua:100]: Preload file at: file:///usr/share/nvim/runtime/lua/vim/lsp/diagnostic.lua , size = 14.140 KB
[22:48:04.138][info] [#0:script/workspace/loading.lua:112]: ++++As library of:	file:///usr/share/nvim/runtime/lua
[22:48:04.138][info] [#0:script/workspace/loading.lua:100]: Preload file at: file:///usr/share/nvim/runtime/lua/vim/lsp/handlers.lua , size = 26.904 KB
[22:48:04.149][info] [#0:script/workspace/loading.lua:112]: ++++As library of:	file:///usr/share/nvim/runtime/lua
[22:48:04.149][info] [#0:script/workspace/loading.lua:100]: Preload file at: file:///usr/share/nvim/runtime/lua/vim/lsp/health.lua , size = 5.398 KB
[22:48:04.152][info] [#0:script/workspace/loading.lua:112]: ++++As library of:	file:///usr/share/nvim/runtime/lua
[22:48:04.152][info] [#0:script/workspace/loading.lua:100]: Preload file at: file:///usr/share/nvim/runtime/lua/vim/lsp/inlay_hint.lua , size = 12.172 KB
[22:48:04.157][info] [#0:script/workspace/loading.lua:112]: ++++As library of:	file:///usr/share/nvim/runtime/lua
[22:48:04.157][info] [#0:script/workspace/loading.lua:100]: Preload file at: file:///usr/share/nvim/runtime/lua/vim/lsp/log.lua , size = 4.673 KB
[22:48:04.160][info] [#0:script/workspace/loading.lua:112]: ++++As library of:	file:///usr/share/nvim/runtime/lua
[22:48:04.160][info] [#0:script/workspace/loading.lua:100]: Preload file at: file:///usr/share/nvim/runtime/lua/vim/lsp/protocol.lua , size = 48.973 KB
[22:48:04.167][info] [#0:script/workspace/loading.lua:112]: ++++As library of:	file:///usr/share/nvim/runtime/lua
[22:48:04.167][info] [#0:script/workspace/loading.lua:100]: Preload file at: file:///usr/share/nvim/runtime/lua/vim/lsp/rpc.lua , size = 25.991 KB
[22:48:04.178][info] [#0:script/workspace/loading.lua:112]: ++++As library of:	file:///usr/share/nvim/runtime/lua
[22:48:04.178][info] [#0:script/workspace/loading.lua:100]: Preload file at: file:///usr/share/nvim/runtime/lua/vim/lsp/semantic_tokens.lua , size = 26.267 KB
[22:48:04.188][info] [#0:script/workspace/loading.lua:112]: ++++As library of:	file:///usr/share/nvim/runtime/lua
[22:48:04.188][info] [#0:script/workspace/loading.lua:100]: Preload file at: file:///usr/share/nvim/runtime/lua/vim/lsp/sync.lua , size = 16.226 KB
[22:48:04.193][info] [#0:script/workspace/loading.lua:112]: ++++As library of:	file:///usr/share/nvim/runtime/lua
[22:48:04.193][info] [#0:script/workspace/loading.lua:100]: Preload file at: file:///usr/share/nvim/runtime/lua/vim/lsp/util.lua , size = 77.311 KB
[22:48:04.224][info] [#0:script/workspace/loading.lua:112]: ++++As library of:	file:///usr/share/nvim/runtime/lua
[22:48:04.224][info] [#0:script/workspace/loading.lua:100]: Preload file at: file:///usr/share/nvim/runtime/lua/vim/provider/perl.lua , size = 1.998 KB
[22:48:04.226][info] [#0:script/workspace/loading.lua:112]: ++++As library of:	file:///usr/share/nvim/runtime/lua
[22:48:04.226][info] [#0:script/workspace/loading.lua:100]: Preload file at: file:///usr/share/nvim/runtime/lua/vim/provider/python.lua , size = 4.224 KB
[22:48:04.228][info] [#0:script/workspace/loading.lua:112]: ++++As library of:	file:///usr/share/nvim/runtime/lua
[22:48:04.228][info] [#0:script/workspace/loading.lua:100]: Preload file at: file:///usr/share/nvim/runtime/lua/vim/provider/ruby.lua , size = 1.563 KB
[22:48:04.229][info] [#0:script/workspace/loading.lua:112]: ++++As library of:	file:///usr/share/nvim/runtime/lua
[22:48:04.229][info] [#0:script/workspace/loading.lua:100]: Preload file at: file:///usr/share/nvim/runtime/lua/vim/treesitter/_fold.lua , size = 14.745 KB
[22:48:04.235][info] [#0:script/workspace/loading.lua:112]: ++++As library of:	file:///usr/share/nvim/runtime/lua
[22:48:04.235][info] [#0:script/workspace/loading.lua:100]: Preload file at: file:///usr/share/nvim/runtime/lua/vim/treesitter/_meta.lua , size = 4.483 KB
[22:48:04.239][info] [#0:script/workspace/loading.lua:112]: ++++As library of:	file:///usr/share/nvim/runtime/lua
[22:48:04.239][info] [#0:script/workspace/loading.lua:100]: Preload file at: file:///usr/share/nvim/runtime/lua/vim/treesitter/_query_linter.lua , size = 7.627 KB
[22:48:04.243][info] [#0:script/workspace/loading.lua:112]: ++++As library of:	file:///usr/share/nvim/runtime/lua
[22:48:04.243][info] [#0:script/workspace/loading.lua:100]: Preload file at: file:///usr/share/nvim/runtime/lua/vim/treesitter/_range.lua , size = 3.869 KB
[22:48:04.246][info] [#0:script/workspace/loading.lua:112]: ++++As library of:	file:///usr/share/nvim/runtime/lua
[22:48:04.246][info] [#0:script/workspace/loading.lua:100]: Preload file at: file:///usr/share/nvim/runtime/lua/vim/treesitter/dev.lua , size = 19.644 KB
[22:48:04.255][info] [#0:script/workspace/loading.lua:112]: ++++As library of:	file:///usr/share/nvim/runtime/lua
[22:48:04.255][info] [#0:script/workspace/loading.lua:100]: Preload file at: file:///usr/share/nvim/runtime/lua/vim/treesitter/health.lua , size = 0.856 KB
[22:48:04.255][info] [#0:script/workspace/loading.lua:112]: ++++As library of:	file:///usr/share/nvim/runtime/lua
[22:48:04.255][info] [#0:script/workspace/loading.lua:100]: Preload file at: file:///usr/share/nvim/runtime/lua/vim/treesitter/highlighter.lua , size = 11.811 KB
[22:48:04.261][info] [#0:script/workspace/loading.lua:112]: ++++As library of:	file:///usr/share/nvim/runtime/lua
[22:48:04.261][info] [#0:script/workspace/loading.lua:100]: Preload file at: file:///usr/share/nvim/runtime/lua/vim/treesitter/language.lua , size = 3.684 KB
[22:48:04.263][info] [#0:script/workspace/loading.lua:112]: ++++As library of:	file:///usr/share/nvim/runtime/lua
[22:48:04.263][info] [#0:script/workspace/loading.lua:100]: Preload file at: file:///usr/share/nvim/runtime/lua/vim/treesitter/languagetree.lua , size = 33.292 KB
[22:48:04.278][info] [#0:script/workspace/loading.lua:112]: ++++As library of:	file:///usr/share/nvim/runtime/lua
[22:48:04.278][info] [#0:script/workspace/loading.lua:100]: Preload file at: file:///usr/share/nvim/runtime/lua/vim/treesitter/query.lua , size = 32.301 KB
[22:48:04.291][info] [#0:script/workspace/loading.lua:112]: ++++As library of:	file:///usr/share/nvim/runtime/lua
[22:48:04.291][info] [#0:script/workspace/loading.lua:100]: Preload file at: file:///usr/share/nvim/runtime/lua/vim/ui/clipboard/osc52.lua , size = 2.137 KB
[22:48:04.292][info] [#0:script/workspace/loading.lua:112]: ++++As library of:	file:///usr/share/nvim/runtime/lua
[22:48:04.292][info] [#0:script/workspace/loading.lua:100]: Preload file at: file:///usr/share/nvim/runtime/lua/vim/F.lua , size = 1.076 KB
[22:48:04.293][info] [#0:script/workspace/loading.lua:112]: ++++As library of:	file:///usr/share/nvim/runtime/lua
[22:48:04.293][info] [#0:script/workspace/loading.lua:100]: Preload file at: file:///usr/share/nvim/runtime/lua/vim/_comment.lua , size = 8.743 KB
[22:48:04.297][info] [#0:script/workspace/loading.lua:112]: ++++As library of:	file:///usr/share/nvim/runtime/lua
[22:48:04.297][info] [#0:script/workspace/loading.lua:100]: Preload file at: file:///usr/share/nvim/runtime/lua/vim/_defaults.lua , size = 18.717 KB
[22:48:04.304][info] [#0:script/workspace/loading.lua:112]: ++++As library of:	file:///usr/share/nvim/runtime/lua
[22:48:04.304][info] [#0:script/workspace/loading.lua:100]: Preload file at: file:///usr/share/nvim/runtime/lua/vim/_editor.lua , size = 34.475 KB
[22:48:04.318][info] [#0:script/workspace/loading.lua:112]: ++++As library of:	file:///usr/share/nvim/runtime/lua
[22:48:04.318][info] [#0:script/workspace/loading.lua:100]: Preload file at: file:///usr/share/nvim/runtime/lua/vim/_init_packages.lua , size = 3.023 KB
[22:48:04.319][info] [#0:script/workspace/loading.lua:112]: ++++As library of:	file:///usr/share/nvim/runtime/lua
[22:48:04.320][info] [#0:script/workspace/loading.lua:100]: Preload file at: file:///usr/share/nvim/runtime/lua/vim/_meta.lua , size = 0.977 KB
[22:48:04.320][info] [#0:script/workspace/loading.lua:112]: ++++As library of:	file:///usr/share/nvim/runtime/lua
[22:48:04.321][info] [#0:script/workspace/loading.lua:100]: Preload file at: file:///usr/share/nvim/runtime/lua/vim/_inspector.lua , size = 7.668 KB
[22:48:04.324][info] [#0:script/workspace/loading.lua:112]: ++++As library of:	file:///usr/share/nvim/runtime/lua
[22:48:04.324][info] [#0:script/workspace/loading.lua:100]: Preload file at: file:///usr/share/nvim/runtime/lua/vim/_options.lua , size = 25.441 KB
[22:48:04.333][info] [#0:script/workspace/loading.lua:112]: ++++As library of:	file:///usr/share/nvim/runtime/lua
[22:48:04.333][info] [#0:script/workspace/loading.lua:100]: Preload file at: file:///usr/share/nvim/runtime/lua/vim/_system.lua , size = 9.216 KB
[22:48:04.338][info] [#0:script/workspace/loading.lua:112]: ++++As library of:	file:///usr/share/nvim/runtime/lua
[22:48:04.338][info] [#0:script/workspace/loading.lua:100]: Preload file at: file:///usr/share/nvim/runtime/lua/vim/_watch.lua , size = 8.901 KB
[22:48:04.342][info] [#0:script/workspace/loading.lua:112]: ++++As library of:	file:///usr/share/nvim/runtime/lua
[22:48:04.342][info] [#0:script/workspace/loading.lua:100]: Preload file at: file:///usr/share/nvim/runtime/lua/vim/diagnostic.lua , size = 69.172 KB
[22:48:04.371][info] [#0:script/workspace/loading.lua:112]: ++++As library of:	file:///usr/share/nvim/runtime/lua
[22:48:04.371][info] [#0:script/workspace/loading.lua:100]: Preload file at: file:///usr/share/nvim/runtime/lua/vim/filetype.lua , size = 68.524 KB
[22:48:04.394][info] [#0:script/workspace/loading.lua:112]: ++++As library of:	file:///usr/share/nvim/runtime/lua
[22:48:04.394][info] [#0:script/workspace/loading.lua:100]: Preload file at: file:///usr/share/nvim/runtime/lua/vim/fs.lua , size = 18.719 KB
[22:48:04.401][info] [#0:script/workspace/loading.lua:112]: ++++As library of:	file:///usr/share/nvim/runtime/lua
[22:48:04.401][info] [#0:script/workspace/loading.lua:100]: Preload file at: file:///usr/share/nvim/runtime/lua/vim/func.lua , size = 1.753 KB
[22:48:04.402][info] [#0:script/workspace/loading.lua:112]: ++++As library of:	file:///usr/share/nvim/runtime/lua
[22:48:04.402][info] [#0:script/workspace/loading.lua:100]: Preload file at: file:///usr/share/nvim/runtime/lua/vim/glob.lua , size = 3.001 KB
[22:48:04.404][info] [#0:script/workspace/loading.lua:112]: ++++As library of:	file:///usr/share/nvim/runtime/lua
[22:48:04.404][info] [#0:script/workspace/loading.lua:100]: Preload file at: file:///usr/share/nvim/runtime/lua/vim/health.lua , size = 12.685 KB
[22:48:04.410][info] [#0:script/workspace/loading.lua:112]: ++++As library of:	file:///usr/share/nvim/runtime/lua
[22:48:04.410][info] [#0:script/workspace/loading.lua:100]: Preload file at: file:///usr/share/nvim/runtime/lua/vim/highlight.lua , size = 4.526 KB
[22:48:04.412][info] [#0:script/workspace/loading.lua:112]: ++++As library of:	file:///usr/share/nvim/runtime/lua
[22:48:04.412][info] [#0:script/workspace/loading.lua:100]: Preload file at: file:///usr/share/nvim/runtime/lua/vim/inspect.lua , size = 8.864 KB
[22:48:04.416][info] [#0:script/workspace/loading.lua:112]: ++++As library of:	file:///usr/share/nvim/runtime/lua
[22:48:04.416][info] [#0:script/workspace/loading.lua:100]: Preload file at: file:///usr/share/nvim/runtime/lua/vim/iter.lua , size = 25.504 KB
[22:48:04.427][info] [#0:script/workspace/loading.lua:112]: ++++As library of:	file:///usr/share/nvim/runtime/lua
[22:48:04.427][info] [#0:script/workspace/loading.lua:100]: Preload file at: file:///usr/share/nvim/runtime/lua/vim/keymap.lua , size = 3.682 KB
[22:48:04.429][info] [#0:script/workspace/loading.lua:112]: ++++As library of:	file:///usr/share/nvim/runtime/lua
[22:48:04.429][info] [#0:script/workspace/loading.lua:100]: Preload file at: file:///usr/share/nvim/runtime/lua/vim/loader.lua , size = 15.741 KB
[22:48:04.437][info] [#0:script/workspace/loading.lua:112]: ++++As library of:	file:///usr/share/nvim/runtime/lua
[22:48:04.437][info] [#0:script/workspace/loading.lua:100]: Preload file at: file:///usr/share/nvim/runtime/lua/vim/lsp.lua , size = 40.430 KB
[22:48:04.452][info] [#0:script/workspace/loading.lua:112]: ++++As library of:	file:///usr/share/nvim/runtime/lua
[22:48:04.452][info] [#0:script/workspace/loading.lua:100]: Preload file at: file:///usr/share/nvim/runtime/lua/vim/provider.lua , size = 0.197 KB
[22:48:04.453][info] [#0:script/workspace/loading.lua:112]: ++++As library of:	file:///usr/share/nvim/runtime/lua
[22:48:04.453][info] [#0:script/workspace/loading.lua:100]: Preload file at: file:///usr/share/nvim/runtime/lua/vim/re.lua , size = 6.495 KB
[22:48:04.457][info] [#0:script/workspace/loading.lua:112]: ++++As library of:	file:///usr/share/nvim/runtime/lua
[22:48:04.457][info] [#0:script/workspace/loading.lua:100]: Preload file at: file:///usr/share/nvim/runtime/lua/vim/secure.lua , size = 5.018 KB
[22:48:04.459][info] [#0:script/workspace/loading.lua:112]: ++++As library of:	file:///usr/share/nvim/runtime/lua
[22:48:04.460][info] [#0:script/workspace/loading.lua:100]: Preload file at: file:///usr/share/nvim/runtime/lua/vim/snippet.lua , size = 20.081 KB
[22:48:04.469][info] [#0:script/workspace/loading.lua:112]: ++++As library of:	file:///usr/share/nvim/runtime/lua
[22:48:04.469][info] [#0:script/workspace/loading.lua:100]: Preload file at: file:///usr/share/nvim/runtime/lua/vim/shared.lua , size = 29.331 KB
[22:48:04.481][info] [#0:script/workspace/loading.lua:112]: ++++As library of:	file:///usr/share/nvim/runtime/lua
[22:48:04.482][info] [#0:script/workspace/loading.lua:100]: Preload file at: file:///usr/share/nvim/runtime/lua/vim/termcap.lua , size = 3.103 KB
[22:48:04.483][info] [#0:script/workspace/loading.lua:112]: ++++As library of:	file:///usr/share/nvim/runtime/lua
[22:48:04.483][info] [#0:script/workspace/loading.lua:100]: Preload file at: file:///usr/share/nvim/runtime/lua/vim/text.lua , size = 0.812 KB
[22:48:04.484][info] [#0:script/workspace/loading.lua:112]: ++++As library of:	file:///usr/share/nvim/runtime/lua
[22:48:04.484][info] [#0:script/workspace/loading.lua:100]: Preload file at: file:///usr/share/nvim/runtime/lua/vim/treesitter.lua , size = 14.036 KB
[22:48:04.490][info] [#0:script/workspace/loading.lua:112]: ++++As library of:	file:///usr/share/nvim/runtime/lua
[22:48:04.490][info] [#0:script/workspace/loading.lua:100]: Preload file at: file:///usr/share/nvim/runtime/lua/vim/ui.lua , size = 5.396 KB
[22:48:04.492][info] [#0:script/workspace/loading.lua:112]: ++++As library of:	file:///usr/share/nvim/runtime/lua
[22:48:04.492][info] [#0:script/workspace/loading.lua:100]: Preload file at: file:///usr/share/nvim/runtime/lua/vim/uri.lua , size = 3.571 KB
[22:48:04.494][info] [#0:script/workspace/loading.lua:112]: ++++As library of:	file:///usr/share/nvim/runtime/lua
[22:48:04.494][info] [#0:script/workspace/loading.lua:100]: Preload file at: file:///usr/share/nvim/runtime/lua/vim/version.lua , size = 13.605 KB
[22:48:04.500][info] [#0:script/workspace/loading.lua:112]: ++++As library of:	file:///usr/share/nvim/runtime/lua
[22:48:04.500][info] [#0:script/workspace/loading.lua:100]: Preload file at: file:///usr/share/nvim/runtime/lua/vim/vimhelp.lua , size = 0.967 KB
[22:48:04.501][info] [#0:script/workspace/loading.lua:112]: ++++As library of:	file:///usr/share/nvim/runtime/lua
[22:48:04.501][info] [#0:script/workspace/loading.lua:100]: Preload file at: file:///usr/share/nvim/runtime/lua/_vim9script.lua , size = 15.418 KB
[22:48:04.508][info] [#0:script/workspace/loading.lua:112]: ++++As library of:	file:///usr/share/nvim/runtime/lua
[22:48:04.508][info] [#0:script/workspace/loading.lua:100]: Preload file at: file:///usr/share/nvim/runtime/lua/coxpcall.lua , size = 3.451 KB
[22:48:04.509][info] [#0:script/workspace/loading.lua:112]: ++++As library of:	file:///usr/share/nvim/runtime/lua
[22:48:04.509][info] [#0:script/workspace/loading.lua:100]: Preload file at: file:///usr/share/nvim/runtime/lua/editorconfig.lua , size = 10.443 KB
[22:48:04.513][info] [#0:script/workspace/loading.lua:112]: ++++As library of:	file:///usr/share/nvim/runtime/lua
[22:48:04.514][info] [#0:script/workspace/loading.lua:100]: Preload file at: file:///usr/share/nvim/runtime/lua/man.lua , size = 23.687 KB
[22:48:04.847][warn] [#0:script/files.lua:704]: Compile [file:///usr/share/nvim/runtime/lua/man.lua] takes [0.333] sec, size [24.255] kb.
[22:48:04.857][info] [#0:script/workspace/loading.lua:112]: ++++As library of:	file:///usr/share/nvim/runtime/lua
[22:48:04.857][info] [#0:script/workspace/loading.lua:100]: Preload file at: file:///home/kirk/.local/share/nvim/mason/packages/lua-language-server/libexec/meta/LuaJIT%20en-us%20utf8/io.lua , size = 6.364 KB
[22:48:04.860][info] [#0:script/workspace/loading.lua:112]: ++++As library of:	file:///home/kirk/.local/share/nvim/mason/packages/lua-language-server/libexec/meta/LuaJIT%20en-us%20utf8/io.lua
[22:48:04.860][info] [#0:script/workspace/loading.lua:100]: Preload file at: file:///home/kirk/.local/share/nvim/mason/packages/lua-language-server/libexec/meta/LuaJIT%20en-us%20utf8/coroutine.lua , size = 2.541 KB
[22:48:04.862][info] [#0:script/workspace/loading.lua:112]: ++++As library of:	file:///home/kirk/.local/share/nvim/mason/packages/lua-language-server/libexec/meta/LuaJIT%20en-us%20utf8/coroutine.lua
[22:48:04.862][info] [#0:script/workspace/loading.lua:100]: Preload file at: file:///usr/share/nvim/runtime/lua/tohtml.lua , size = 42.432 KB
[22:48:04.885][info] [#0:script/workspace/loading.lua:112]: ++++As library of:	file:///usr/share/nvim/runtime/lua
[22:48:04.885][info] [#0:script/workspace/loading.lua:100]: Preload file at: file:///home/kirk/.local/share/nvim/mason/packages/lua-language-server/libexec/meta/LuaJIT%20en-us%20utf8/table.lua , size = 4.445 KB
[22:48:04.888][info] [#0:script/workspace/loading.lua:112]: ++++As library of:	file:///home/kirk/.local/share/nvim/mason/packages/lua-language-server/libexec/meta/LuaJIT%20en-us%20utf8/table.lua
[22:48:04.888][info] [#0:script/workspace/loading.lua:100]: Preload file at: file:///home/kirk/.local/share/nvim/mason/packages/lua-language-server/libexec/meta/LuaJIT%20en-us%20utf8/jit.lua , size = 0.884 KB
[22:48:04.889][info] [#0:script/workspace/loading.lua:112]: ++++As library of:	file:///home/kirk/.local/share/nvim/mason/packages/lua-language-server/libexec/meta/LuaJIT%20en-us%20utf8/jit.lua
[22:48:04.889][info] [#0:script/workspace/loading.lua:100]: Preload file at: file:///home/kirk/.local/share/nvim/lazy/neoconf.nvim/types/lua/lspconfig.lua , size = 19.997 KB
[22:48:04.898][info] [#0:script/workspace/loading.lua:112]: ++++As library of:	file:///home/kirk/.local/share/nvim/lazy/neoconf.nvim/types/lua
[22:48:04.898][info] [#0:script/workspace/loading.lua:100]: Preload file at: file:///home/kirk/.local/share/nvim/mason/packages/lua-language-server/libexec/meta/LuaJIT%20en-us%20utf8/ffi.lua , size = 2.529 KB
[22:48:04.900][info] [#0:script/workspace/loading.lua:112]: ++++As library of:	file:///home/kirk/.local/share/nvim/mason/packages/lua-language-server/libexec/meta/LuaJIT%20en-us%20utf8/ffi.lua
[22:48:04.900][info] [#0:script/workspace/loading.lua:100]: Preload file at: file:///home/kirk/.local/share/nvim/mason/packages/lua-language-server/libexec/meta/LuaJIT%20en-us%20utf8/bit.lua , size = 1.319 KB
[22:48:04.901][info] [#0:script/workspace/loading.lua:112]: ++++As library of:	file:///home/kirk/.local/share/nvim/mason/packages/lua-language-server/libexec/meta/LuaJIT%20en-us%20utf8/bit.lua
[22:48:04.902][info] [#0:script/workspace/loading.lua:100]: Preload file at: file:///home/kirk/.local/share/nvim/mason/packages/lua-language-server/libexec/meta/LuaJIT%20en-us%20utf8/basic.lua , size = 15.443 KB
[22:48:04.908][info] [#0:script/workspace/loading.lua:112]: ++++As library of:	file:///home/kirk/.local/share/nvim/mason/packages/lua-language-server/libexec/meta/LuaJIT%20en-us%20utf8/basic.lua
[22:48:04.908][info] [#0:script/workspace/loading.lua:100]: Preload file at: file:///home/kirk/.local/share/nvim/lazy/neoconf.nvim/types/lsp.lua , size = 688.758 KB
[22:48:05.084][info] [#0:script/workspace/loading.lua:112]: ++++As library of:	file:///home/kirk/.local/share/nvim/lazy/neoconf.nvim/types
[22:48:05.085][info] [#0:script/workspace/loading.lua:100]: Preload file at: file:///home/kirk/.local/share/nvim/mason/packages/lua-language-server/libexec/meta/LuaJIT%20en-us%20utf8/string.lua , size = 6.310 KB
[22:48:05.087][info] [#0:script/workspace/loading.lua:112]: ++++As library of:	file:///home/kirk/.local/share/nvim/mason/packages/lua-language-server/libexec/meta/LuaJIT%20en-us%20utf8/string.lua
[22:48:05.088][info] [#0:script/workspace/loading.lua:100]: Preload file at: file:///home/kirk/.local/share/nvim/mason/packages/lua-language-server/libexec/meta/LuaJIT%20en-us%20utf8/table/new.lua , size = 0.642 KB
[22:48:05.088][info] [#0:script/workspace/loading.lua:112]: ++++As library of:	file:///home/kirk/.local/share/nvim/mason/packages/lua-language-server/libexec/meta/LuaJIT%20en-us%20utf8/table/new.lua
[22:48:05.088][info] [#0:script/workspace/loading.lua:100]: Preload file at: file:///home/kirk/.local/share/nvim/mason/packages/lua-language-server/libexec/meta/LuaJIT%20en-us%20utf8/math.lua , size = 7.949 KB
[22:48:05.092][info] [#0:script/workspace/loading.lua:112]: ++++As library of:	file:///home/kirk/.local/share/nvim/mason/packages/lua-language-server/libexec/meta/LuaJIT%20en-us%20utf8/math.lua
[22:48:05.092][info] [#0:script/workspace/loading.lua:100]: Preload file at: file:///home/kirk/.local/share/nvim/mason/packages/lua-language-server/libexec/meta/LuaJIT%20en-us%20utf8/os.lua , size = 5.600 KB
[22:48:05.094][info] [#0:script/workspace/loading.lua:112]: ++++As library of:	file:///home/kirk/.local/share/nvim/mason/packages/lua-language-server/libexec/meta/LuaJIT%20en-us%20utf8/os.lua
[22:48:05.094][info] [#0:script/workspace/loading.lua:100]: Preload file at: file:///home/kirk/.local/share/nvim/mason/packages/lua-language-server/libexec/meta/LuaJIT%20en-us%20utf8/package.lua , size = 2.699 KB
[22:48:05.095][info] [#0:script/workspace/loading.lua:112]: ++++As library of:	file:///home/kirk/.local/share/nvim/mason/packages/lua-language-server/libexec/meta/LuaJIT%20en-us%20utf8/package.lua
[22:48:05.095][info] [#0:script/workspace/loading.lua:100]: Preload file at: file:///home/kirk/.local/share/nvim/mason/packages/lua-language-server/libexec/meta/LuaJIT%20en-us%20utf8/string/buffer.lua , size = 18.123 KB
[22:48:05.099][info] [#0:script/workspace/loading.lua:112]: ++++As library of:	file:///home/kirk/.local/share/nvim/mason/packages/lua-language-server/libexec/meta/LuaJIT%20en-us%20utf8/string/buffer.lua
[22:48:05.099][info] [#0:script/workspace/loading.lua:100]: Preload file at: file:///home/kirk/.local/share/nvim/mason/packages/lua-language-server/libexec/meta/LuaJIT%20en-us%20utf8/jit/util.lua , size = 1.984 KB
[22:48:05.100][info] [#0:script/workspace/loading.lua:112]: ++++As library of:	file:///home/kirk/.local/share/nvim/mason/packages/lua-language-server/libexec/meta/LuaJIT%20en-us%20utf8/jit/util.lua
[22:48:05.101][info] [#0:script/workspace/loading.lua:100]: Preload file at: file:///home/kirk/.local/share/nvim/mason/packages/lua-language-server/libexec/meta/LuaJIT%20en-us%20utf8/debug.lua , size = 7.310 KB
[22:48:05.104][info] [#0:script/workspace/loading.lua:112]: ++++As library of:	file:///home/kirk/.local/share/nvim/mason/packages/lua-language-server/libexec/meta/LuaJIT%20en-us%20utf8/debug.lua
[22:48:05.104][info] [#0:script/workspace/loading.lua:100]: Preload file at: file:///home/kirk/.local/share/nvim/mason/packages/lua-language-server/libexec/meta/LuaJIT%20en-us%20utf8/table/clear.lua , size = 0.797 KB
[22:48:05.104][info] [#0:script/workspace/loading.lua:112]: ++++As library of:	file:///home/kirk/.local/share/nvim/mason/packages/lua-language-server/libexec/meta/LuaJIT%20en-us%20utf8/table/clear.lua
[22:48:05.104][info] [#0:script/workspace/loading.lua:100]: Preload file at: file:///home/kirk/.local/share/nvim/mason/packages/lua-language-server/libexec/meta/LuaJIT%20en-us%20utf8/jit/profile.lua , size = 0.348 KB
[22:48:05.105][info] [#0:script/workspace/loading.lua:112]: ++++As library of:	file:///home/kirk/.local/share/nvim/mason/packages/lua-language-server/libexec/meta/LuaJIT%20en-us%20utf8/jit/profile.lua
[22:48:05.105][info] [#0:script/workspace/loading.lua:100]: Preload file at: file:///home/kirk/.hyprgruv/assets/nvim/lazy/pkg-cache.lua , size = 0.617 KB
[22:48:05.105][info] [#0:script/workspace/loading.lua:100]: Preload file at: file:///home/kirk/.hyprgruv/assets/nvim/nvim/lazy/pkg-cache.lua , size = 0.386 KB
[22:48:05.106][info] [#0:script/workspace/loading.lua:100]: Preload file at: file:///home/kirk/.hyprgruv/home/.config/nvim/lua/config/options.lua , size = 0.207 KB
[22:48:05.106][info] [#0:script/workspace/loading.lua:100]: Preload file at: file:///home/kirk/.hyprgruv/home/.config/nvim/lua/config/keymaps.lua , size = 0.204 KB
[22:48:05.106][info] [#0:script/workspace/loading.lua:100]: Preload file at: file:///home/kirk/.hyprgruv/home/.config/nvim/lua/config/lazy.lua , size = 1.810 KB
[22:48:05.107][info] [#0:script/workspace/loading.lua:100]: Preload file at: file:///home/kirk/.hyprgruv/home/.config/nvim/lua/config/autocmds.lua , size = 0.414 KB
[22:48:05.107][info] [#0:script/workspace/loading.lua:100]: Preload file at: file:///home/kirk/.hyprgruv/home/.config/nvim/lua/plugins/gruvbox.lua , size = 0.181 KB
[22:48:05.108][info] [#0:script/workspace/loading.lua:100]: Preload file at: file:///home/kirk/.hyprgruv/home/.config/nvim/lua/plugins/example.lua , size = 5.171 KB
[22:48:05.109][info] [#0:script/workspace/loading.lua:100]: Preload file at: file:///home/kirk/.hyprgruv/home/.config/nvim/lua/plugins/alpha.lua , size = 2.162 KB
[22:48:05.110][info] [#0:script/workspace/loading.lua:100]: Preload file at: file:///home/kirk/.hyprgruv/home/.config/nvim/lua/plugins/lsp-config.lua , size = 1.183 KB
[22:48:05.111][info] [#0:script/workspace/loading.lua:100]: Preload file at: file:///home/kirk/.hyprgruv/home/.config/nvim/lua/plugins/oil.lua , size = 0.157 KB
[22:48:05.111][info] [#0:script/workspace/loading.lua:100]: Preload file at: file:///home/kirk/.hyprgruv/home/.config/nvim/lua/plugins/neopywal.lua , size = 0.104 KB
[22:48:05.111][info] [#0:script/workspace/loading.lua:100]: Preload file at: file:///home/kirk/.hyprgruv/home/.config/nvim/lua/plugins/completions.lua , size = 1.159 KB
[22:48:05.112][info] [#0:script/workspace/loading.lua:100]: Preload file at: file:///home/kirk/.hyprgruv/home/.config/nvim/lua/plugins/pywal16.lua , size = 0.112 KB
[22:48:05.112][info] [#0:script/workspace/loading.lua:100]: Preload file at: file:///home/kirk/.hyprgruv/home/.config/nvim/init.lua , size = 0.745 KB
[22:48:05.113][info] [#0:script/workspace/loading.lua:100]: Preload file at: file:///home/kirk/.hyprgruv/home/.config/yazi/plugins/arrow.yazi/main.lua , size = 0.367 KB
[22:48:05.113][info] [#0:script/workspace/loading.lua:100]: Preload file at: file:///home/kirk/.hyprgruv/home/.config/yazi/plugins/linemode.yazi/main.lua , size = 1.188 KB
[22:48:05.114][info] [#0:script/workspace/loading.lua:100]: Preload file at: file:///home/kirk/.hyprgruv/home/.config/yazi/plugins/smart-enter.yazi/main.lua , size = 0.300 KB
[22:48:05.115][info] [#0:script/workspace/loading.lua:100]: Preload file at: file:///home/kirk/.hyprgruv/home/.config/yazi/plugins/smart-tab.yazi/main.lua , size = 0.171 KB
[22:48:05.115][info] [#0:script/workspace/loading.lua:100]: Preload file at: file:///home/kirk/.hyprgruv/home/.config/yazi/plugins/arrow-tab.yazi/main.lua , size = 0.201 KB
[22:48:05.115][info] [#0:script/workspace/loading.lua:100]: Preload file at: file:///home/kirk/.hyprgruv/home/.config/yazi/plugins/confirm-quit.yazi/main.lua , size = 0.367 KB
[22:48:05.116][info] [#0:script/workspace/loading.lua:100]: Preload file at: file:///home/kirk/.hyprgruv/home/.config/yazi/plugins/mediainfo.yazi/main.lua , size = 5.396 KB
[22:48:05.119][info] [#0:script/workspace/loading.lua:100]: Preload file at: file:///home/kirk/.hyprgruv/home/.config/yazi/plugins/eza-preview.yazi/main.lua , size = 2.460 KB
[22:48:05.121][info] [#0:script/workspace/loading.lua:88]: Skip loaded file: file:///home/kirk/.hyprgruv/home/.config/yazi/plugins/starship.yazi/main.lua
[22:48:05.121][info] [#0:script/workspace/loading.lua:100]: Preload file at: file:///home/kirk/.hyprgruv/home/.config/yazi/plugins/wl-clipboard.yazi/main.lua , size = 1.645 KB
[22:48:05.122][info] [#0:script/workspace/loading.lua:100]: Preload file at: file:///home/kirk/.hyprgruv/home/.config/yazi/plugins/starship.yazi/starship.work.lua , size = 2.701 KB
[22:48:05.123][info] [#0:script/workspace/loading.lua:100]: Preload file at: file:///home/kirk/.hyprgruv/home/.config/yazi/plugins/custom-shell.yazi/main.lua , size = 6.229 KB
[22:48:05.126][info] [#0:script/workspace/loading.lua:100]: Preload file at: file:///home/kirk/.hyprgruv/home/.config/yazi/plugins/main.lua , size = 0.239 KB
[22:48:05.126][info] [#0:script/workspace/loading.lua:100]: Preload file at: file:///home/kirk/.hyprgruv/home/.config/yazi/plugins/glow.yazi/main.lua , size = 1.280 KB
[22:48:05.127][info] [#0:script/workspace/loading.lua:100]: Preload file at: file:///home/kirk/.hyprgruv/home/.config/yazi/plugins/hexyl.yazi/main.lua , size = 1.618 KB
[22:48:05.128][info] [#0:script/workspace/loading.lua:100]: Preload file at: file:///home/kirk/.hyprgruv/home/.config/yazi/plugins/sudo.yazi/main.lua , size = 4.896 KB
[22:48:05.131][info] [#0:script/workspace/loading.lua:100]: Preload file at: file:///home/kirk/.hyprgruv/home/.config/yazi/init.lua , size = 0.646 KB
[22:48:05.236][info] [#0:script/workspace/loading.lua:139]: Preload dll at: file:///home/kirk/.hyprgruv/home/.config/discord/WidevineCdm/4.10.2891.0/_platform_specific/linux_x64/libwidevinecdm.so , size = 18304.781 KB
[22:48:05.435][info] [#0:script/workspace/loading.lua:172]: Loaded files takes [1.927] sec: file:///home/kirk/.hyprgruv
[22:48:05.435][info] [#0:script/workspace/loading.lua:181]: Compile files takes [0.000] sec: file:///home/kirk/.hyprgruv
[22:48:05.435][info] [#0:script/workspace/loading.lua:182]: Loaded finish:	file:///home/kirk/.hyprgruv
[22:48:05.435][info] [#0:script/workspace/workspace.lua:381]: Preload finish at:	file:///home/kirk/.hyprgruv
[22:48:05.451][warn] [#0:script/proto/proto.lua:189]: Method [textDocument/didOpen] takes [24.494]sec. {
  jsonrpc = "2.0",
  method = "textDocument/didOpen",
  params = {
    textDocument = {
      languageId = "lua",
      text = '"***"',
      uri = "file:///home/kirk/.hyprgruv/home/.config/yazi/plugins/starship.yazi/main.lua",
      version = 0
    }
  }
}
[22:48:05.453][info] [#0:script/provider/diagnostic.lua:560]: Diagnostics scope [file:///home/kirk/.hyprgruv], files count:[152]
[22:48:05.454][warn] [#0:script/proto/proto.lua:189]: Method [textDocument/documentHighlight] takes [23.910]sec. {
  id = 12,
  jsonrpc = "2.0",
  method = "textDocument/documentHighlight",
  params = {
    position = {
      character = 0,
      line = 27
    },
    textDocument = {
      uri = "file:///home/kirk/.hyprgruv/home/.config/yazi/plugins/starship.yazi/main.lua"
    }
  }
}
[22:48:05.454][warn] [#0:script/proto/proto.lua:189]: Method [textDocument/documentHighlight] takes [23.499]sec. {
  id = 14,
  jsonrpc = "2.0",
  method = "textDocument/documentHighlight",
  params = {
    position = {
      character = 0,
      line = 37
    },
    textDocument = {
      uri = "file:///home/kirk/.hyprgruv/home/.config/yazi/plugins/starship.yazi/main.lua"
    }
  }
}
[22:48:05.454][warn] [#0:script/proto/proto.lua:189]: Method [textDocument/documentHighlight] takes [23.062]sec. {
  id = 15,
  jsonrpc = "2.0",
  method = "textDocument/documentHighlight",
  params = {
    position = {
      character = 0,
      line = 38
    },
    textDocument = {
      uri = "file:///home/kirk/.hyprgruv/home/.config/yazi/plugins/starship.yazi/main.lua"
    }
  }
}
[22:48:05.454][warn] [#0:script/proto/proto.lua:189]: Method [textDocument/documentHighlight] takes [22.769]sec. {
  id = 16,
  jsonrpc = "2.0",
  method = "textDocument/documentHighlight",
  params = {
    position = {
      character = 0,
      line = 39
    },
    textDocument = {
      uri = "file:///home/kirk/.hyprgruv/home/.config/yazi/plugins/starship.yazi/main.lua"
    }
  }
}
[22:48:05.455][warn] [#0:script/proto/proto.lua:189]: Method [textDocument/documentHighlight] takes [21.565]sec. {
  id = 19,
  jsonrpc = "2.0",
  method = "textDocument/documentHighlight",
  params = {
    position = {
      character = 0,
      line = 40
    },
    textDocument = {
      uri = "file:///home/kirk/.hyprgruv/home/.config/yazi/plugins/starship.yazi/main.lua"
    }
  }
}
[22:48:05.455][warn] [#0:script/proto/proto.lua:189]: Method [textDocument/documentHighlight] takes [17.717]sec. {
  id = 21,
  jsonrpc = "2.0",
  method = "textDocument/documentHighlight",
  params = {
    position = {
      character = 0,
      line = 41
    },
    textDocument = {
      uri = "file:///home/kirk/.hyprgruv/home/.config/yazi/plugins/starship.yazi/main.lua"
    }
  }
}
[22:48:05.455][warn] [#0:script/proto/proto.lua:189]: Method [textDocument/documentHighlight] takes [17.216]sec. {
  id = 22,
  jsonrpc = "2.0",
  method = "textDocument/documentHighlight",
  params = {
    position = {
      character = 0,
      line = 44
    },
    textDocument = {
      uri = "file:///home/kirk/.hyprgruv/home/.config/yazi/plugins/starship.yazi/main.lua"
    }
  }
}
[22:48:05.455][warn] [#0:script/proto/proto.lua:189]: Method [textDocument/documentHighlight] takes [16.458]sec. {
  id = 24,
  jsonrpc = "2.0",
  method = "textDocument/documentHighlight",
  params = {
    position = {
      character = 0,
      line = 22
    },
    textDocument = {
      uri = "file:///home/kirk/.hyprgruv/home/.config/yazi/plugins/starship.yazi/main.lua"
    }
  }
}
[22:48:05.455][warn] [#0:script/proto/proto.lua:189]: Method [textDocument/documentHighlight] takes [16.354]sec. {
  id = 25,
  jsonrpc = "2.0",
  method = "textDocument/documentHighlight",
  params = {
    position = {
      character = 0,
      line = 23
    },
    textDocument = {
      uri = "file:///home/kirk/.hyprgruv/home/.config/yazi/plugins/starship.yazi/main.lua"
    }
  }
}
[22:48:05.455][warn] [#0:script/proto/proto.lua:189]: Method [textDocument/documentHighlight] takes [15.727]sec. {
  id = 26,
  jsonrpc = "2.0",
  method = "textDocument/documentHighlight",
  params = {
    position = {
      character = 0,
      line = 24
    },
    textDocument = {
      uri = "file:///home/kirk/.hyprgruv/home/.config/yazi/plugins/starship.yazi/main.lua"
    }
  }
}
[22:48:05.456][warn] [#0:script/proto/proto.lua:189]: Method [textDocument/documentHighlight] takes [14.679]sec. {
  id = 28,
  jsonrpc = "2.0",
  method = "textDocument/documentHighlight",
  params = {
    position = {
      character = 0,
      line = 59
    },
    textDocument = {
      uri = "file:///home/kirk/.hyprgruv/home/.config/yazi/plugins/starship.yazi/main.lua"
    }
  }
}
[22:48:05.456][warn] [#0:script/proto/proto.lua:189]: Method [textDocument/documentHighlight] takes [13.973]sec. {
  id = 30,
  jsonrpc = "2.0",
  method = "textDocument/documentHighlight",
  params = {
    position = {
      character = 0,
      line = 60
    },
    textDocument = {
      uri = "file:///home/kirk/.hyprgruv/home/.config/yazi/plugins/starship.yazi/main.lua"
    }
  }
}
[22:48:05.456][warn] [#0:script/proto/proto.lua:189]: Method [textDocument/documentHighlight] takes [13.388]sec. {
  id = 32,
  jsonrpc = "2.0",
  method = "textDocument/documentHighlight",
  params = {
    position = {
      character = 0,
      line = 75
    },
    textDocument = {
      uri = "file:///home/kirk/.hyprgruv/home/.config/yazi/plugins/starship.yazi/main.lua"
    }
  }
}
[22:48:05.456][warn] [#0:script/proto/proto.lua:189]: Method [textDocument/documentHighlight] takes [13.126]sec. {
  id = 33,
  jsonrpc = "2.0",
  method = "textDocument/documentHighlight",
  params = {
    position = {
      character = 0,
      line = 76
    },
    textDocument = {
      uri = "file:///home/kirk/.hyprgruv/home/.config/yazi/plugins/starship.yazi/main.lua"
    }
  }
}
[22:48:05.456][warn] [#0:script/proto/proto.lua:189]: Method [textDocument/documentHighlight] takes [12.586]sec. {
  id = 34,
  jsonrpc = "2.0",
  method = "textDocument/documentHighlight",
  params = {
    position = {
      character = 0,
      line = 87
    },
    textDocument = {
      uri = "file:///home/kirk/.hyprgruv/home/.config/yazi/plugins/starship.yazi/main.lua"
    }
  }
}
[22:48:05.457][warn] [#0:script/proto/proto.lua:189]: Method [textDocument/documentHighlight] takes [12.060]sec. {
  id = 36,
  jsonrpc = "2.0",
  method = "textDocument/documentHighlight",
  params = {
    position = {
      character = 0,
      line = 88
    },
    textDocument = {
      uri = "file:///home/kirk/.hyprgruv/home/.config/yazi/plugins/starship.yazi/main.lua"
    }
  }
}
[22:48:05.457][warn] [#0:script/proto/proto.lua:189]: Method [textDocument/documentHighlight] takes [11.514]sec. {
  id = 37,
  jsonrpc = "2.0",
  method = "textDocument/documentHighlight",
  params = {
    position = {
      character = 0,
      line = 99
    },
    textDocument = {
      uri = "file:///home/kirk/.hyprgruv/home/.config/yazi/plugins/starship.yazi/main.lua"
    }
  }
}
[22:48:05.457][warn] [#0:script/proto/proto.lua:189]: Method [textDocument/documentHighlight] takes [11.231]sec. {
  id = 39,
  jsonrpc = "2.0",
  method = "textDocument/documentHighlight",
  params = {
    position = {
      character = 0,
      line = 100
    },
    textDocument = {
      uri = "file:///home/kirk/.hyprgruv/home/.config/yazi/plugins/starship.yazi/main.lua"
    }
  }
}
[22:48:05.457][warn] [#0:script/proto/proto.lua:189]: Method [textDocument/documentHighlight] takes [10.679]sec. {
  id = 40,
  jsonrpc = "2.0",
  method = "textDocument/documentHighlight",
  params = {
    position = {
      character = 0,
      line = 114
    },
    textDocument = {
      uri = "file:///home/kirk/.hyprgruv/home/.config/yazi/plugins/starship.yazi/main.lua"
    }
  }
}
[22:48:05.457][warn] [#0:script/proto/proto.lua:189]: Method [textDocument/documentHighlight] takes [9.763]sec. {
  id = 42,
  jsonrpc = "2.0",
  method = "textDocument/documentHighlight",
  params = {
    position = {
      character = 0,
      line = 115
    },
    textDocument = {
      uri = "file:///home/kirk/.hyprgruv/home/.config/yazi/plugins/starship.yazi/main.lua"
    }
  }
}
[22:48:05.458][warn] [#0:script/proto/proto.lua:189]: Method [textDocument/documentHighlight] takes [9.325]sec. {
  id = 44,
  jsonrpc = "2.0",
  method = "textDocument/documentHighlight",
  params = {
    position = {
      character = 0,
      line = 122
    },
    textDocument = {
      uri = "file:///home/kirk/.hyprgruv/home/.config/yazi/plugins/starship.yazi/main.lua"
    }
  }
}
[22:48:05.458][warn] [#0:script/proto/proto.lua:189]: Method [textDocument/documentHighlight] takes [8.693]sec. {
  id = 45,
  jsonrpc = "2.0",
  method = "textDocument/documentHighlight",
  params = {
    position = {
      character = 0,
      line = 123
    },
    textDocument = {
      uri = "file:///home/kirk/.hyprgruv/home/.config/yazi/plugins/starship.yazi/main.lua"
    }
  }
}
[22:48:05.458][warn] [#0:script/proto/proto.lua:189]: Method [textDocument/documentHighlight] takes [8.376]sec. {
  id = 46,
  jsonrpc = "2.0",
  method = "textDocument/documentHighlight",
  params = {
    position = {
      character = 0,
      line = 127
    },
    textDocument = {
      uri = "file:///home/kirk/.hyprgruv/home/.config/yazi/plugins/starship.yazi/main.lua"
    }
  }
}
[22:48:05.458][warn] [#0:script/proto/proto.lua:189]: Method [textDocument/documentHighlight] takes [6.639]sec. {
  id = 49,
  jsonrpc = "2.0",
  method = "textDocument/documentHighlight",
  params = {
    position = {
      character = 0,
      line = 126
    },
    textDocument = {
      uri = "file:///home/kirk/.hyprgruv/home/.config/yazi/plugins/starship.yazi/main.lua"
    }
  }
}
[22:48:05.458][warn] [#0:script/proto/proto.lua:189]: Method [textDocument/documentHighlight] takes [6.432]sec. {
  id = 50,
  jsonrpc = "2.0",
  method = "textDocument/documentHighlight",
  params = {
    position = {
      character = 0,
      line = 125
    },
    textDocument = {
      uri = "file:///home/kirk/.hyprgruv/home/.config/yazi/plugins/starship.yazi/main.lua"
    }
  }
}
[22:48:05.458][warn] [#0:script/proto/proto.lua:189]: Method [textDocument/documentHighlight] takes [6.060]sec. {
  id = 51,
  jsonrpc = "2.0",
  method = "textDocument/documentHighlight",
  params = {
    position = {
      character = 1,
      line = 125
    },
    textDocument = {
      uri = "file:///home/kirk/.hyprgruv/home/.config/yazi/plugins/starship.yazi/main.lua"
    }
  }
}
[22:48:05.459][warn] [#0:script/proto/proto.lua:189]: Method [textDocument/documentHighlight] takes [5.193]sec. {
  id = 53,
  jsonrpc = "2.0",
  method = "textDocument/documentHighlight",
  params = {
    position = {
      character = 25,
      line = 125
    },
    textDocument = {
      uri = "file:///home/kirk/.hyprgruv/home/.config/yazi/plugins/starship.yazi/main.lua"
    }
  }
}
[22:48:05.459][warn] [#0:script/proto/proto.lua:189]: Method [textDocument/documentHighlight] takes [5.029]sec. {
  id = 54,
  jsonrpc = "2.0",
  method = "textDocument/documentHighlight",
  params = {
    position = {
      character = 27,
      line = 125
    },
    textDocument = {
      uri = "file:///home/kirk/.hyprgruv/home/.config/yazi/plugins/starship.yazi/main.lua"
    }
  }
}
[22:48:05.459][warn] [#0:script/proto/proto.lua:189]: Method [textDocument/documentHighlight] takes [4.937]sec. {
  id = 55,
  jsonrpc = "2.0",
  method = "textDocument/documentHighlight",
  params = {
    position = {
      character = 27,
      line = 125
    },
    textDocument = {
      uri = "file:///home/kirk/.hyprgruv/home/.config/yazi/plugins/starship.yazi/main.lua"
    }
  }
}
[22:48:05.459][warn] [#0:script/proto/proto.lua:189]: Method [textDocument/documentHighlight] takes [4.854]sec. {
  id = 56,
  jsonrpc = "2.0",
  method = "textDocument/documentHighlight",
  params = {
    position = {
      character = 28,
      line = 125
    },
    textDocument = {
      uri = "file:///home/kirk/.hyprgruv/home/.config/yazi/plugins/starship.yazi/main.lua"
    }
  }
}
[22:48:05.481][warn] [#0:script/proto/proto.lua:189]: Method [textDocument/semanticTokens/full] takes [23.928]sec. {
  id = 10,
  jsonrpc = "2.0",
  method = "textDocument/semanticTokens/full",
  params = {
    textDocument = {
      uri = "file:///home/kirk/.hyprgruv/home/.config/yazi/plugins/starship.yazi/main.lua"
    }
  }
}
[22:48:05.576][warn] [#0:script/proto/proto.lua:189]: Method [textDocument/documentSymbol] takes [24.555]sec. {
  id = 3,
  jsonrpc = "2.0",
  method = "textDocument/documentSymbol",
  params = {
    textDocument = {
      uri = "file:///home/kirk/.hyprgruv/home/.config/yazi/plugins/starship.yazi/main.lua"
    }
  }
}
[22:48:05.577][warn] [#0:script/proto/proto.lua:189]: Method [textDocument/documentSymbol] takes [23.581]sec. {
  id = 13,
  jsonrpc = "2.0",
  method = "textDocument/documentSymbol",
  params = {
    textDocument = {
      uri = "file:///home/kirk/.hyprgruv/home/.config/yazi/plugins/starship.yazi/main.lua"
    }
  }
}
[22:48:05.579][warn] [#0:script/proto/proto.lua:189]: Method [textDocument/documentSymbol] takes [22.650]sec. {
  id = 17,
  jsonrpc = "2.0",
  method = "textDocument/documentSymbol",
  params = {
    textDocument = {
      uri = "file:///home/kirk/.hyprgruv/home/.config/yazi/plugins/starship.yazi/main.lua"
    }
  }
}
[22:48:05.581][warn] [#0:script/proto/proto.lua:189]: Method [textDocument/documentSymbol] takes [21.671]sec. {
  id = 18,
  jsonrpc = "2.0",
  method = "textDocument/documentSymbol",
  params = {
    textDocument = {
      uri = "file:///home/kirk/.hyprgruv/home/.config/yazi/plugins/starship.yazi/main.lua"
    }
  }
}
[22:48:05.582][warn] [#0:script/proto/proto.lua:189]: Method [textDocument/documentSymbol] takes [17.878]sec. {
  id = 20,
  jsonrpc = "2.0",
  method = "textDocument/documentSymbol",
  params = {
    textDocument = {
      uri = "file:///home/kirk/.hyprgruv/home/.config/yazi/plugins/starship.yazi/main.lua"
    }
  }
}
[22:48:05.583][warn] [#0:script/proto/proto.lua:189]: Method [textDocument/documentSymbol] takes [16.824]sec. {
  id = 23,
  jsonrpc = "2.0",
  method = "textDocument/documentSymbol",
  params = {
    textDocument = {
      uri = "file:///home/kirk/.hyprgruv/home/.config/yazi/plugins/starship.yazi/main.lua"
    }
  }
}
[22:48:05.584][warn] [#0:script/proto/proto.lua:189]: Method [textDocument/documentSymbol] takes [15.772]sec. {
  id = 27,
  jsonrpc = "2.0",
  method = "textDocument/documentSymbol",
  params = {
    textDocument = {
      uri = "file:///home/kirk/.hyprgruv/home/.config/yazi/plugins/starship.yazi/main.lua"
    }
  }
}
[22:48:05.585][warn] [#0:script/proto/proto.lua:189]: Method [textDocument/documentSymbol] takes [14.713]sec. {
  id = 29,
  jsonrpc = "2.0",
  method = "textDocument/documentSymbol",
  params = {
    textDocument = {
      uri = "file:///home/kirk/.hyprgruv/home/.config/yazi/plugins/starship.yazi/main.lua"
    }
  }
}
[22:48:05.586][warn] [#0:script/proto/proto.lua:189]: Method [textDocument/documentSymbol] takes [13.641]sec. {
  id = 31,
  jsonrpc = "2.0",
  method = "textDocument/documentSymbol",
  params = {
    textDocument = {
      uri = "file:///home/kirk/.hyprgruv/home/.config/yazi/plugins/starship.yazi/main.lua"
    }
  }
}
[22:48:05.587][warn] [#0:script/proto/proto.lua:189]: Method [textDocument/documentSymbol] takes [12.590]sec. {
  id = 35,
  jsonrpc = "2.0",
  method = "textDocument/documentSymbol",
  params = {
    textDocument = {
      uri = "file:///home/kirk/.hyprgruv/home/.config/yazi/plugins/starship.yazi/main.lua"
    }
  }
}
[22:48:05.588][warn] [#0:script/proto/proto.lua:189]: Method [textDocument/documentSymbol] takes [11.535]sec. {
  id = 38,
  jsonrpc = "2.0",
  method = "textDocument/documentSymbol",
  params = {
    textDocument = {
      uri = "file:///home/kirk/.hyprgruv/home/.config/yazi/plugins/starship.yazi/main.lua"
    }
  }
}
[22:48:05.589][warn] [#0:script/proto/proto.lua:189]: Method [textDocument/documentSymbol] takes [10.491]sec. {
  id = 41,
  jsonrpc = "2.0",
  method = "textDocument/documentSymbol",
  params = {
    textDocument = {
      uri = "file:///home/kirk/.hyprgruv/home/.config/yazi/plugins/starship.yazi/main.lua"
    }
  }
}
[22:48:05.590][warn] [#0:script/proto/proto.lua:189]: Method [textDocument/documentSymbol] takes [9.452]sec. {
  id = 43,
  jsonrpc = "2.0",
  method = "textDocument/documentSymbol",
  params = {
    textDocument = {
      uri = "file:///home/kirk/.hyprgruv/home/.config/yazi/plugins/starship.yazi/main.lua"
    }
  }
}
[22:48:05.591][warn] [#0:script/proto/proto.lua:189]: Method [textDocument/documentSymbol] takes [8.368]sec. {
  id = 47,
  jsonrpc = "2.0",
  method = "textDocument/documentSymbol",
  params = {
    textDocument = {
      uri = "file:///home/kirk/.hyprgruv/home/.config/yazi/plugins/starship.yazi/main.lua"
    }
  }
}
[22:48:05.592][warn] [#0:script/proto/proto.lua:189]: Method [textDocument/documentSymbol] takes [6.813]sec. {
  id = 48,
  jsonrpc = "2.0",
  method = "textDocument/documentSymbol",
  params = {
    textDocument = {
      uri = "file:///home/kirk/.hyprgruv/home/.config/yazi/plugins/starship.yazi/main.lua"
    }
  }
}
[22:48:05.594][warn] [#0:script/proto/proto.lua:189]: Method [textDocument/documentSymbol] takes [5.751]sec. {
  id = 52,
  jsonrpc = "2.0",
  method = "textDocument/documentSymbol",
  params = {
    textDocument = {
      uri = "file:///home/kirk/.hyprgruv/home/.config/yazi/plugins/starship.yazi/main.lua"
    }
  }
}
[22:48:05.595][warn] [#0:script/proto/proto.lua:189]: Method [textDocument/documentSymbol] takes [4.718]sec. {
  id = 57,
  jsonrpc = "2.0",
  method = "textDocument/documentSymbol",
  params = {
    textDocument = {
      uri = "file:///home/kirk/.hyprgruv/home/.config/yazi/plugins/starship.yazi/main.lua"
    }
  }
}
[22:48:06.168][info] [#0:script/provider/diagnostic.lua:577]: Diagnostics scope [file:///home/kirk/.hyprgruv] finished, takes [0.319] sec.
[22:48:41.322][info] [#0:script/provider/diagnostic.lua:560]: Diagnostics scope [file:///home/kirk/.hyprgruv], files count:[152]
[22:48:41.862][info] [#0:script/provider/diagnostic.lua:577]: Diagnostics scope [file:///home/kirk/.hyprgruv] finished, takes [0.205] sec.
[22:48:51.225][info] [#0:script/workspace/workspace.lua:284]: Scan files at:	file:///home/kirk/.hyprgruv/home/.config/yazi/plugins/starship.yazi/main.lua
[22:48:51.234][info] [#0:script/workspace/loading.lua:160]: Load files from disk:	file:///home/kirk/.hyprgruv/home/.config/yazi/plugins/starship.yazi/main.lua
[22:48:51.234][info] [#0:script/workspace/loading.lua:88]: Skip loaded file: file:///home/kirk/.hyprgruv/home/.config/yazi/plugins/starship.yazi/main.lua
[22:48:51.234][info] [#0:script/workspace/loading.lua:172]: Loaded files takes [0.000] sec: file:///home/kirk/.hyprgruv/home/.config/yazi/plugins/starship.yazi/main.lua
[22:48:51.234][info] [#0:script/workspace/loading.lua:181]: Compile files takes [0.000] sec: file:///home/kirk/.hyprgruv/home/.config/yazi/plugins/starship.yazi/main.lua
[22:48:51.234][info] [#0:script/workspace/loading.lua:182]: Loaded finish:	file:///home/kirk/.hyprgruv/home/.config/yazi/plugins/starship.yazi/main.lua
[22:48:55.224][info] [#0:script/workspace/workspace.lua:284]: Scan files at:	file:///home/kirk/.hyprgruv/home/.config/kde.org/UserFeedback.org.kde.dolphin.conf
[22:48:55.224][info] [#0:script/workspace/loading.lua:160]: Load files from disk:	file:///home/kirk/.hyprgruv/home/.config/kde.org/UserFeedback.org.kde.dolphin.conf
[22:48:55.224][info] [#0:script/workspace/loading.lua:172]: Loaded files takes [0.000] sec: file:///home/kirk/.hyprgruv/home/.config/kde.org/UserFeedback.org.kde.dolphin.conf
[22:48:55.225][info] [#0:script/workspace/loading.lua:181]: Compile files takes [0.000] sec: file:///home/kirk/.hyprgruv/home/.config/kde.org/UserFeedback.org.kde.dolphin.conf
[22:48:55.225][info] [#0:script/workspace/loading.lua:182]: Loaded finish:	file:///home/kirk/.hyprgruv/home/.config/kde.org/UserFeedback.org.kde.dolphin.conf
[22:49:40.129][warn] [#0:script/pub/report.lua:24]: Load proto error:	Disconnected!
