[12:22:46.645][info] [#0:/home/kirk/.local/share/nvim/mason/packages/lua-language-server/libexec/main.lua:68]: Lua Lsp startup, root: 	/home/kirk/.local/share/nvim/mason/packages/lua-language-server/libexec
[12:22:46.646][info] [#0:/home/kirk/.local/share/nvim/mason/packages/lua-language-server/libexec/main.lua:69]: ROOT:	/home/kirk/.local/share/nvim/mason/packages/lua-language-server/libexec
[12:22:46.646][info] [#0:/home/kirk/.local/share/nvim/mason/packages/lua-language-server/libexec/main.lua:70]: LOGPATH:	/home/kirk/.local/share/nvim/mason/packages/lua-language-server/libexec/log
[12:22:46.646][info] [#0:/home/kirk/.local/share/nvim/mason/packages/lua-language-server/libexec/main.lua:71]: METAPATH:	/home/kirk/.local/share/nvim/mason/packages/lua-language-server/libexec/meta
[12:22:46.646][info] [#0:/home/kirk/.local/share/nvim/mason/packages/lua-language-server/libexec/main.lua:72]: VERSION:	3.13.6
[12:22:46.663][info] [#0:script/proto/proto.lua:260]: Listen Mode: stdio
[12:22:46.663][info] [#0:script/service/service.lua:145]: 
========= Medical Examination Report =========
    --------------- Memory ---------------
        Total: 2.258 MB
        # 00 : 2.258 MB
        # 01 : 0.000 MB
        # 02 : 0.000 MB
        # 03 : 0.000 MB
        # 04 : 0.000 MB
    --------------- Coroutine ---------------
        Total:     0
        Running:   0
        Suspended: 0
        Normal:    0
        Dead:      0
    --------------- Cache ---------------
        Total: 1
        Dead:  0
    ---------------  RPC  ---------------
        Holdon:   0
        Waiting:  0
==============================================
[12:22:46.767][info] [#0:script/client.lua:657]: Client init	{
  capabilities = {
    general = {
      positionEncodings = { "utf-16" }
    },
    textDocument = {
      callHierarchy = {
        dynamicRegistration = false
      },
      codeAction = {
        codeActionLiteralSupport = {
          codeActionKind = {
            valueSet = { "", "quickfix", "refactor", "refactor.extract", "refactor.inline", "refactor.rewrite", "source", "source.organizeImports" }
          }
        },
        dataSupport = true,
        dynamicRegistration = true,
        isPreferredSupport = true,
        resolveSupport = {
          properties = { "edit" }
        }
      },
      completion = {
        completionItem = {
          commitCharactersSupport = true,
          deprecatedSupport = true,
          documentationFormat = { "markdown", "plaintext" },
          insertReplaceSupport = true,
          insertTextModeSupport = {
            valueSet = { 1, 2 }
          },
          labelDetailsSupport = true,
          preselectSupport = true,
          resolveSupport = {
            properties = { "documentation", "additionalTextEdits", "insertTextFormat", "insertTextMode", "command" }
          },
          snippetSupport = true,
          tagSupport = {
            valueSet = { 1 }
          }
        },
        completionItemKind = {
          valueSet = { 1, 2, 3, 4, 5, 6, 7, 8, 9, 10, 11, 12, 13, 14, 15, 16, 17, 18, 19, 20, 21, 22, 23, 24, 25 }
        },
        completionList = {
          itemDefaults = { "commitCharacters", "editRange", "insertTextFormat", "insertTextMode", "data" }
        },
        contextSupport = true,
        dynamicRegistration = false,
        insertTextMode = 1
      },
      declaration = {
        linkSupport = true
      },
      definition = {
        dynamicRegistration = true,
        linkSupport = true
      },
      diagnostic = {
        dynamicRegistration = false
      },
      documentHighlight = {
        dynamicRegistration = false
      },
      documentSymbol = {
        dynamicRegistration = false,
        hierarchicalDocumentSymbolSupport = true,
        symbolKind = {
          valueSet = { 1, 2, 3, 4, 5, 6, 7, 8, 9, 10, 11, 12, 13, 14, 15, 16, 17, 18, 19, 20, 21, 22, 23, 24, 25, 26 }
        }
      },
      formatting = {
        dynamicRegistration = true
      },
      hover = {
        contentFormat = { "markdown", "plaintext" },
        dynamicRegistration = true
      },
      implementation = {
        linkSupport = true
      },
      inlayHint = {
        dynamicRegistration = true,
        resolveSupport = {
          properties = { "textEdits", "tooltip", "location", "command" }
        }
      },
      publishDiagnostics = {
        dataSupport = true,
        relatedInformation = true,
        tagSupport = {
          valueSet = { 1, 2 }
        }
      },
      rangeFormatting = {
        dynamicRegistration = true
      },
      references = {
        dynamicRegistration = false
      },
      rename = {
        dynamicRegistration = true,
        prepareSupport = true
      },
      semanticTokens = {
        augmentsSyntaxTokens = true,
        dynamicRegistration = false,
        formats = { "relative" },
        multilineTokenSupport = false,
        overlappingTokenSupport = true,
        requests = {
          full = {
            delta = true
          },
          range = false
        },
        serverCancelSupport = false,
        tokenModifiers = { "declaration", "definition", "readonly", "static", "deprecated", "abstract", "async", "modification", "documentation", "defaultLibrary" },
        tokenTypes = { "namespace", "type", "class", "enum", "interface", "struct", "typeParameter", "parameter", "variable", "property", "enumMember", "event", "function", "method", "macro", "keyword", "modifier", "comment", "string", "number", "regexp", "operator", "decorator" }
      },
      signatureHelp = {
        dynamicRegistration = false,
        signatureInformation = {
          activeParameterSupport = true,
          documentationFormat = { "markdown", "plaintext" },
          parameterInformation = {
            labelOffsetSupport = true
          }
        }
      },
      synchronization = {
        didSave = true,
        dynamicRegistration = false,
        willSave = true,
        willSaveWaitUntil = true
      },
      typeDefinition = {
        linkSupport = true
      }
    },
    window = {
      showDocument = {
        support = true
      },
      showMessage = {
        messageActionItem = {
          additionalPropertiesSupport = false
        }
      },
      workDoneProgress = true
    },
    workspace = {
      applyEdit = true,
      configuration = true,
      didChangeConfiguration = {
        dynamicRegistration = false
      },
      didChangeWatchedFiles = {
        dynamicRegistration = false,
        relativePatternSupport = true
      },
      inlayHint = {
        refreshSupport = true
      },
      semanticTokens = {
        refreshSupport = true
      },
      symbol = {
        dynamicRegistration = false,
        symbolKind = {
          valueSet = { 1, 2, 3, 4, 5, 6, 7, 8, 9, 10, 11, 12, 13, 14, 15, 16, 17, 18, 19, 20, 21, 22, 23, 24, 25, 26 }
        }
      },
      workspaceEdit = {
        resourceOperations = { "rename", "create", "delete" }
      },
      workspaceFolders = true
    }
  },
  clientInfo = {
    name = "Neovim",
    version = "0.10.4+v0.10.4"
  },
  initializationOptions = {},
  processId = 23633,
  rootPath = "/home/kirk/.local/share/nvim/lazy/cmp-nvim-lsp",
  rootUri = "file:///home/kirk/.local/share/nvim/lazy/cmp-nvim-lsp",
  trace = "off",
  workDoneToken = "1",
  workspaceFolders = { {
      name = "/home/kirk/.local/share/nvim/lazy/cmp-nvim-lsp",
      uri = "file:///home/kirk/.local/share/nvim/lazy/cmp-nvim-lsp"
    } }
}
[12:22:46.767][info] [#0:script/language.lua:137]: VSC language: nil
[12:22:46.767][info] [#0:script/language.lua:138]: LS  language: en-us
[12:22:46.767][info] [#0:script/workspace/workspace.lua:38]: Workspace init root: 	file:///home/kirk/.local/share/nvim/lazy/cmp-nvim-lsp
[12:22:46.767][info] [#0:script/workspace/workspace.lua:42]: Log path: 	/home/kirk/.local/share/nvim/mason/packages/lua-language-server/libexec/log/file_home_kirk_.local_share_nvim_lazy_cmp-nvim-lsp.log
[12:22:46.767][info] [#0:script/workspace/workspace.lua:48]: Workspace create: 	file:///home/kirk/.local/share/nvim/lazy/cmp-nvim-lsp
[12:22:47.069][info] [#0:script/provider/provider.lua:49]: Load config from client	file:///home/kirk/.local/share/nvim/lazy/cmp-nvim-lsp
[12:22:47.069][info] [#0:script/provider/provider.lua:50]: {
  Lua = {
    runtime = {
      path = { "?.lua", "?/init.lua" },
      pathStrict = true,
      version = "LuaJIT"
    },
    workspace = {
      checkThirdParty = false,
      ignoreDir = { "/lua" },
      library = { "/usr/share/nvim/runtime/lua", "/home/kirk/.local/share/nvim/lazy/cmp-nvim-lsp/lua" }
    }
  }
}
[12:22:47.170][info] [#0:script/provider/provider.lua:49]: Load config from client	file:///home/kirk/.local/share/nvim/lazy/cmp-nvim-lsp
[12:22:47.170][info] [#0:script/provider/provider.lua:50]: {
  Lua = {
    runtime = {
      path = { "?.lua", "?/init.lua" },
      pathStrict = true,
      version = "LuaJIT"
    },
    workspace = {
      checkThirdParty = false,
      ignoreDir = { "/lua" },
      library = { "/usr/share/nvim/runtime/lua", "/home/kirk/.local/share/nvim/lazy/cmp-nvim-lsp/lua" }
    }
  }
}
[12:22:47.170][warn] [#0:script/config/loader.lua:116]: No config?	{}
[12:22:47.170][info] [#0:script/provider/provider.lua:65]: Load config from client	fallback
[12:22:47.170][info] [#0:script/provider/provider.lua:66]: nil
[12:22:47.278][info] [#0:script/library.lua:212]: Init builtin library at:	file:///home/kirk/.local/share/nvim/lazy/cmp-nvim-lsp
[12:22:47.286][info] [#0:script/library.lua:212]: Init builtin library at:	nil
[12:22:47.293][warn] [#0:script/config/loader.lua:116]: No config?	{}
[12:22:47.293][info] [#0:script/provider/provider.lua:65]: Load config from client	fallback
[12:22:47.293][info] [#0:script/provider/provider.lua:66]: nil
[12:22:47.393][info] [#0:script/workspace/workspace.lua:324]: Preload start:	file:///home/kirk/.local/share/nvim/lazy/cmp-nvim-lsp
[12:22:47.398][info] [#0:script/workspace/workspace.lua:330]: Scan files at:	file:///home/kirk/.local/share/nvim/lazy/cmp-nvim-lsp
[12:22:47.398][info] [#0:script/workspace/workspace.lua:324]: Preload start:	<fallback>
[12:22:47.399][info] [#0:script/workspace/workspace.lua:353]: Scan library at:	file:///home/kirk/.local/share/nvim/mason/packages/lua-language-server/libexec/meta/Lua%205.4%20en-us%20utf8/package.lua
[12:22:47.400][info] [#0:script/workspace/workspace.lua:353]: Scan library at:	file:///home/kirk/.local/share/nvim/mason/packages/lua-language-server/libexec/meta/Lua%205.4%20en-us%20utf8/string.lua
[12:22:47.400][info] [#0:script/workspace/workspace.lua:353]: Scan library at:	file:///home/kirk/.local/share/nvim/mason/packages/lua-language-server/libexec/meta/Lua%205.4%20en-us%20utf8/math.lua
[12:22:47.400][info] [#0:script/workspace/workspace.lua:353]: Scan library at:	file:///home/kirk/.local/share/nvim/mason/packages/lua-language-server/libexec/meta/Lua%205.4%20en-us%20utf8/debug.lua
[12:22:47.401][info] [#0:script/workspace/workspace.lua:353]: Scan library at:	file:///home/kirk/.local/share/nvim/mason/packages/lua-language-server/libexec/meta/Lua%205.4%20en-us%20utf8/utf8.lua
[12:22:47.401][info] [#0:script/workspace/workspace.lua:353]: Scan library at:	file:///home/kirk/.local/share/nvim/mason/packages/lua-language-server/libexec/meta/LuaJIT%20en-us%20utf8/jit/profile.lua
[12:22:47.401][info] [#0:script/workspace/workspace.lua:353]: Scan library at:	file:///home/kirk/.local/share/nvim/mason/packages/lua-language-server/libexec/meta/Lua%205.4%20en-us%20utf8/io.lua
[12:22:47.401][info] [#0:script/workspace/workspace.lua:353]: Scan library at:	file:///home/kirk/.local/share/nvim/mason/packages/lua-language-server/libexec/meta/LuaJIT%20en-us%20utf8/table/clear.lua
[12:22:47.401][info] [#0:script/workspace/workspace.lua:353]: Scan library at:	file:///home/kirk/.local/share/nvim/mason/packages/lua-language-server/libexec/meta/Lua%205.4%20en-us%20utf8/coroutine.lua
[12:22:47.401][info] [#0:script/workspace/workspace.lua:353]: Scan library at:	file:///home/kirk/.local/share/nvim/mason/packages/lua-language-server/libexec/meta/LuaJIT%20en-us%20utf8/debug.lua
[12:22:47.401][info] [#0:script/workspace/workspace.lua:353]: Scan library at:	file:///home/kirk/.local/share/nvim/mason/packages/lua-language-server/libexec/meta/Lua%205.4%20en-us%20utf8/os.lua
[12:22:47.402][info] [#0:script/workspace/workspace.lua:353]: Scan library at:	file:///home/kirk/.local/share/nvim/mason/packages/lua-language-server/libexec/meta/LuaJIT%20en-us%20utf8/jit/util.lua
[12:22:47.402][info] [#0:script/workspace/workspace.lua:353]: Scan library at:	file:///home/kirk/.local/share/nvim/mason/packages/lua-language-server/libexec/meta/Lua%205.4%20en-us%20utf8/basic.lua
[12:22:47.402][info] [#0:script/workspace/workspace.lua:353]: Scan library at:	file:///home/kirk/.local/share/nvim/mason/packages/lua-language-server/libexec/meta/LuaJIT%20en-us%20utf8/string/buffer.lua
[12:22:47.402][info] [#0:script/workspace/workspace.lua:353]: Scan library at:	file:///home/kirk/.local/share/nvim/mason/packages/lua-language-server/libexec/meta/Lua%205.4%20en-us%20utf8/builtin.lua
[12:22:47.402][info] [#0:script/workspace/workspace.lua:353]: Scan library at:	file:///home/kirk/.local/share/nvim/mason/packages/lua-language-server/libexec/meta/LuaJIT%20en-us%20utf8/package.lua
[12:22:47.402][info] [#0:script/workspace/workspace.lua:353]: Scan library at:	file:///home/kirk/.local/share/nvim/mason/packages/lua-language-server/libexec/meta/Lua%205.4%20en-us%20utf8/table.lua
[12:22:47.402][info] [#0:script/workspace/workspace.lua:353]: Scan library at:	file:///home/kirk/.local/share/nvim/lazy/cmp-nvim-lsp/lua
[12:22:47.403][info] [#0:script/workspace/workspace.lua:353]: Scan library at:	file:///home/kirk/.local/share/nvim/mason/packages/lua-language-server/libexec/meta/LuaJIT%20en-us%20utf8/os.lua
[12:22:47.403][info] [#0:script/workspace/workspace.lua:353]: Scan library at:	file:///home/kirk/.local/share/nvim/mason/packages/lua-language-server/libexec/meta/LuaJIT%20en-us%20utf8/table/new.lua
[12:22:47.403][info] [#0:script/workspace/workspace.lua:353]: Scan library at:	file:///home/kirk/.local/share/nvim/mason/packages/lua-language-server/libexec/meta/LuaJIT%20en-us%20utf8/basic.lua
[12:22:47.403][info] [#0:script/workspace/workspace.lua:353]: Scan library at:	file:///home/kirk/.local/share/nvim/mason/packages/lua-language-server/libexec/meta/LuaJIT%20en-us%20utf8/coroutine.lua
[12:22:47.403][info] [#0:script/workspace/workspace.lua:353]: Scan library at:	file:///home/kirk/.local/share/nvim/mason/packages/lua-language-server/libexec/meta/LuaJIT%20en-us%20utf8/bit.lua
[12:22:47.403][info] [#0:script/workspace/workspace.lua:353]: Scan library at:	file:///home/kirk/.local/share/nvim/mason/packages/lua-language-server/libexec/meta/LuaJIT%20en-us%20utf8/ffi.lua
[12:22:47.403][info] [#0:script/workspace/workspace.lua:353]: Scan library at:	file:///home/kirk/.local/share/nvim/mason/packages/lua-language-server/libexec/meta/LuaJIT%20en-us%20utf8/string.lua
[12:22:47.404][info] [#0:script/workspace/workspace.lua:353]: Scan library at:	file:///home/kirk/.local/share/nvim/mason/packages/lua-language-server/libexec/meta/LuaJIT%20en-us%20utf8/jit.lua
[12:22:47.404][info] [#0:script/workspace/workspace.lua:353]: Scan library at:	file:///home/kirk/.local/share/nvim/mason/packages/lua-language-server/libexec/meta/LuaJIT%20en-us%20utf8/table.lua
[12:22:47.404][info] [#0:script/workspace/workspace.lua:353]: Scan library at:	file:///usr/share/nvim/runtime/lua
[12:22:47.414][info] [#0:script/workspace/workspace.lua:353]: Scan library at:	file:///home/kirk/.local/share/nvim/mason/packages/lua-language-server/libexec/meta/LuaJIT%20en-us%20utf8/io.lua
[12:22:47.414][info] [#0:script/workspace/workspace.lua:353]: Scan library at:	file:///home/kirk/.local/share/nvim/mason/packages/lua-language-server/libexec/meta/LuaJIT%20en-us%20utf8/math.lua
[12:22:47.415][info] [#0:script/workspace/workspace.lua:353]: Scan library at:	file:///home/kirk/.local/share/nvim/mason/packages/lua-language-server/libexec/meta/LuaJIT%20en-us%20utf8/builtin.lua
[12:22:47.515][info] [#0:script/workspace/workspace.lua:379]: Found 11 files at:	<fallback>
[12:22:47.515][info] [#0:script/workspace/loading.lua:160]: Load files from disk:	<fallback>
[12:22:47.515][info] [#0:script/workspace/workspace.lua:379]: Found 121 files at:	file:///home/kirk/.local/share/nvim/lazy/cmp-nvim-lsp
[12:22:47.515][info] [#0:script/workspace/loading.lua:160]: Load files from disk:	file:///home/kirk/.local/share/nvim/lazy/cmp-nvim-lsp
[12:22:47.517][info] [#0:script/workspace/loading.lua:100]: Preload file at: file:///home/kirk/.local/share/nvim/mason/packages/lua-language-server/libexec/meta/Lua%205.4%20en-us%20utf8/table.lua , size = 4.445 KB
[12:22:47.519][info] [#0:script/workspace/loading.lua:112]: ++++As library of:	file:///home/kirk/.local/share/nvim/mason/packages/lua-language-server/libexec/meta/Lua%205.4%20en-us%20utf8/table.lua
[12:22:47.519][info] [#0:script/workspace/loading.lua:100]: Preload file at: file:///home/kirk/.local/share/nvim/mason/packages/lua-language-server/libexec/meta/LuaJIT%20en-us%20utf8/builtin.lua , size = 0.302 KB
[12:22:47.520][info] [#0:script/workspace/loading.lua:112]: ++++As library of:	file:///home/kirk/.local/share/nvim/mason/packages/lua-language-server/libexec/meta/LuaJIT%20en-us%20utf8/builtin.lua
[12:22:47.520][info] [#0:script/workspace/loading.lua:100]: Preload file at: file:///home/kirk/.local/share/nvim/mason/packages/lua-language-server/libexec/meta/Lua%205.4%20en-us%20utf8/builtin.lua , size = 0.302 KB
[12:22:47.520][info] [#0:script/workspace/loading.lua:112]: ++++As library of:	file:///home/kirk/.local/share/nvim/mason/packages/lua-language-server/libexec/meta/Lua%205.4%20en-us%20utf8/builtin.lua
[12:22:47.520][info] [#0:script/workspace/loading.lua:100]: Preload file at: file:///home/kirk/.local/share/nvim/mason/packages/lua-language-server/libexec/meta/LuaJIT%20en-us%20utf8/math.lua , size = 7.949 KB
[12:22:47.525][info] [#0:script/workspace/loading.lua:112]: ++++As library of:	file:///home/kirk/.local/share/nvim/mason/packages/lua-language-server/libexec/meta/LuaJIT%20en-us%20utf8/math.lua
[12:22:47.525][info] [#0:script/workspace/loading.lua:100]: Preload file at: file:///home/kirk/.local/share/nvim/mason/packages/lua-language-server/libexec/meta/Lua%205.4%20en-us%20utf8/basic.lua , size = 15.841 KB
[12:22:47.532][info] [#0:script/workspace/loading.lua:112]: ++++As library of:	file:///home/kirk/.local/share/nvim/mason/packages/lua-language-server/libexec/meta/Lua%205.4%20en-us%20utf8/basic.lua
[12:22:47.532][info] [#0:script/workspace/loading.lua:100]: Preload file at: file:///home/kirk/.local/share/nvim/mason/packages/lua-language-server/libexec/meta/LuaJIT%20en-us%20utf8/io.lua , size = 6.364 KB
[12:22:47.535][info] [#0:script/workspace/loading.lua:112]: ++++As library of:	file:///home/kirk/.local/share/nvim/mason/packages/lua-language-server/libexec/meta/LuaJIT%20en-us%20utf8/io.lua
[12:22:47.535][info] [#0:script/workspace/loading.lua:100]: Preload file at: file:///home/kirk/.local/share/nvim/mason/packages/lua-language-server/libexec/meta/Lua%205.4%20en-us%20utf8/os.lua , size = 5.600 KB
[12:22:47.538][info] [#0:script/workspace/loading.lua:112]: ++++As library of:	file:///home/kirk/.local/share/nvim/mason/packages/lua-language-server/libexec/meta/Lua%205.4%20en-us%20utf8/os.lua
[12:22:47.538][info] [#0:script/workspace/loading.lua:100]: Preload file at: file:///home/kirk/.local/share/nvim/mason/packages/lua-language-server/libexec/meta/Lua%205.4%20en-us%20utf8/coroutine.lua , size = 2.590 KB
[12:22:47.539][info] [#0:script/workspace/loading.lua:112]: ++++As library of:	file:///home/kirk/.local/share/nvim/mason/packages/lua-language-server/libexec/meta/Lua%205.4%20en-us%20utf8/coroutine.lua
[12:22:47.539][info] [#0:script/workspace/loading.lua:100]: Preload file at: file:///usr/share/nvim/runtime/lua/provider/clipboard/health.lua , size = 1.151 KB
[12:22:47.540][info] [#0:script/workspace/loading.lua:112]: ++++As library of:	file:///usr/share/nvim/runtime/lua
[12:22:47.540][info] [#0:script/workspace/loading.lua:100]: Preload file at: file:///usr/share/nvim/runtime/lua/nvim/health.lua , size = 12.509 KB
[12:22:47.545][info] [#0:script/workspace/loading.lua:112]: ++++As library of:	file:///usr/share/nvim/runtime/lua
[12:22:47.545][info] [#0:script/workspace/loading.lua:100]: Preload file at: file:///home/kirk/.local/share/nvim/mason/packages/lua-language-server/libexec/meta/Lua%205.4%20en-us%20utf8/io.lua , size = 6.364 KB
[12:22:47.548][info] [#0:script/workspace/loading.lua:112]: ++++As library of:	file:///home/kirk/.local/share/nvim/mason/packages/lua-language-server/libexec/meta/Lua%205.4%20en-us%20utf8/io.lua
[12:22:47.548][info] [#0:script/workspace/loading.lua:100]: Preload file at: file:///usr/share/nvim/runtime/lua/provider/node/health.lua , size = 3.375 KB
[12:22:47.550][info] [#0:script/workspace/loading.lua:112]: ++++As library of:	file:///usr/share/nvim/runtime/lua
[12:22:47.550][info] [#0:script/workspace/loading.lua:100]: Preload file at: file:///home/kirk/.local/share/nvim/mason/packages/lua-language-server/libexec/meta/Lua%205.4%20en-us%20utf8/utf8.lua , size = 2.386 KB
[12:22:47.551][info] [#0:script/workspace/loading.lua:112]: ++++As library of:	file:///home/kirk/.local/share/nvim/mason/packages/lua-language-server/libexec/meta/Lua%205.4%20en-us%20utf8/utf8.lua
[12:22:47.551][info] [#0:script/workspace/loading.lua:100]: Preload file at: file:///usr/share/nvim/runtime/lua/provider/perl/health.lua , size = 2.752 KB
[12:22:47.552][info] [#0:script/workspace/loading.lua:112]: ++++As library of:	file:///usr/share/nvim/runtime/lua
[12:22:47.552][info] [#0:script/workspace/loading.lua:100]: Preload file at: file:///home/kirk/.local/share/nvim/mason/packages/lua-language-server/libexec/meta/Lua%205.4%20en-us%20utf8/debug.lua , size = 7.637 KB
[12:22:47.558][info] [#0:script/workspace/loading.lua:112]: ++++As library of:	file:///home/kirk/.local/share/nvim/mason/packages/lua-language-server/libexec/meta/Lua%205.4%20en-us%20utf8/debug.lua
[12:22:47.559][info] [#0:script/workspace/loading.lua:100]: Preload file at: file:///usr/share/nvim/runtime/lua/provider/python/health.lua , size = 16.369 KB
[12:22:47.564][info] [#0:script/workspace/loading.lua:112]: ++++As library of:	file:///usr/share/nvim/runtime/lua
[12:22:47.564][info] [#0:script/workspace/loading.lua:100]: Preload file at: file:///home/kirk/.local/share/nvim/mason/packages/lua-language-server/libexec/meta/Lua%205.4%20en-us%20utf8/math.lua , size = 8.509 KB
[12:22:47.567][info] [#0:script/workspace/loading.lua:112]: ++++As library of:	file:///home/kirk/.local/share/nvim/mason/packages/lua-language-server/libexec/meta/Lua%205.4%20en-us%20utf8/math.lua
[12:22:47.568][info] [#0:script/workspace/loading.lua:100]: Preload file at: file:///usr/share/nvim/runtime/lua/provider/ruby/health.lua , size = 2.211 KB
[12:22:47.569][info] [#0:script/workspace/loading.lua:112]: ++++As library of:	file:///usr/share/nvim/runtime/lua
[12:22:47.569][info] [#0:script/workspace/loading.lua:100]: Preload file at: file:///home/kirk/.local/share/nvim/mason/packages/lua-language-server/libexec/meta/Lua%205.4%20en-us%20utf8/string.lua , size = 6.327 KB
[12:22:47.571][info] [#0:script/workspace/loading.lua:112]: ++++As library of:	file:///home/kirk/.local/share/nvim/mason/packages/lua-language-server/libexec/meta/Lua%205.4%20en-us%20utf8/string.lua
[12:22:47.572][info] [#0:script/workspace/loading.lua:100]: Preload file at: file:///usr/share/nvim/runtime/lua/vim/_meta/api.lua , size = 97.323 KB
[12:22:47.598][info] [#0:script/workspace/loading.lua:112]: ++++As library of:	file:///usr/share/nvim/runtime/lua
[12:22:47.598][info] [#0:script/workspace/loading.lua:100]: Preload file at: file:///home/kirk/.local/share/nvim/mason/packages/lua-language-server/libexec/meta/Lua%205.4%20en-us%20utf8/package.lua , size = 2.944 KB
[12:22:47.599][info] [#0:script/workspace/loading.lua:112]: ++++As library of:	file:///home/kirk/.local/share/nvim/mason/packages/lua-language-server/libexec/meta/Lua%205.4%20en-us%20utf8/package.lua
[12:22:47.599][info] [#0:script/workspace/loading.lua:100]: Preload file at: file:///usr/share/nvim/runtime/lua/vim/_meta/api_keysets.lua , size = 8.292 KB
[12:22:47.604][info] [#0:script/workspace/loading.lua:112]: ++++As library of:	file:///usr/share/nvim/runtime/lua
[12:22:47.604][info] [#0:script/workspace/loading.lua:100]: Preload file at: file:///usr/share/nvim/runtime/lua/vim/_meta/api_keysets_extra.lua , size = 4.535 KB
[12:22:47.606][info] [#0:script/workspace/loading.lua:112]: ++++As library of:	file:///usr/share/nvim/runtime/lua
[12:22:47.606][info] [#0:script/workspace/loading.lua:100]: Preload file at: file:///usr/share/nvim/runtime/lua/vim/_meta/base64.lua , size = 0.307 KB
[12:22:47.607][info] [#0:script/workspace/loading.lua:112]: ++++As library of:	file:///usr/share/nvim/runtime/lua
[12:22:47.607][info] [#0:script/workspace/loading.lua:100]: Preload file at: file:///usr/share/nvim/runtime/lua/vim/_meta/builtin.lua , size = 11.183 KB
[12:22:47.610][info] [#0:script/workspace/loading.lua:112]: ++++As library of:	file:///usr/share/nvim/runtime/lua
[12:22:47.610][info] [#0:script/workspace/loading.lua:100]: Preload file at: file:///usr/share/nvim/runtime/lua/vim/_meta/builtin_types.lua , size = 3.362 KB
[12:22:47.618][info] [#0:script/workspace/loading.lua:112]: ++++As library of:	file:///usr/share/nvim/runtime/lua
[12:22:47.619][info] [#0:script/workspace/loading.lua:100]: Preload file at: file:///usr/share/nvim/runtime/lua/vim/_meta/diff.lua , size = 2.492 KB
[12:22:47.619][info] [#0:script/workspace/loading.lua:112]: ++++As library of:	file:///usr/share/nvim/runtime/lua
[12:22:47.620][info] [#0:script/workspace/loading.lua:100]: Preload file at: file:///usr/share/nvim/runtime/lua/vim/_meta/json.lua , size = 1.359 KB
[12:22:47.620][info] [#0:script/workspace/loading.lua:112]: ++++As library of:	file:///usr/share/nvim/runtime/lua
[12:22:47.620][info] [#0:script/workspace/loading.lua:100]: Preload file at: file:///usr/share/nvim/runtime/lua/vim/_meta/lpeg.lua , size = 15.348 KB
[12:22:47.624][info] [#0:script/workspace/loading.lua:112]: ++++As library of:	file:///usr/share/nvim/runtime/lua
[12:22:47.624][info] [#0:script/workspace/loading.lua:100]: Preload file at: file:///usr/share/nvim/runtime/lua/vim/_meta/misc.lua , size = 0.291 KB
[12:22:47.624][info] [#0:script/workspace/loading.lua:112]: ++++As library of:	file:///usr/share/nvim/runtime/lua
[12:22:47.624][info] [#0:script/workspace/loading.lua:100]: Preload file at: file:///usr/share/nvim/runtime/lua/vim/_meta/mpack.lua , size = 0.478 KB
[12:22:47.625][info] [#0:script/workspace/loading.lua:112]: ++++As library of:	file:///usr/share/nvim/runtime/lua
[12:22:47.625][info] [#0:script/workspace/loading.lua:100]: Preload file at: file:///usr/share/nvim/runtime/lua/vim/_meta/re.lua , size = 2.217 KB
[12:22:47.626][info] [#0:script/workspace/loading.lua:112]: ++++As library of:	file:///usr/share/nvim/runtime/lua
[12:22:47.626][info] [#0:script/workspace/loading.lua:100]: Preload file at: file:///usr/share/nvim/runtime/lua/vim/_meta/regex.lua , size = 1.347 KB
[12:22:47.626][info] [#0:script/workspace/loading.lua:112]: ++++As library of:	file:///usr/share/nvim/runtime/lua
[12:22:47.626][info] [#0:script/workspace/loading.lua:100]: Preload file at: file:///usr/share/nvim/runtime/lua/vim/_meta/spell.lua , size = 0.943 KB
[12:22:47.627][info] [#0:script/workspace/loading.lua:112]: ++++As library of:	file:///usr/share/nvim/runtime/lua
[12:22:47.627][info] [#0:script/workspace/loading.lua:100]: Preload file at: file:///usr/share/nvim/runtime/lua/vim/_meta/options.lua , size = 323.972 KB
[12:22:47.709][info] [#0:script/workspace/loading.lua:112]: ++++As library of:	file:///usr/share/nvim/runtime/lua
[12:22:47.709][info] [#0:script/workspace/loading.lua:100]: Preload file at: file:///usr/share/nvim/runtime/lua/vim/_meta/vvars.lua , size = 25.272 KB
[12:22:47.716][info] [#0:script/workspace/loading.lua:112]: ++++As library of:	file:///usr/share/nvim/runtime/lua
[12:22:47.716][info] [#0:script/workspace/loading.lua:100]: Preload file at: file:///usr/share/nvim/runtime/lua/vim/filetype/detect.lua , size = 57.151 KB
[12:22:47.753][info] [#0:script/workspace/loading.lua:112]: ++++As library of:	file:///usr/share/nvim/runtime/lua
[12:22:47.753][info] [#0:script/workspace/loading.lua:100]: Preload file at: file:///usr/share/nvim/runtime/lua/vim/_meta/vimfn.lua , size = 398.838 KB
[12:22:47.859][info] [#0:script/workspace/loading.lua:112]: ++++As library of:	file:///usr/share/nvim/runtime/lua
[12:22:47.859][info] [#0:script/workspace/loading.lua:172]: Loaded files takes [0.348] sec: <fallback>
[12:22:47.859][info] [#0:script/workspace/loading.lua:181]: Compile files takes [0.000] sec: <fallback>
[12:22:47.859][info] [#0:script/workspace/loading.lua:182]: Loaded finish:	<fallback>
[12:22:47.859][info] [#0:script/workspace/workspace.lua:381]: Preload finish at:	<fallback>
[12:22:47.862][info] [#0:script/workspace/loading.lua:100]: Preload file at: file:///usr/share/nvim/runtime/lua/vim/filetype/options.lua , size = 2.559 KB
[12:22:47.864][info] [#0:script/workspace/loading.lua:112]: ++++As library of:	file:///usr/share/nvim/runtime/lua
[12:22:47.864][info] [#0:script/workspace/loading.lua:100]: Preload file at: file:///usr/share/nvim/runtime/lua/vim/func/_memoize.lua , size = 1.354 KB
[12:22:47.865][info] [#0:script/workspace/loading.lua:112]: ++++As library of:	file:///usr/share/nvim/runtime/lua
[12:22:47.865][info] [#0:script/workspace/loading.lua:100]: Preload file at: file:///usr/share/nvim/runtime/lua/vim/lsp/_changetracking.lua , size = 11.492 KB
[12:22:47.870][info] [#0:script/workspace/loading.lua:112]: ++++As library of:	file:///usr/share/nvim/runtime/lua
[12:22:47.870][info] [#0:script/workspace/loading.lua:100]: Preload file at: file:///usr/share/nvim/runtime/lua/vim/lsp/_meta/protocol.lua , size = 175.343 KB
[12:22:47.909][info] [#0:script/workspace/loading.lua:112]: ++++As library of:	file:///usr/share/nvim/runtime/lua
[12:22:47.909][info] [#0:script/workspace/loading.lua:100]: Preload file at: file:///usr/share/nvim/runtime/lua/vim/lsp/_completion.lua , size = 8.965 KB
[12:22:47.913][info] [#0:script/workspace/loading.lua:112]: ++++As library of:	file:///usr/share/nvim/runtime/lua
[12:22:47.913][info] [#0:script/workspace/loading.lua:100]: Preload file at: file:///usr/share/nvim/runtime/lua/vim/lsp/_dynamic.lua , size = 2.973 KB
[12:22:47.915][info] [#0:script/workspace/loading.lua:112]: ++++As library of:	file:///usr/share/nvim/runtime/lua
[12:22:47.915][info] [#0:script/workspace/loading.lua:100]: Preload file at: file:///usr/share/nvim/runtime/lua/vim/lsp/_snippet_grammar.lua , size = 6.179 KB
[12:22:47.919][info] [#0:script/workspace/loading.lua:112]: ++++As library of:	file:///usr/share/nvim/runtime/lua
[12:22:47.919][info] [#0:script/workspace/loading.lua:100]: Preload file at: file:///usr/share/nvim/runtime/lua/vim/lsp/_tagfunc.lua , size = 2.787 KB
[12:22:47.920][info] [#0:script/workspace/loading.lua:112]: ++++As library of:	file:///usr/share/nvim/runtime/lua
[12:22:47.920][info] [#0:script/workspace/loading.lua:100]: Preload file at: file:///usr/share/nvim/runtime/lua/vim/lsp/_meta.lua , size = 0.440 KB
[12:22:47.921][info] [#0:script/workspace/loading.lua:112]: ++++As library of:	file:///usr/share/nvim/runtime/lua
[12:22:47.921][info] [#0:script/workspace/loading.lua:100]: Preload file at: file:///usr/share/nvim/runtime/lua/vim/lsp/_watchfiles.lua , size = 6.889 KB
[12:22:47.924][info] [#0:script/workspace/loading.lua:112]: ++++As library of:	file:///usr/share/nvim/runtime/lua
[12:22:47.924][info] [#0:script/workspace/loading.lua:100]: Preload file at: file:///usr/share/nvim/runtime/lua/vim/lsp/buf.lua , size = 31.091 KB
[12:22:47.935][info] [#0:script/workspace/loading.lua:112]: ++++As library of:	file:///usr/share/nvim/runtime/lua
[12:22:47.935][info] [#0:script/workspace/loading.lua:100]: Preload file at: file:///usr/share/nvim/runtime/lua/vim/lsp/client.lua , size = 38.013 KB
[12:22:47.950][info] [#0:script/workspace/loading.lua:112]: ++++As library of:	file:///usr/share/nvim/runtime/lua
[12:22:47.950][info] [#0:script/workspace/loading.lua:100]: Preload file at: file:///usr/share/nvim/runtime/lua/vim/lsp/codelens.lua , size = 9.336 KB
[12:22:47.955][info] [#0:script/workspace/loading.lua:112]: ++++As library of:	file:///usr/share/nvim/runtime/lua
[12:22:47.955][info] [#0:script/workspace/loading.lua:100]: Preload file at: file:///usr/share/nvim/runtime/lua/vim/lsp/diagnostic.lua , size = 14.140 KB
[12:22:47.961][info] [#0:script/workspace/loading.lua:112]: ++++As library of:	file:///usr/share/nvim/runtime/lua
[12:22:47.961][info] [#0:script/workspace/loading.lua:100]: Preload file at: file:///usr/share/nvim/runtime/lua/vim/lsp/handlers.lua , size = 26.904 KB
[12:22:47.972][info] [#0:script/workspace/loading.lua:112]: ++++As library of:	file:///usr/share/nvim/runtime/lua
[12:22:47.972][info] [#0:script/workspace/loading.lua:100]: Preload file at: file:///usr/share/nvim/runtime/lua/vim/lsp/health.lua , size = 5.398 KB
[12:22:47.974][info] [#0:script/workspace/loading.lua:112]: ++++As library of:	file:///usr/share/nvim/runtime/lua
[12:22:47.974][info] [#0:script/workspace/loading.lua:100]: Preload file at: file:///usr/share/nvim/runtime/lua/vim/lsp/inlay_hint.lua , size = 12.172 KB
[12:22:47.980][info] [#0:script/workspace/loading.lua:112]: ++++As library of:	file:///usr/share/nvim/runtime/lua
[12:22:47.980][info] [#0:script/workspace/loading.lua:100]: Preload file at: file:///usr/share/nvim/runtime/lua/vim/lsp/log.lua , size = 4.673 KB
[12:22:47.982][info] [#0:script/workspace/loading.lua:112]: ++++As library of:	file:///usr/share/nvim/runtime/lua
[12:22:47.983][info] [#0:script/workspace/loading.lua:100]: Preload file at: file:///usr/share/nvim/runtime/lua/vim/lsp/protocol.lua , size = 48.973 KB
[12:22:47.990][info] [#0:script/workspace/loading.lua:112]: ++++As library of:	file:///usr/share/nvim/runtime/lua
[12:22:47.990][info] [#0:script/workspace/loading.lua:100]: Preload file at: file:///usr/share/nvim/runtime/lua/vim/lsp/rpc.lua , size = 25.991 KB
[12:22:48.000][info] [#0:script/workspace/loading.lua:112]: ++++As library of:	file:///usr/share/nvim/runtime/lua
[12:22:48.001][info] [#0:script/workspace/loading.lua:100]: Preload file at: file:///usr/share/nvim/runtime/lua/vim/lsp/semantic_tokens.lua , size = 26.267 KB
[12:22:48.050][info] [#0:script/workspace/loading.lua:112]: ++++As library of:	file:///usr/share/nvim/runtime/lua
[12:22:48.050][info] [#0:script/workspace/loading.lua:100]: Preload file at: file:///usr/share/nvim/runtime/lua/vim/lsp/sync.lua , size = 16.226 KB
[12:22:48.056][info] [#0:script/workspace/loading.lua:112]: ++++As library of:	file:///usr/share/nvim/runtime/lua
[12:22:48.056][info] [#0:script/workspace/loading.lua:100]: Preload file at: file:///usr/share/nvim/runtime/lua/vim/lsp/util.lua , size = 77.311 KB
[12:22:48.087][info] [#0:script/workspace/loading.lua:112]: ++++As library of:	file:///usr/share/nvim/runtime/lua
[12:22:48.087][info] [#0:script/workspace/loading.lua:100]: Preload file at: file:///usr/share/nvim/runtime/lua/vim/provider/perl.lua , size = 1.998 KB
[12:22:48.088][info] [#0:script/workspace/loading.lua:112]: ++++As library of:	file:///usr/share/nvim/runtime/lua
[12:22:48.088][info] [#0:script/workspace/loading.lua:100]: Preload file at: file:///usr/share/nvim/runtime/lua/vim/provider/python.lua , size = 4.224 KB
[12:22:48.090][info] [#0:script/workspace/loading.lua:112]: ++++As library of:	file:///usr/share/nvim/runtime/lua
[12:22:48.090][info] [#0:script/workspace/loading.lua:100]: Preload file at: file:///usr/share/nvim/runtime/lua/vim/provider/ruby.lua , size = 1.563 KB
[12:22:48.091][info] [#0:script/workspace/loading.lua:112]: ++++As library of:	file:///usr/share/nvim/runtime/lua
[12:22:48.091][info] [#0:script/workspace/loading.lua:100]: Preload file at: file:///usr/share/nvim/runtime/lua/vim/treesitter/_fold.lua , size = 14.745 KB
[12:22:48.096][info] [#0:script/workspace/loading.lua:112]: ++++As library of:	file:///usr/share/nvim/runtime/lua
[12:22:48.097][info] [#0:script/workspace/loading.lua:100]: Preload file at: file:///usr/share/nvim/runtime/lua/vim/treesitter/_meta.lua , size = 4.483 KB
[12:22:48.099][info] [#0:script/workspace/loading.lua:112]: ++++As library of:	file:///usr/share/nvim/runtime/lua
[12:22:48.099][info] [#0:script/workspace/loading.lua:100]: Preload file at: file:///usr/share/nvim/runtime/lua/vim/treesitter/_query_linter.lua , size = 7.627 KB
[12:22:48.103][info] [#0:script/workspace/loading.lua:112]: ++++As library of:	file:///usr/share/nvim/runtime/lua
[12:22:48.103][info] [#0:script/workspace/loading.lua:100]: Preload file at: file:///usr/share/nvim/runtime/lua/vim/treesitter/_range.lua , size = 3.869 KB
[12:22:48.105][info] [#0:script/workspace/loading.lua:112]: ++++As library of:	file:///usr/share/nvim/runtime/lua
[12:22:48.106][info] [#0:script/workspace/loading.lua:100]: Preload file at: file:///usr/share/nvim/runtime/lua/vim/treesitter/dev.lua , size = 19.644 KB
[12:22:48.114][info] [#0:script/workspace/loading.lua:112]: ++++As library of:	file:///usr/share/nvim/runtime/lua
[12:22:48.114][info] [#0:script/workspace/loading.lua:100]: Preload file at: file:///usr/share/nvim/runtime/lua/vim/treesitter/health.lua , size = 0.856 KB
[12:22:48.115][info] [#0:script/workspace/loading.lua:112]: ++++As library of:	file:///usr/share/nvim/runtime/lua
[12:22:48.115][info] [#0:script/workspace/loading.lua:100]: Preload file at: file:///usr/share/nvim/runtime/lua/vim/treesitter/highlighter.lua , size = 11.811 KB
[12:22:48.120][info] [#0:script/workspace/loading.lua:112]: ++++As library of:	file:///usr/share/nvim/runtime/lua
[12:22:48.120][info] [#0:script/workspace/loading.lua:100]: Preload file at: file:///usr/share/nvim/runtime/lua/vim/treesitter/language.lua , size = 3.684 KB
[12:22:48.121][info] [#0:script/workspace/loading.lua:112]: ++++As library of:	file:///usr/share/nvim/runtime/lua
[12:22:48.122][info] [#0:script/workspace/loading.lua:100]: Preload file at: file:///usr/share/nvim/runtime/lua/vim/treesitter/languagetree.lua , size = 33.292 KB
[12:22:48.135][info] [#0:script/workspace/loading.lua:112]: ++++As library of:	file:///usr/share/nvim/runtime/lua
[12:22:48.135][info] [#0:script/workspace/loading.lua:100]: Preload file at: file:///usr/share/nvim/runtime/lua/vim/treesitter/query.lua , size = 32.301 KB
[12:22:48.147][info] [#0:script/workspace/loading.lua:112]: ++++As library of:	file:///usr/share/nvim/runtime/lua
[12:22:48.147][info] [#0:script/workspace/loading.lua:100]: Preload file at: file:///usr/share/nvim/runtime/lua/vim/ui/clipboard/osc52.lua , size = 2.137 KB
[12:22:48.149][info] [#0:script/workspace/loading.lua:112]: ++++As library of:	file:///usr/share/nvim/runtime/lua
[12:22:48.149][info] [#0:script/workspace/loading.lua:100]: Preload file at: file:///usr/share/nvim/runtime/lua/vim/F.lua , size = 1.076 KB
[12:22:48.149][info] [#0:script/workspace/loading.lua:112]: ++++As library of:	file:///usr/share/nvim/runtime/lua
[12:22:48.150][info] [#0:script/workspace/loading.lua:100]: Preload file at: file:///usr/share/nvim/runtime/lua/vim/_comment.lua , size = 8.743 KB
[12:22:48.153][info] [#0:script/workspace/loading.lua:112]: ++++As library of:	file:///usr/share/nvim/runtime/lua
[12:22:48.154][info] [#0:script/workspace/loading.lua:100]: Preload file at: file:///usr/share/nvim/runtime/lua/vim/_editor.lua , size = 34.475 KB
[12:22:48.168][info] [#0:script/workspace/loading.lua:112]: ++++As library of:	file:///usr/share/nvim/runtime/lua
[12:22:48.168][info] [#0:script/workspace/loading.lua:100]: Preload file at: file:///usr/share/nvim/runtime/lua/vim/_defaults.lua , size = 18.717 KB
[12:22:48.175][info] [#0:script/workspace/loading.lua:112]: ++++As library of:	file:///usr/share/nvim/runtime/lua
[12:22:48.175][info] [#0:script/workspace/loading.lua:100]: Preload file at: file:///usr/share/nvim/runtime/lua/vim/_init_packages.lua , size = 3.023 KB
[12:22:48.176][info] [#0:script/workspace/loading.lua:112]: ++++As library of:	file:///usr/share/nvim/runtime/lua
[12:22:48.176][info] [#0:script/workspace/loading.lua:100]: Preload file at: file:///usr/share/nvim/runtime/lua/vim/_inspector.lua , size = 7.668 KB
[12:22:48.180][info] [#0:script/workspace/loading.lua:112]: ++++As library of:	file:///usr/share/nvim/runtime/lua
[12:22:48.180][info] [#0:script/workspace/loading.lua:100]: Preload file at: file:///usr/share/nvim/runtime/lua/vim/_meta.lua , size = 0.977 KB
[12:22:48.181][info] [#0:script/workspace/loading.lua:112]: ++++As library of:	file:///usr/share/nvim/runtime/lua
[12:22:48.181][info] [#0:script/workspace/loading.lua:100]: Preload file at: file:///usr/share/nvim/runtime/lua/vim/_options.lua , size = 25.441 KB
[12:22:48.190][info] [#0:script/workspace/loading.lua:112]: ++++As library of:	file:///usr/share/nvim/runtime/lua
[12:22:48.190][info] [#0:script/workspace/loading.lua:100]: Preload file at: file:///usr/share/nvim/runtime/lua/vim/_system.lua , size = 9.216 KB
[12:22:48.195][info] [#0:script/workspace/loading.lua:112]: ++++As library of:	file:///usr/share/nvim/runtime/lua
[12:22:48.195][info] [#0:script/workspace/loading.lua:100]: Preload file at: file:///usr/share/nvim/runtime/lua/vim/_watch.lua , size = 8.901 KB
[12:22:48.199][info] [#0:script/workspace/loading.lua:112]: ++++As library of:	file:///usr/share/nvim/runtime/lua
[12:22:48.199][info] [#0:script/workspace/loading.lua:100]: Preload file at: file:///usr/share/nvim/runtime/lua/vim/diagnostic.lua , size = 69.172 KB
[12:22:48.228][info] [#0:script/workspace/loading.lua:112]: ++++As library of:	file:///usr/share/nvim/runtime/lua
[12:22:48.228][info] [#0:script/workspace/loading.lua:100]: Preload file at: file:///usr/share/nvim/runtime/lua/vim/filetype.lua , size = 68.524 KB
[12:22:48.252][info] [#0:script/workspace/loading.lua:112]: ++++As library of:	file:///usr/share/nvim/runtime/lua
[12:22:48.252][info] [#0:script/workspace/loading.lua:100]: Preload file at: file:///usr/share/nvim/runtime/lua/vim/fs.lua , size = 18.719 KB
[12:22:48.259][info] [#0:script/workspace/loading.lua:112]: ++++As library of:	file:///usr/share/nvim/runtime/lua
[12:22:48.260][info] [#0:script/workspace/loading.lua:100]: Preload file at: file:///usr/share/nvim/runtime/lua/vim/func.lua , size = 1.753 KB
[12:22:48.260][info] [#0:script/workspace/loading.lua:112]: ++++As library of:	file:///usr/share/nvim/runtime/lua
[12:22:48.260][info] [#0:script/workspace/loading.lua:100]: Preload file at: file:///usr/share/nvim/runtime/lua/vim/glob.lua , size = 3.001 KB
[12:22:48.262][info] [#0:script/workspace/loading.lua:112]: ++++As library of:	file:///usr/share/nvim/runtime/lua
[12:22:48.262][info] [#0:script/workspace/loading.lua:100]: Preload file at: file:///usr/share/nvim/runtime/lua/vim/health.lua , size = 12.685 KB
[12:22:48.328][info] [#0:script/workspace/loading.lua:112]: ++++As library of:	file:///usr/share/nvim/runtime/lua
[12:22:48.328][info] [#0:script/workspace/loading.lua:100]: Preload file at: file:///usr/share/nvim/runtime/lua/vim/highlight.lua , size = 4.526 KB
[12:22:48.330][info] [#0:script/workspace/loading.lua:112]: ++++As library of:	file:///usr/share/nvim/runtime/lua
[12:22:48.330][info] [#0:script/workspace/loading.lua:100]: Preload file at: file:///usr/share/nvim/runtime/lua/vim/inspect.lua , size = 8.864 KB
[12:22:48.334][info] [#0:script/workspace/loading.lua:112]: ++++As library of:	file:///usr/share/nvim/runtime/lua
[12:22:48.334][info] [#0:script/workspace/loading.lua:100]: Preload file at: file:///usr/share/nvim/runtime/lua/vim/keymap.lua , size = 3.682 KB
[12:22:48.336][info] [#0:script/workspace/loading.lua:112]: ++++As library of:	file:///usr/share/nvim/runtime/lua
[12:22:48.336][info] [#0:script/workspace/loading.lua:100]: Preload file at: file:///usr/share/nvim/runtime/lua/vim/iter.lua , size = 25.504 KB
[12:22:48.348][info] [#0:script/workspace/loading.lua:112]: ++++As library of:	file:///usr/share/nvim/runtime/lua
[12:22:48.348][info] [#0:script/workspace/loading.lua:100]: Preload file at: file:///usr/share/nvim/runtime/lua/vim/loader.lua , size = 15.741 KB
[12:22:48.356][info] [#0:script/workspace/loading.lua:112]: ++++As library of:	file:///usr/share/nvim/runtime/lua
[12:22:48.356][info] [#0:script/workspace/loading.lua:100]: Preload file at: file:///usr/share/nvim/runtime/lua/vim/lsp.lua , size = 40.430 KB
[12:22:48.371][info] [#0:script/workspace/loading.lua:112]: ++++As library of:	file:///usr/share/nvim/runtime/lua
[12:22:48.371][info] [#0:script/workspace/loading.lua:100]: Preload file at: file:///usr/share/nvim/runtime/lua/vim/provider.lua , size = 0.197 KB
[12:22:48.371][info] [#0:script/workspace/loading.lua:112]: ++++As library of:	file:///usr/share/nvim/runtime/lua
[12:22:48.371][info] [#0:script/workspace/loading.lua:100]: Preload file at: file:///usr/share/nvim/runtime/lua/vim/re.lua , size = 6.495 KB
[12:22:48.375][info] [#0:script/workspace/loading.lua:112]: ++++As library of:	file:///usr/share/nvim/runtime/lua
[12:22:48.375][info] [#0:script/workspace/loading.lua:100]: Preload file at: file:///usr/share/nvim/runtime/lua/vim/secure.lua , size = 5.018 KB
[12:22:48.377][info] [#0:script/workspace/loading.lua:112]: ++++As library of:	file:///usr/share/nvim/runtime/lua
[12:22:48.378][info] [#0:script/workspace/loading.lua:100]: Preload file at: file:///usr/share/nvim/runtime/lua/vim/shared.lua , size = 29.331 KB
[12:22:48.389][info] [#0:script/workspace/loading.lua:112]: ++++As library of:	file:///usr/share/nvim/runtime/lua
[12:22:48.390][info] [#0:script/workspace/loading.lua:100]: Preload file at: file:///usr/share/nvim/runtime/lua/vim/snippet.lua , size = 20.081 KB
[12:22:48.397][info] [#0:script/workspace/loading.lua:112]: ++++As library of:	file:///usr/share/nvim/runtime/lua
[12:22:48.398][info] [#0:script/workspace/loading.lua:100]: Preload file at: file:///usr/share/nvim/runtime/lua/vim/termcap.lua , size = 3.103 KB
[12:22:48.399][info] [#0:script/workspace/loading.lua:112]: ++++As library of:	file:///usr/share/nvim/runtime/lua
[12:22:48.399][info] [#0:script/workspace/loading.lua:100]: Preload file at: file:///usr/share/nvim/runtime/lua/vim/text.lua , size = 0.812 KB
[12:22:48.400][info] [#0:script/workspace/loading.lua:112]: ++++As library of:	file:///usr/share/nvim/runtime/lua
[12:22:48.400][info] [#0:script/workspace/loading.lua:100]: Preload file at: file:///usr/share/nvim/runtime/lua/vim/treesitter.lua , size = 14.036 KB
[12:22:48.405][info] [#0:script/workspace/loading.lua:112]: ++++As library of:	file:///usr/share/nvim/runtime/lua
[12:22:48.405][info] [#0:script/workspace/loading.lua:100]: Preload file at: file:///usr/share/nvim/runtime/lua/vim/ui.lua , size = 5.396 KB
[12:22:48.407][info] [#0:script/workspace/loading.lua:112]: ++++As library of:	file:///usr/share/nvim/runtime/lua
[12:22:48.407][info] [#0:script/workspace/loading.lua:100]: Preload file at: file:///usr/share/nvim/runtime/lua/vim/uri.lua , size = 3.571 KB
[12:22:48.409][info] [#0:script/workspace/loading.lua:112]: ++++As library of:	file:///usr/share/nvim/runtime/lua
[12:22:48.409][info] [#0:script/workspace/loading.lua:100]: Preload file at: file:///usr/share/nvim/runtime/lua/vim/version.lua , size = 13.605 KB
[12:22:48.415][info] [#0:script/workspace/loading.lua:112]: ++++As library of:	file:///usr/share/nvim/runtime/lua
[12:22:48.415][info] [#0:script/workspace/loading.lua:100]: Preload file at: file:///usr/share/nvim/runtime/lua/vim/vimhelp.lua , size = 0.967 KB
[12:22:48.416][info] [#0:script/workspace/loading.lua:112]: ++++As library of:	file:///usr/share/nvim/runtime/lua
[12:22:48.416][info] [#0:script/workspace/loading.lua:100]: Preload file at: file:///usr/share/nvim/runtime/lua/_vim9script.lua , size = 15.418 KB
[12:22:48.422][info] [#0:script/workspace/loading.lua:112]: ++++As library of:	file:///usr/share/nvim/runtime/lua
[12:22:48.422][info] [#0:script/workspace/loading.lua:100]: Preload file at: file:///usr/share/nvim/runtime/lua/coxpcall.lua , size = 3.451 KB
[12:22:48.423][info] [#0:script/workspace/loading.lua:112]: ++++As library of:	file:///usr/share/nvim/runtime/lua
[12:22:48.423][info] [#0:script/workspace/loading.lua:100]: Preload file at: file:///usr/share/nvim/runtime/lua/editorconfig.lua , size = 10.443 KB
[12:22:48.427][info] [#0:script/workspace/loading.lua:112]: ++++As library of:	file:///usr/share/nvim/runtime/lua
[12:22:48.427][info] [#0:script/workspace/loading.lua:100]: Preload file at: file:///usr/share/nvim/runtime/lua/man.lua , size = 23.687 KB
[12:22:48.437][info] [#0:script/workspace/loading.lua:112]: ++++As library of:	file:///usr/share/nvim/runtime/lua
[12:22:48.437][info] [#0:script/workspace/loading.lua:100]: Preload file at: file:///usr/share/nvim/runtime/lua/tohtml.lua , size = 42.432 KB
[12:22:48.457][info] [#0:script/workspace/loading.lua:112]: ++++As library of:	file:///usr/share/nvim/runtime/lua
[12:22:48.458][info] [#0:script/workspace/loading.lua:100]: Preload file at: file:///home/kirk/.local/share/nvim/mason/packages/lua-language-server/libexec/meta/LuaJIT%20en-us%20utf8/table.lua , size = 4.445 KB
[12:22:48.460][info] [#0:script/workspace/loading.lua:112]: ++++As library of:	file:///home/kirk/.local/share/nvim/mason/packages/lua-language-server/libexec/meta/LuaJIT%20en-us%20utf8/table.lua
[12:22:48.460][info] [#0:script/workspace/loading.lua:100]: Preload file at: file:///home/kirk/.local/share/nvim/mason/packages/lua-language-server/libexec/meta/LuaJIT%20en-us%20utf8/jit.lua , size = 0.884 KB
[12:22:48.461][info] [#0:script/workspace/loading.lua:112]: ++++As library of:	file:///home/kirk/.local/share/nvim/mason/packages/lua-language-server/libexec/meta/LuaJIT%20en-us%20utf8/jit.lua
[12:22:48.461][info] [#0:script/workspace/loading.lua:100]: Preload file at: file:///home/kirk/.local/share/nvim/mason/packages/lua-language-server/libexec/meta/LuaJIT%20en-us%20utf8/string.lua , size = 6.310 KB
[12:22:48.464][info] [#0:script/workspace/loading.lua:112]: ++++As library of:	file:///home/kirk/.local/share/nvim/mason/packages/lua-language-server/libexec/meta/LuaJIT%20en-us%20utf8/string.lua
[12:22:48.464][info] [#0:script/workspace/loading.lua:100]: Preload file at: file:///home/kirk/.local/share/nvim/mason/packages/lua-language-server/libexec/meta/LuaJIT%20en-us%20utf8/ffi.lua , size = 2.529 KB
[12:22:48.466][info] [#0:script/workspace/loading.lua:112]: ++++As library of:	file:///home/kirk/.local/share/nvim/mason/packages/lua-language-server/libexec/meta/LuaJIT%20en-us%20utf8/ffi.lua
[12:22:48.466][info] [#0:script/workspace/loading.lua:100]: Preload file at: file:///home/kirk/.local/share/nvim/mason/packages/lua-language-server/libexec/meta/LuaJIT%20en-us%20utf8/bit.lua , size = 1.319 KB
[12:22:48.467][info] [#0:script/workspace/loading.lua:112]: ++++As library of:	file:///home/kirk/.local/share/nvim/mason/packages/lua-language-server/libexec/meta/LuaJIT%20en-us%20utf8/bit.lua
[12:22:48.467][info] [#0:script/workspace/loading.lua:100]: Preload file at: file:///home/kirk/.local/share/nvim/mason/packages/lua-language-server/libexec/meta/LuaJIT%20en-us%20utf8/coroutine.lua , size = 2.541 KB
[12:22:48.469][info] [#0:script/workspace/loading.lua:112]: ++++As library of:	file:///home/kirk/.local/share/nvim/mason/packages/lua-language-server/libexec/meta/LuaJIT%20en-us%20utf8/coroutine.lua
[12:22:48.469][info] [#0:script/workspace/loading.lua:100]: Preload file at: file:///home/kirk/.local/share/nvim/mason/packages/lua-language-server/libexec/meta/LuaJIT%20en-us%20utf8/basic.lua , size = 15.443 KB
[12:22:48.475][info] [#0:script/workspace/loading.lua:112]: ++++As library of:	file:///home/kirk/.local/share/nvim/mason/packages/lua-language-server/libexec/meta/LuaJIT%20en-us%20utf8/basic.lua
[12:22:48.475][info] [#0:script/workspace/loading.lua:100]: Preload file at: file:///home/kirk/.local/share/nvim/mason/packages/lua-language-server/libexec/meta/LuaJIT%20en-us%20utf8/table/new.lua , size = 0.642 KB
[12:22:48.475][info] [#0:script/workspace/loading.lua:112]: ++++As library of:	file:///home/kirk/.local/share/nvim/mason/packages/lua-language-server/libexec/meta/LuaJIT%20en-us%20utf8/table/new.lua
[12:22:48.475][info] [#0:script/workspace/loading.lua:100]: Preload file at: file:///home/kirk/.local/share/nvim/mason/packages/lua-language-server/libexec/meta/LuaJIT%20en-us%20utf8/os.lua , size = 5.600 KB
[12:22:48.478][info] [#0:script/workspace/loading.lua:112]: ++++As library of:	file:///home/kirk/.local/share/nvim/mason/packages/lua-language-server/libexec/meta/LuaJIT%20en-us%20utf8/os.lua
[12:22:48.478][info] [#0:script/workspace/loading.lua:88]: Skip loaded file: file:///home/kirk/.local/share/nvim/lazy/cmp-nvim-lsp/lua/cmp_nvim_lsp/init.lua
[12:22:48.478][info] [#0:script/workspace/loading.lua:112]: ++++As library of:	file:///home/kirk/.local/share/nvim/lazy/cmp-nvim-lsp/lua
[12:22:48.478][info] [#0:script/workspace/loading.lua:100]: Preload file at: file:///home/kirk/.local/share/nvim/lazy/cmp-nvim-lsp/lua/cmp_nvim_lsp/source.lua , size = 4.343 KB
[12:22:48.480][info] [#0:script/workspace/loading.lua:112]: ++++As library of:	file:///home/kirk/.local/share/nvim/lazy/cmp-nvim-lsp/lua
[12:22:48.480][info] [#0:script/workspace/loading.lua:100]: Preload file at: file:///home/kirk/.local/share/nvim/mason/packages/lua-language-server/libexec/meta/LuaJIT%20en-us%20utf8/package.lua , size = 2.699 KB
[12:22:48.481][info] [#0:script/workspace/loading.lua:112]: ++++As library of:	file:///home/kirk/.local/share/nvim/mason/packages/lua-language-server/libexec/meta/LuaJIT%20en-us%20utf8/package.lua
[12:22:48.482][info] [#0:script/workspace/loading.lua:100]: Preload file at: file:///home/kirk/.local/share/nvim/mason/packages/lua-language-server/libexec/meta/LuaJIT%20en-us%20utf8/string/buffer.lua , size = 18.123 KB
[12:22:48.485][info] [#0:script/workspace/loading.lua:112]: ++++As library of:	file:///home/kirk/.local/share/nvim/mason/packages/lua-language-server/libexec/meta/LuaJIT%20en-us%20utf8/string/buffer.lua
[12:22:48.485][info] [#0:script/workspace/loading.lua:100]: Preload file at: file:///home/kirk/.local/share/nvim/mason/packages/lua-language-server/libexec/meta/LuaJIT%20en-us%20utf8/jit/util.lua , size = 1.984 KB
[12:22:48.487][info] [#0:script/workspace/loading.lua:112]: ++++As library of:	file:///home/kirk/.local/share/nvim/mason/packages/lua-language-server/libexec/meta/LuaJIT%20en-us%20utf8/jit/util.lua
[12:22:48.487][info] [#0:script/workspace/loading.lua:100]: Preload file at: file:///home/kirk/.local/share/nvim/mason/packages/lua-language-server/libexec/meta/LuaJIT%20en-us%20utf8/debug.lua , size = 7.310 KB
[12:22:48.490][info] [#0:script/workspace/loading.lua:112]: ++++As library of:	file:///home/kirk/.local/share/nvim/mason/packages/lua-language-server/libexec/meta/LuaJIT%20en-us%20utf8/debug.lua
[12:22:48.594][info] [#0:script/workspace/loading.lua:100]: Preload file at: file:///home/kirk/.local/share/nvim/mason/packages/lua-language-server/libexec/meta/LuaJIT%20en-us%20utf8/table/clear.lua , size = 0.797 KB
[12:22:48.594][info] [#0:script/workspace/loading.lua:112]: ++++As library of:	file:///home/kirk/.local/share/nvim/mason/packages/lua-language-server/libexec/meta/LuaJIT%20en-us%20utf8/table/clear.lua
[12:22:48.594][info] [#0:script/workspace/loading.lua:100]: Preload file at: file:///home/kirk/.local/share/nvim/mason/packages/lua-language-server/libexec/meta/LuaJIT%20en-us%20utf8/jit/profile.lua , size = 0.348 KB
[12:22:48.595][info] [#0:script/workspace/loading.lua:112]: ++++As library of:	file:///home/kirk/.local/share/nvim/mason/packages/lua-language-server/libexec/meta/LuaJIT%20en-us%20utf8/jit/profile.lua
[12:22:48.595][info] [#0:script/workspace/loading.lua:100]: Preload file at: file:///home/kirk/.local/share/nvim/lazy/cmp-nvim-lsp/after/plugin/cmp_nvim_lsp.lua , size = 0.031 KB
[12:22:48.697][info] [#0:script/workspace/loading.lua:172]: Loaded files takes [0.985] sec: file:///home/kirk/.local/share/nvim/lazy/cmp-nvim-lsp
[12:22:48.697][info] [#0:script/workspace/loading.lua:181]: Compile files takes [0.000] sec: file:///home/kirk/.local/share/nvim/lazy/cmp-nvim-lsp
[12:22:48.697][info] [#0:script/workspace/loading.lua:182]: Loaded finish:	file:///home/kirk/.local/share/nvim/lazy/cmp-nvim-lsp
[12:22:48.697][info] [#0:script/workspace/workspace.lua:381]: Preload finish at:	file:///home/kirk/.local/share/nvim/lazy/cmp-nvim-lsp
[12:22:48.708][warn] [#0:script/proto/proto.lua:189]: Method [textDocument/didOpen] takes [1.034]sec. {
  jsonrpc = "2.0",
  method = "textDocument/didOpen",
  params = {
    textDocument = {
      languageId = "lua",
      text = '"***"',
      uri = "file:///home/kirk/.local/share/nvim/lazy/cmp-nvim-lsp/lua/cmp_nvim_lsp/init.lua",
      version = 0
    }
  }
}
[12:22:48.723][info] [#0:script/provider/diagnostic.lua:560]: Diagnostics scope [file:///home/kirk/.local/share/nvim/lazy/cmp-nvim-lsp], files count:[121]
[12:22:48.737][warn] [#0:script/proto/proto.lua:189]: Method [textDocument/semanticTokens/full] takes [1.032]sec. {
  id = 8,
  jsonrpc = "2.0",
  method = "textDocument/semanticTokens/full",
  params = {
    textDocument = {
      uri = "file:///home/kirk/.local/share/nvim/lazy/cmp-nvim-lsp/lua/cmp_nvim_lsp/init.lua"
    }
  }
}
[12:22:48.753][warn] [#0:script/proto/proto.lua:189]: Method [textDocument/documentSymbol] takes [1.069]sec. {
  id = 3,
  jsonrpc = "2.0",
  method = "textDocument/documentSymbol",
  params = {
    textDocument = {
      uri = "file:///home/kirk/.local/share/nvim/lazy/cmp-nvim-lsp/lua/cmp_nvim_lsp/init.lua"
    }
  }
}
[12:22:48.811][info] [#0:script/provider/diagnostic.lua:577]: Diagnostics scope [file:///home/kirk/.local/share/nvim/lazy/cmp-nvim-lsp] finished, takes [0.044] sec.
[12:29:29.848][info] [#0:script/provider/diagnostic.lua:560]: Diagnostics scope [file:///home/kirk/.local/share/nvim/lazy/cmp-nvim-lsp], files count:[121]
[12:29:29.904][info] [#0:script/provider/diagnostic.lua:577]: Diagnostics scope [file:///home/kirk/.local/share/nvim/lazy/cmp-nvim-lsp] finished, takes [0.019] sec.
[12:29:52.652][warn] [#0:script/pub/report.lua:24]: Load proto error:	Disconnected!
